SF:lib/data/db/app_database.g.dart
DA:11,3
DA:14,6
DA:16,3
DA:23,6
DA:25,3
DA:32,6
DA:34,3
DA:43,6
DA:45,3
DA:54,6
DA:56,3
DA:66,6
DA:68,3
DA:72,3
DA:81,6
DA:83,3
DA:87,3
DA:96,6
DA:98,3
DA:108,6
DA:110,3
DA:116,3
DA:117,3
DA:118,3
DA:119,3
DA:120,3
DA:121,3
DA:122,3
DA:123,3
DA:124,3
DA:125,3
DA:126,3
DA:128,3
DA:129,6
DA:130,3
DA:133,1
DA:138,1
DA:139,1
DA:140,1
DA:141,4
DA:143,0
DA:145,1
DA:146,1
DA:148,3
DA:151,0
DA:153,1
DA:154,1
DA:156,3
DA:159,1
DA:160,1
DA:162,2
DA:163,1
DA:168,1
DA:169,1
DA:171,2
DA:172,1
DA:177,1
DA:178,1
DA:180,2
DA:181,1
DA:186,1
DA:187,1
DA:189,3
DA:192,1
DA:193,0
DA:195,0
DA:198,1
DA:199,1
DA:201,3
DA:207,3
DA:208,3
DA:209,1
DA:211,0
DA:212,1
DA:213,3
DA:215,2
DA:217,3
DA:219,2
DA:221,3
DA:223,2
DA:225,3
DA:227,2
DA:229,3
DA:231,2
DA:233,3
DA:235,2
DA:237,3
DA:239,2
DA:241,3
DA:243,2
DA:245,3
DA:247,2
DA:252,1
DA:254,2
DA:268,1
DA:279,0
DA:281,0
DA:282,0
DA:283,0
DA:284,0
DA:285,0
DA:286,0
DA:287,0
DA:288,0
DA:289,0
DA:290,0
DA:294,0
DA:295,0
DA:296,0
DA:297,0
DA:298,0
DA:299,0
DA:300,0
DA:301,0
DA:302,0
DA:303,0
DA:304,0
DA:308,0
DA:312,0
DA:313,0
DA:314,0
DA:315,0
DA:316,0
DA:317,0
DA:318,0
DA:319,0
DA:320,0
DA:321,0
DA:322,0
DA:325,0
DA:327,0
DA:328,0
DA:329,0
DA:330,0
DA:331,0
DA:332,0
DA:333,0
DA:334,0
DA:335,0
DA:336,0
DA:337,0
DA:341,0
DA:351,0
DA:352,0
DA:353,0
DA:354,0
DA:355,0
DA:356,0
DA:357,0
DA:358,0
DA:359,0
DA:360,0
DA:362,0
DA:363,0
DA:364,0
DA:365,0
DA:366,0
DA:367,0
DA:368,0
DA:369,0
DA:370,0
DA:371,0
DA:372,0
DA:373,0
DA:374,0
DA:375,0
DA:376,0
DA:377,0
DA:378,0
DA:382,0
DA:384,0
DA:385,0
DA:386,0
DA:387,0
DA:388,0
DA:389,0
DA:390,0
DA:391,0
DA:392,0
DA:393,0
DA:394,0
DA:395,0
DA:398,0
DA:399,0
DA:400,0
DA:401,0
DA:402,0
DA:403,0
DA:404,0
DA:405,0
DA:406,0
DA:407,0
DA:408,0
DA:410,0
DA:413,0
DA:414,0
DA:415,0
DA:416,0
DA:417,0
DA:418,0
DA:419,0
DA:420,0
DA:421,0
DA:422,0
DA:436,1
DA:448,0
DA:459,0
DA:460,0
DA:461,0
DA:473,0
DA:474,0
DA:475,0
DA:476,0
DA:477,0
DA:478,0
DA:479,0
DA:480,0
DA:481,0
DA:482,0
DA:483,0
DA:487,0
DA:499,0
DA:500,0
DA:501,0
DA:502,0
DA:503,0
DA:504,0
DA:505,0
DA:506,0
DA:507,0
DA:508,0
DA:509,0
DA:513,1
DA:515,1
DA:516,2
DA:517,4
DA:519,2
DA:520,4
DA:522,2
DA:523,4
DA:525,2
DA:526,4
DA:528,2
DA:529,4
DA:531,2
DA:532,4
DA:534,2
DA:535,4
DA:537,2
DA:538,0
DA:540,2
DA:541,4
DA:543,2
DA:544,0
DA:549,0
DA:551,0
DA:552,0
DA:553,0
DA:554,0
DA:555,0
DA:556,0
DA:557,0
DA:558,0
DA:559,0
DA:560,0
DA:561,0
DA:562,0
DA:563,0
DA:572,3
DA:575,6
DA:577,3
DA:582,3
DA:590,6
DA:592,3
DA:601,6
DA:603,3
DA:612,6
DA:614,3
DA:618,3
DA:627,6
DA:629,3
DA:635,3
DA:636,3
DA:637,3
DA:638,3
DA:639,3
DA:640,3
DA:641,3
DA:643,3
DA:644,6
DA:645,3
DA:648,2
DA:653,2
DA:654,2
DA:655,2
DA:656,0
DA:658,2
DA:659,2
DA:661,4
DA:662,2
DA:667,0
DA:669,2
DA:670,2
DA:672,4
DA:673,2
DA:678,0
DA:680,2
DA:681,2
DA:683,6
DA:686,2
DA:687,0
DA:689,0
DA:695,3
DA:696,3
DA:697,1
DA:702,0
DA:703,1
DA:704,3
DA:706,2
DA:708,3
DA:710,2
DA:712,3
DA:714,2
DA:716,3
DA:718,2
DA:720,3
DA:722,2
DA:727,0
DA:729,0
DA:740,1
DA:747,0
DA:749,0
DA:750,0
DA:751,0
DA:752,0
DA:753,0
DA:754,0
DA:758,0
DA:759,0
DA:760,0
DA:761,0
DA:762,0
DA:763,0
DA:764,0
DA:768,0
DA:772,0
DA:773,0
DA:774,0
DA:775,0
DA:776,0
DA:777,0
DA:778,0
DA:781,0
DA:783,0
DA:784,0
DA:785,0
DA:786,0
DA:787,0
DA:788,0
DA:789,0
DA:793,0
DA:799,0
DA:800,0
DA:801,0
DA:802,0
DA:803,0
DA:804,0
DA:806,0
DA:807,0
DA:808,0
DA:809,0
DA:810,0
DA:811,0
DA:812,0
DA:813,0
DA:814,0
DA:815,0
DA:816,0
DA:820,0
DA:822,0
DA:823,0
DA:824,0
DA:825,0
DA:826,0
DA:827,0
DA:828,0
DA:829,0
DA:832,0
DA:834,0
DA:835,0
DA:838,0
DA:839,0
DA:840,0
DA:841,0
DA:842,0
DA:843,0
DA:853,0
DA:860,2
DA:866,2
DA:867,2
DA:868,0
DA:875,0
DA:876,0
DA:877,0
DA:878,0
DA:879,0
DA:880,0
DA:884,0
DA:891,0
DA:892,0
DA:893,0
DA:894,0
DA:895,0
DA:896,0
DA:900,2
DA:902,2
DA:903,4
DA:904,0
DA:906,4
DA:907,8
DA:909,4
DA:910,8
DA:912,4
DA:913,8
DA:915,4
DA:916,0
DA:921,0
DA:923,0
DA:924,0
DA:925,0
DA:926,0
DA:927,0
DA:928,0
DA:929,0
DA:930,0
DA:939,3
DA:942,6
DA:944,3
DA:949,3
DA:955,6
DA:957,3
DA:966,6
DA:968,3
DA:977,6
DA:979,3
DA:988,6
DA:990,3
DA:997,6
DA:999,3
DA:1008,6
DA:1010,3
DA:1016,3
DA:1017,3
DA:1018,3
DA:1019,3
DA:1020,3
DA:1021,3
DA:1022,3
DA:1023,3
DA:1024,3
DA:1026,3
DA:1027,6
DA:1028,3
DA:1031,1
DA:1036,1
DA:1037,1
DA:1038,1
DA:1039,0
DA:1041,1
DA:1042,1
DA:1044,3
DA:1047,1
DA:1048,1
DA:1050,3
DA:1053,1
DA:1054,1
DA:1056,2
DA:1057,1
DA:1062,1
DA:1063,1
DA:1065,3
DA:1068,1
DA:1069,1
DA:1071,3
DA:1074,1
DA:1075,0
DA:1077,0
DA:1083,3
DA:1084,3
DA:1085,1
DA:1087,0
DA:1088,1
DA:1089,3
DA:1091,2
DA:1093,3
DA:1095,2
DA:1097,3
DA:1099,2
DA:1101,3
DA:1103,2
DA:1105,3
DA:1107,2
DA:1109,3
DA:1111,2
DA:1113,3
DA:1115,2
DA:1120,0
DA:1122,0
DA:1135,1
DA:1144,0
DA:1146,0
DA:1147,0
DA:1148,0
DA:1149,0
DA:1151,0
DA:1152,0
DA:1154,0
DA:1155,0
DA:1157,0
DA:1158,0
DA:1160,0
DA:1161,0
DA:1163,0
DA:1167,0
DA:1168,0
DA:1169,0
DA:1170,0
DA:1171,0
DA:1173,0
DA:1174,0
DA:1176,0
DA:1177,0
DA:1179,0
DA:1180,0
DA:1182,0
DA:1183,0
DA:1187,0
DA:1191,0
DA:1192,0
DA:1193,0
DA:1194,0
DA:1195,0
DA:1196,0
DA:1197,0
DA:1198,0
DA:1199,0
DA:1202,0
DA:1204,0
DA:1205,0
DA:1206,0
DA:1207,0
DA:1208,0
DA:1209,0
DA:1210,0
DA:1211,0
DA:1212,0
DA:1216,0
DA:1224,0
DA:1225,0
DA:1226,0
DA:1227,0
DA:1228,0
DA:1229,0
DA:1230,0
DA:1231,0
DA:1233,0
DA:1234,0
DA:1235,0
DA:1236,0
DA:1237,0
DA:1238,0
DA:1239,0
DA:1240,0
DA:1241,0
DA:1242,0
DA:1243,0
DA:1247,0
DA:1249,0
DA:1250,0
DA:1251,0
DA:1252,0
DA:1253,0
DA:1254,0
DA:1255,0
DA:1256,0
DA:1257,0
DA:1258,0
DA:1261,0
DA:1262,0
DA:1263,0
DA:1264,0
DA:1265,0
DA:1266,0
DA:1267,0
DA:1268,0
DA:1269,0
DA:1271,0
DA:1274,0
DA:1275,0
DA:1276,0
DA:1277,0
DA:1278,0
DA:1279,0
DA:1280,0
DA:1281,0
DA:1292,0
DA:1301,1
DA:1310,0
DA:1319,0
DA:1320,0
DA:1321,0
DA:1322,0
DA:1323,0
DA:1324,0
DA:1325,0
DA:1326,0
DA:1330,0
DA:1339,0
DA:1340,0
DA:1341,0
DA:1342,0
DA:1343,0
DA:1344,0
DA:1345,0
DA:1346,0
DA:1350,1
DA:1352,1
DA:1353,2
DA:1354,0
DA:1356,2
DA:1357,4
DA:1359,2
DA:1360,4
DA:1362,2
DA:1363,4
DA:1365,2
DA:1366,4
DA:1368,2
DA:1369,4
DA:1371,2
DA:1372,0
DA:1377,0
DA:1379,0
DA:1380,0
DA:1381,0
DA:1382,0
DA:1383,0
DA:1384,0
DA:1385,0
DA:1386,0
DA:1387,0
DA:1388,0
DA:1397,3
DA:1400,6
DA:1402,3
DA:1409,6
DA:1411,3
DA:1420,6
DA:1422,3
DA:1431,6
DA:1433,3
DA:1437,3
DA:1446,6
DA:1448,3
DA:1454,3
DA:1455,3
DA:1456,3
DA:1457,3
DA:1458,3
DA:1459,3
DA:1460,3
DA:1462,3
DA:1463,6
DA:1464,3
DA:1467,2
DA:1472,2
DA:1473,2
DA:1474,2
DA:1475,8
DA:1477,0
DA:1479,2
DA:1480,2
DA:1482,6
DA:1485,0
DA:1487,2
DA:1488,2
DA:1490,6
DA:1493,0
DA:1495,2
DA:1496,2
DA:1498,6
DA:1501,2
DA:1502,0
DA:1504,0
DA:1510,3
DA:1511,3
DA:1512,2
DA:1514,0
DA:1515,2
DA:1516,6
DA:1518,4
DA:1520,6
DA:1522,4
DA:1524,6
DA:1526,4
DA:1528,6
DA:1530,4
DA:1532,6
DA:1534,4
DA:1539,2
DA:1541,4
DA:1552,2
DA:1559,0
DA:1561,0
DA:1562,0
DA:1563,0
DA:1564,0
DA:1565,0
DA:1566,0
DA:1570,0
DA:1571,0
DA:1572,0
DA:1573,0
DA:1574,0
DA:1575,0
DA:1576,0
DA:1580,0
DA:1584,0
DA:1585,0
DA:1586,0
DA:1587,0
DA:1588,0
DA:1589,0
DA:1590,0
DA:1593,0
DA:1595,0
DA:1596,0
DA:1597,0
DA:1598,0
DA:1599,0
DA:1600,0
DA:1601,0
DA:1605,0
DA:1611,0
DA:1612,0
DA:1613,0
DA:1614,0
DA:1615,0
DA:1616,0
DA:1618,0
DA:1619,0
DA:1620,0
DA:1621,0
DA:1622,0
DA:1623,0
DA:1624,0
DA:1625,0
DA:1626,0
DA:1630,0
DA:1632,0
DA:1633,0
DA:1634,0
DA:1635,0
DA:1636,0
DA:1637,0
DA:1638,0
DA:1639,0
DA:1642,0
DA:1643,0
DA:1644,0
DA:1647,0
DA:1648,0
DA:1649,0
DA:1650,0
DA:1651,0
DA:1652,0
DA:1662,1
DA:1670,1
DA:1677,1
DA:1678,1
DA:1679,1
DA:1680,0
DA:1688,0
DA:1689,0
DA:1690,0
DA:1691,0
DA:1692,0
DA:1693,0
DA:1694,0
DA:1698,0
DA:1706,0
DA:1707,0
DA:1708,0
DA:1709,0
DA:1710,0
DA:1711,0
DA:1712,0
DA:1716,2
DA:1718,2
DA:1719,4
DA:1720,8
DA:1722,4
DA:1723,8
DA:1725,4
DA:1726,8
DA:1728,4
DA:1729,8
DA:1731,4
DA:1732,0
DA:1734,4
DA:1735,0
DA:1740,0
DA:1742,0
DA:1743,0
DA:1744,0
DA:1745,0
DA:1746,0
DA:1747,0
DA:1748,0
DA:1749,0
DA:1750,0
DA:1755,8
DA:1756,0
DA:1757,6
DA:1758,3
DA:1759,3
DA:1760,6
DA:1763,6
DA:1766,0
DA:1768,0
DA:1769,3
DA:1770,3
DA:1771,3
DA:1772,3
DA:1773,3
DA:1774,3
DA:1807,0
DA:1814,0
DA:1815,0
DA:1816,0
DA:1819,0
DA:1820,0
DA:1821,0
DA:1824,0
DA:1825,0
DA:1826,0
DA:1829,0
DA:1830,0
DA:1831,0
DA:1834,0
DA:1835,0
DA:1836,0
DA:1839,0
DA:1840,0
DA:1841,0
DA:1844,0
DA:1845,0
DA:1846,0
DA:1849,0
DA:1850,0
DA:1851,0
DA:1854,0
DA:1855,0
DA:1856,0
DA:1862,0
DA:1869,0
DA:1870,0
DA:1871,0
DA:1874,0
DA:1875,0
DA:1876,0
DA:1879,0
DA:1880,0
DA:1881,0
DA:1884,0
DA:1885,0
DA:1886,0
DA:1889,0
DA:1890,0
DA:1891,0
DA:1894,0
DA:1895,0
DA:1896,0
DA:1899,0
DA:1900,0
DA:1901,0
DA:1904,0
DA:1905,0
DA:1906,0
DA:1909,0
DA:1910,0
DA:1911,0
DA:1917,0
DA:1924,0
DA:1925,0
DA:1927,0
DA:1928,0
DA:1930,0
DA:1931,0
DA:1933,0
DA:1934,0
DA:1935,0
DA:1938,0
DA:1939,0
DA:1940,0
DA:1943,0
DA:1944,0
DA:1945,0
DA:1948,0
DA:1949,0
DA:1951,0
DA:1952,0
DA:1954,0
DA:1955,0
DA:1976,0
DA:1977,0
DA:1978,0
DA:1981,0
DA:1982,0
DA:1983,0
DA:1984,0
DA:1985,0
DA:1986,0
DA:1988,0
DA:1999,0
DA:2012,0
DA:2023,0
DA:2035,0
DA:2036,0
DA:2037,0
DA:2079,0
DA:2086,0
DA:2087,0
DA:2088,0
DA:2091,0
DA:2092,0
DA:2093,0
DA:2096,0
DA:2097,0
DA:2098,0
DA:2101,0
DA:2102,0
DA:2103,0
DA:2106,0
DA:2107,0
DA:2108,0
DA:2114,0
DA:2121,0
DA:2122,0
DA:2123,0
DA:2126,0
DA:2127,0
DA:2128,0
DA:2131,0
DA:2132,0
DA:2133,0
DA:2136,0
DA:2137,0
DA:2138,0
DA:2141,0
DA:2142,0
DA:2143,0
DA:2149,0
DA:2156,0
DA:2157,0
DA:2159,0
DA:2160,0
DA:2161,0
DA:2164,0
DA:2165,0
DA:2166,0
DA:2169,0
DA:2170,0
DA:2172,0
DA:2173,0
DA:2198,0
DA:2201,0
DA:2202,0
DA:2205,0
DA:2206,0
DA:2207,0
DA:2208,0
DA:2212,0
DA:2213,0
DA:2218,0
DA:2224,0
DA:2232,0
DA:2238,0
DA:2245,0
DA:2246,0
DA:2247,0
DA:2297,0
DA:2304,0
DA:2305,0
DA:2306,0
DA:2309,0
DA:2310,0
DA:2311,0
DA:2314,0
DA:2315,0
DA:2316,0
DA:2319,0
DA:2320,0
DA:2321,0
DA:2324,0
DA:2325,0
DA:2326,0
DA:2329,0
DA:2330,0
DA:2331,0
DA:2334,0
DA:2335,0
DA:2336,0
DA:2342,0
DA:2349,0
DA:2350,0
DA:2351,0
DA:2354,0
DA:2355,0
DA:2356,0
DA:2359,0
DA:2360,0
DA:2361,0
DA:2364,0
DA:2365,0
DA:2366,0
DA:2369,0
DA:2370,0
DA:2371,0
DA:2374,0
DA:2375,0
DA:2376,0
DA:2379,0
DA:2380,0
DA:2381,0
DA:2387,0
DA:2394,0
DA:2395,0
DA:2397,0
DA:2398,0
DA:2400,0
DA:2401,0
DA:2403,0
DA:2404,0
DA:2405,0
DA:2408,0
DA:2409,0
DA:2411,0
DA:2412,0
DA:2414,0
DA:2415,0
DA:2440,0
DA:2443,0
DA:2444,0
DA:2447,0
DA:2448,0
DA:2449,0
DA:2450,0
DA:2451,0
DA:2452,0
DA:2454,0
DA:2462,0
DA:2472,0
DA:2480,0
DA:2489,0
DA:2490,0
DA:2491,0
DA:2539,0
DA:2546,0
DA:2547,0
DA:2548,0
DA:2551,0
DA:2552,0
DA:2553,0
DA:2556,0
DA:2557,0
DA:2558,0
DA:2561,0
DA:2562,0
DA:2563,0
DA:2566,0
DA:2567,0
DA:2568,0
DA:2574,0
DA:2581,0
DA:2582,0
DA:2583,0
DA:2586,0
DA:2587,0
DA:2588,0
DA:2591,0
DA:2592,0
DA:2593,0
DA:2596,0
DA:2597,0
DA:2598,0
DA:2601,0
DA:2602,0
DA:2603,0
DA:2609,0
DA:2616,0
DA:2617,0
DA:2619,0
DA:2620,0
DA:2622,0
DA:2623,0
DA:2624,0
DA:2627,0
DA:2628,0
DA:2630,0
DA:2631,0
DA:2656,0
DA:2659,0
DA:2660,0
DA:2663,0
DA:2664,0
DA:2665,0
DA:2666,0
DA:2667,0
DA:2668,0
DA:2670,0
DA:2677,0
DA:2686,0
DA:2693,0
DA:2701,0
DA:2702,0
DA:2703,0
DA:2733,0
DA:2734,0
DA:2735,0
DA:2736,0
DA:2737,0
DA:2738,0
DA:2739,0
DA:2740,0
DA:2741,0
LF:1136
LH:344
end_of_record
SF:lib/data/db/app_database.dart
DA:11,0
DA:12,0
DA:13,0
DA:14,0
DA:15,0
DA:16,0
DA:17,0
DA:18,0
DA:19,0
DA:20,0
DA:21,0
DA:23,0
DA:24,0
DA:28,0
DA:29,0
DA:30,0
DA:31,0
DA:32,0
DA:36,0
DA:37,0
DA:38,0
DA:39,0
DA:40,0
DA:41,0
DA:42,0
DA:46,0
DA:47,0
DA:48,0
DA:49,0
DA:50,0
DA:52,0
DA:53,0
DA:60,8
DA:62,3
DA:65,1
DA:66,3
DA:69,1
DA:70,4
DA:71,2
DA:72,1
DA:76,1
DA:79,1
DA:80,4
DA:81,2
DA:82,1
DA:86,1
DA:89,1
DA:90,7
DA:93,2
DA:98,6
DA:99,2
DA:102,2
DA:107,1
DA:114,3
DA:115,1
DA:116,1
DA:117,1
DA:118,1
DA:119,1
DA:120,1
DA:125,2
DA:126,6
DA:129,2
DA:130,8
DA:131,4
DA:132,2
DA:136,2
DA:139,1
DA:140,1
DA:141,1
DA:142,1
DA:143,6
DA:144,1
DA:147,1
DA:148,1
DA:149,1
DA:150,5
DA:154,0
DA:155,0
DA:156,0
DA:157,0
DA:158,0
LF:82
LH:45
end_of_record
SF:lib/data/repositories/reflections_repository.dart
DA:4,1
DA:8,1
DA:15,2
LF:3
LH:3
end_of_record
SF:lib/data/repositories/session_history_repository.dart
DA:4,3
DA:8,2
DA:13,4
LF:3
LH:3
end_of_record
SF:lib/data/repositories/sound_mix_repository.dart
DA:8,2
DA:21,1
DA:22,3
DA:26,2
DA:27,2
DA:29,1
DA:31,1
DA:32,2
DA:34,1
DA:35,1
DA:36,1
DA:39,2
DA:40,1
DA:43,1
DA:44,2
DA:53,2
DA:56,6
DA:58,1
DA:64,2
DA:65,1
DA:66,1
DA:67,1
DA:68,2
DA:69,1
DA:74,3
DA:76,3
LF:26
LH:26
end_of_record
SF:lib/data/repositories/tasks_repository.dart
DA:5,1
DA:9,3
DA:11,3
DA:13,1
DA:22,2
DA:23,1
DA:24,1
DA:25,1
DA:26,1
DA:27,1
DA:28,1
DA:29,1
DA:30,1
DA:31,2
DA:36,3
LF:15
LH:15
end_of_record
SF:lib/services/home_widget_service.dart
DA:5,6
DA:6,4
DA:7,2
DA:11,2
DA:14,2
DA:15,0
DA:21,1
DA:27,1
DA:28,0
DA:29,0
DA:30,0
DA:31,0
DA:32,0
LF:13
LH:7
end_of_record
SF:lib/services/notification_service.dart
DA:5,6
DA:6,4
DA:7,2
DA:22,2
DA:34,4
DA:36,0
DA:37,0
DA:40,0
DA:41,0
DA:49,0
DA:58,0
DA:64,0
DA:68,0
DA:69,0
DA:76,0
DA:81,0
DA:82,0
DA:89,0
DA:90,0
DA:91,0
DA:94,0
DA:95,0
DA:96,0
DA:100,0
DA:104,0
DA:105,0
DA:106,0
DA:110,0
DA:114,0
DA:115,0
DA:116,0
DA:119,0
DA:120,0
DA:124,0
DA:130,0
DA:132,0
DA:133,0
DA:134,0
DA:138,0
DA:158,0
LF:40
LH:5
end_of_record
SF:lib/services/timer_service.dart
DA:15,3
DA:16,2
DA:17,1
DA:43,0
DA:46,2
DA:47,0
DA:48,0
DA:49,2
DA:50,2
DA:51,0
DA:52,0
DA:53,0
DA:54,0
DA:56,1
DA:57,2
DA:58,2
DA:59,5
DA:62,1
DA:63,5
DA:65,1
DA:66,1
DA:67,1
DA:69,0
DA:71,0
DA:76,0
DA:77,0
DA:78,0
DA:80,0
DA:81,0
DA:86,0
DA:87,0
DA:88,0
DA:90,0
DA:91,0
DA:95,0
DA:96,0
DA:97,0
DA:98,0
DA:99,0
DA:100,0
DA:101,0
DA:102,0
DA:105,0
DA:106,0
DA:107,0
DA:108,0
DA:109,0
DA:110,0
DA:111,0
DA:114,0
DA:115,0
DA:116,0
DA:117,0
DA:119,0
DA:120,0
DA:122,0
DA:123,0
DA:128,0
DA:129,0
DA:130,0
DA:133,0
DA:134,0
DA:135,0
DA:136,0
DA:137,0
DA:138,0
DA:139,0
DA:140,0
DA:141,0
DA:142,0
DA:143,0
DA:146,0
DA:149,0
DA:150,0
DA:151,0
DA:152,0
DA:153,0
DA:154,0
DA:155,0
DA:156,0
DA:157,0
DA:158,0
DA:159,0
DA:163,0
DA:166,0
DA:167,0
DA:168,0
DA:171,0
DA:172,0
DA:173,0
DA:174,0
DA:175,0
DA:176,0
DA:177,0
DA:178,0
DA:180,0
DA:182,0
DA:185,0
DA:186,0
DA:187,0
DA:188,0
DA:189,0
DA:190,0
DA:191,0
DA:192,0
DA:196,0
DA:198,0
DA:202,0
DA:203,0
DA:204,0
DA:205,0
DA:206,0
DA:208,0
DA:211,0
DA:212,0
DA:213,0
DA:214,0
DA:216,0
DA:217,0
DA:220,0
DA:222,0
DA:223,0
DA:224,0
DA:227,0
DA:229,0
DA:230,0
DA:231,0
DA:235,0
DA:236,0
DA:237,0
DA:238,0
DA:239,0
DA:242,0
DA:243,0
DA:244,0
DA:245,0
DA:247,0
DA:250,0
DA:252,0
DA:253,0
DA:254,0
DA:256,0
DA:257,0
DA:259,0
DA:263,0
DA:264,0
DA:268,0
DA:270,0
DA:271,0
DA:272,0
DA:277,0
DA:278,0
DA:279,0
DA:280,0
DA:281,0
DA:283,0
DA:284,0
DA:285,0
DA:288,0
DA:290,0
DA:291,0
DA:292,0
DA:293,0
DA:294,0
DA:297,0
DA:300,0
DA:301,0
DA:302,0
DA:303,0
DA:304,0
DA:305,0
DA:306,0
DA:307,0
DA:308,0
DA:309,0
DA:310,0
DA:311,0
DA:312,0
DA:313,0
DA:314,0
DA:315,0
DA:321,0
DA:322,0
DA:326,0
DA:327,0
DA:328,0
DA:329,0
DA:330,0
DA:331,0
DA:333,0
DA:336,0
DA:337,0
DA:338,0
DA:356,0
LF:194
LH:15
end_of_record
SF:lib/app/router/route_paths.dart
DA:2,0
LF:1
LH:0
end_of_record
SF:lib/widgets/custom_icon_widget.dart
DA:8,1
DA:15,1
DA:18,1
DA:9015,2
DA:9016,1
DA:9017,2
DA:9018,1
DA:9019,1
DA:9020,1
DA:9024,0
DA:9026,0
DA:9028,0
LF:12
LH:9
end_of_record
SF:lib/widgets/custom_image_widget.dart
DA:8,0
DA:9,0
DA:11,0
DA:13,0
DA:25,0
DA:72,0
DA:74,0
DA:75,0
DA:76,0
DA:79,0
DA:80,0
DA:81,0
DA:82,0
DA:87,0
DA:88,0
DA:89,0
DA:90,0
DA:91,0
DA:94,0
DA:99,0
DA:100,0
DA:101,0
DA:102,0
DA:103,0
DA:106,0
DA:110,0
DA:111,0
DA:112,0
DA:113,0
DA:114,0
DA:115,0
DA:116,0
DA:117,0
DA:118,0
DA:119,0
DA:120,0
DA:121,0
DA:122,0
DA:123,0
DA:124,0
DA:128,0
DA:131,0
DA:132,0
DA:133,0
DA:134,0
DA:135,0
DA:136,0
DA:137,0
DA:138,0
DA:140,0
DA:141,0
DA:142,0
DA:143,0
DA:144,0
DA:145,0
DA:146,0
DA:147,0
DA:150,0
DA:151,0
DA:152,0
DA:155,0
DA:156,0
DA:157,0
DA:158,0
DA:159,0
DA:160,0
DA:161,0
DA:162,0
DA:167,0
DA:168,0
DA:169,0
DA:170,0
DA:171,0
DA:172,0
DA:173,0
DA:177,0
LF:76
LH:0
end_of_record
SF:lib/theme/app_theme.dart
DA:5,0
DA:73,0
DA:75,0
DA:79,0
DA:83,0
DA:87,0
DA:88,0
DA:105,0
DA:111,0
DA:125,0
DA:131,0
DA:135,0
DA:140,0
DA:144,0
DA:146,0
DA:147,0
DA:154,0
DA:155,0
DA:157,0
DA:160,0
DA:161,0
DA:166,0
DA:167,0
DA:169,0
DA:172,0
DA:173,0
DA:177,0
DA:178,0
DA:180,0
DA:183,0
DA:184,0
DA:188,0
DA:189,0
DA:192,0
DA:193,0
DA:196,0
DA:197,0
DA:200,0
DA:201,0
DA:204,0
DA:205,0
DA:208,0
DA:212,0
DA:214,0
DA:215,0
DA:216,0
DA:219,0
DA:220,0
DA:221,0
DA:226,0
DA:227,0
DA:228,0
DA:231,0
DA:232,0
DA:234,0
DA:235,0
DA:236,0
DA:244,0
DA:247,0
DA:248,0
DA:256,0
DA:257,0
DA:258,0
DA:259,0
DA:261,0
DA:263,0
DA:265,0
DA:268,0
DA:275,0
DA:278,0
DA:280,0
DA:284,0
DA:288,0
DA:292,0
DA:293,0
DA:310,0
DA:316,0
DA:330,0
DA:336,0
DA:340,0
DA:345,0
DA:349,0
DA:351,0
DA:352,0
DA:358,0
DA:359,0
DA:361,0
DA:364,0
DA:365,0
DA:370,0
DA:371,0
DA:373,0
DA:376,0
DA:377,0
DA:381,0
DA:382,0
DA:384,0
DA:387,0
DA:388,0
DA:392,0
DA:393,0
DA:396,0
DA:397,0
DA:400,0
DA:401,0
DA:404,0
DA:405,0
DA:408,0
DA:409,0
DA:412,0
DA:416,0
DA:418,0
DA:419,0
DA:420,0
DA:423,0
DA:424,0
DA:425,0
DA:430,0
DA:431,0
DA:432,0
DA:435,0
DA:436,0
DA:438,0
DA:439,0
DA:440,0
DA:447,0
DA:450,0
DA:451,0
DA:459,0
DA:460,0
DA:461,0
DA:462,0
DA:464,0
DA:466,0
DA:467,0
DA:468,0
DA:471,0
DA:478,0
DA:482,0
DA:514,0
DA:520,0
DA:526,0
DA:530,0
DA:535,0
DA:536,0
DA:542,0
DA:543,0
DA:546,0
DA:549,0
DA:550,0
DA:555,0
DA:556,0
DA:558,0
DA:561,0
DA:562,0
DA:566,0
DA:569,0
DA:570,0
DA:571,0
DA:574,0
DA:575,0
DA:576,0
DA:581,0
DA:582,0
DA:587,0
DA:592,0
DA:597,0
DA:603,0
DA:606,0
DA:607,0
DA:610,0
DA:612,0
DA:618,0
DA:626,0
DA:632,0
DA:636,0
DA:643,0
DA:650,0
DA:651,0
DA:655,0
DA:657,0
DA:661,0
DA:663,0
DA:668,0
DA:673,0
DA:678,0
DA:683,0
DA:689,0
DA:695,0
DA:701,0
DA:707,0
DA:713,0
DA:719,0
DA:725,0
DA:731,0
LF:195
LH:0
end_of_record
SF:lib/core/monitoring/app_logger.dart
DA:4,0
DA:20,0
DA:22,0
DA:23,0
DA:24,0
DA:25,0
DA:26,0
DA:27,0
DA:28,0
DA:30,0
DA:36,1
DA:38,0
DA:39,0
DA:42,0
DA:49,0
DA:50,0
DA:61,0
DA:68,0
DA:69,0
DA:80,0
DA:82,0
LF:21
LH:1
end_of_record
SF:lib/presentation/timer_screen/timer_screen_initial_page.dart
DA:19,0
DA:21,1
DA:23,1
DA:38,1
DA:40,1
DA:41,2
DA:45,3
DA:46,2
DA:49,3
DA:50,1
DA:54,1
DA:55,3
DA:56,1
DA:59,0
DA:60,0
DA:62,0
DA:63,0
DA:64,0
DA:65,0
DA:66,0
DA:68,0
DA:69,0
DA:70,0
DA:71,0
DA:72,0
DA:73,0
DA:75,0
DA:76,0
DA:77,0
DA:83,1
DA:85,2
DA:86,2
DA:87,2
DA:88,2
DA:89,2
DA:90,1
DA:93,1
DA:95,1
DA:96,2
DA:97,0
DA:99,0
DA:100,0
DA:104,1
DA:105,3
DA:106,0
DA:107,0
DA:108,0
DA:112,1
DA:114,3
DA:115,4
DA:117,1
DA:118,2
DA:120,2
DA:122,1
DA:123,0
DA:124,0
DA:127,2
DA:128,2
DA:131,2
DA:132,2
DA:134,1
DA:135,1
DA:136,0
DA:137,0
DA:139,0
DA:140,0
DA:141,0
DA:143,0
DA:147,0
DA:148,0
DA:149,0
DA:153,1
DA:154,1
DA:155,1
DA:156,3
DA:158,1
DA:159,1
DA:160,2
DA:161,1
DA:163,2
DA:164,1
DA:165,1
DA:166,1
DA:167,1
DA:169,1
DA:170,2
DA:171,1
DA:173,1
DA:174,1
DA:175,2
DA:176,3
DA:177,2
DA:187,1
DA:188,1
DA:189,1
DA:190,1
DA:191,3
DA:192,1
DA:193,1
DA:194,1
DA:196,3
DA:197,1
DA:198,1
DA:199,1
DA:203,2
DA:204,1
DA:205,1
DA:206,1
DA:208,2
DA:209,1
DA:210,1
DA:211,1
DA:213,1
DA:214,0
DA:215,0
DA:217,1
DA:219,1
DA:220,1
DA:222,1
DA:223,1
DA:225,1
DA:233,2
DA:234,1
DA:235,1
DA:236,1
DA:237,1
DA:239,2
DA:240,2
DA:241,0
DA:242,0
DA:243,0
DA:244,0
DA:245,0
DA:249,1
DA:251,1
DA:252,1
DA:254,1
DA:259,1
DA:260,1
DA:261,1
DA:263,1
DA:264,1
DA:265,1
DA:266,1
DA:267,1
DA:271,2
DA:283,0
DA:291,0
DA:293,0
DA:294,0
DA:295,0
DA:296,0
DA:297,0
DA:301,0
DA:302,0
DA:303,0
DA:304,0
LF:157
LH:105
end_of_record
SF:lib/services/app_state_service.dart
DA:10,6
DA:11,4
DA:12,2
DA:16,0
DA:20,0
DA:24,0
DA:27,0
DA:30,0
DA:33,0
DA:36,0
DA:40,0
DA:42,0
DA:44,0
DA:46,0
DA:47,0
DA:48,0
DA:49,0
DA:50,0
DA:51,0
DA:52,0
DA:53,0
DA:54,0
DA:55,0
DA:56,0
DA:59,0
DA:61,0
DA:62,0
DA:63,0
DA:65,0
DA:69,0
DA:70,0
DA:71,0
DA:75,0
DA:76,0
DA:77,0
DA:78,0
DA:79,0
DA:83,0
DA:84,0
DA:85,0
DA:86,0
DA:87,0
DA:90,0
DA:91,0
DA:92,0
DA:93,0
DA:94,0
DA:97,0
DA:98,0
DA:99,0
DA:100,0
DA:101,0
DA:104,0
DA:105,0
DA:106,0
DA:107,0
DA:108,0
DA:111,0
DA:112,0
DA:113,0
DA:114,0
DA:115,0
DA:119,0
DA:123,0
DA:124,0
DA:125,0
DA:126,0
DA:129,0
DA:130,0
DA:131,0
DA:132,0
DA:133,0
DA:134,0
DA:135,0
DA:136,0
DA:137,0
DA:140,0
DA:141,0
DA:142,0
LF:79
LH:3
end_of_record
SF:lib/state/session/session_providers.dart
DA:11,4
DA:12,1
DA:15,4
DA:16,1
DA:19,4
DA:20,1
DA:23,4
DA:24,1
DA:25,2
DA:29,2
DA:30,2
DA:31,1
DA:32,2
DA:33,2
DA:34,2
DA:35,2
DA:36,2
DA:37,2
LF:18
LH:18
end_of_record
SF:lib/state/session/session_state.dart
DA:17,2
DA:27,4
DA:28,4
DA:29,2
DA:30,2
DA:33,2
DA:34,2
DA:35,2
DA:36,8
DA:37,1
DA:39,4
DA:40,4
DA:47,4
DA:64,3
DA:98,3
DA:99,12
DA:101,3
DA:102,10
DA:104,1
DA:105,4
DA:107,2
DA:108,10
DA:110,3
DA:111,6
DA:112,6
DA:113,15
DA:116,3
DA:117,3
DA:118,3
DA:120,2
DA:122,1
DA:127,3
DA:143,3
DA:144,3
DA:145,3
DA:146,3
DA:147,3
DA:148,3
DA:150,3
DA:152,3
DA:153,3
DA:154,3
DA:155,3
DA:156,3
DA:157,3
DA:158,3
DA:159,3
DA:160,3
LF:48
LH:48
end_of_record
SF:lib/widgets/session_recovery_dialog.dart
DA:12,0
DA:20,0
DA:21,0
DA:22,0
DA:23,0
DA:26,0
DA:28,0
DA:30,0
DA:31,0
DA:33,0
DA:34,0
DA:35,0
DA:37,0
DA:38,0
DA:39,0
DA:40,0
DA:46,0
DA:48,0
DA:50,0
DA:53,0
DA:54,0
DA:61,0
DA:62,0
DA:64,0
DA:71,0
DA:72,0
DA:74,0
DA:82,0
DA:84,0
DA:85,0
DA:86,0
DA:87,0
DA:88,0
DA:90,0
DA:92,0
DA:93,0
DA:94,0
DA:95,0
DA:96,0
DA:97,0
DA:103,0
DA:105,0
DA:113,0
DA:116,0
DA:119,0
DA:120,0
DA:121,0
DA:122,0
DA:123,0
DA:129,0
DA:131,0
DA:142,0
DA:144,0
DA:146,0
DA:148,0
DA:150,0
DA:151,0
DA:152,0
DA:156,0
DA:157,0
DA:159,0
DA:161,0
DA:163,0
DA:171,0
DA:172,0
DA:174,0
DA:177,0
DA:178,0
DA:179,0
DA:181,0
DA:183,0
DA:185,0
DA:202,0
DA:207,0
DA:208,0
DA:210,0
DA:211,0
DA:212,0
DA:215,0
DA:216,0
DA:217,0
DA:218,0
DA:219,0
DA:220,0
DA:222,0
DA:223,0
DA:224,0
DA:225,0
LF:88
LH:0
end_of_record
SF:lib/presentation/timer_screen/widgets/circular_timer_widget.dart
DA:12,1
DA:21,1
DA:23,1
DA:24,2
DA:26,1
DA:29,1
DA:31,1
DA:32,1
DA:35,1
DA:36,1
DA:37,1
DA:38,1
DA:39,3
DA:46,1
DA:48,1
DA:49,1
DA:50,1
DA:51,1
DA:53,1
DA:54,1
DA:56,3
DA:58,2
DA:59,2
DA:64,2
DA:65,1
DA:66,3
DA:67,1
DA:68,2
DA:69,1
DA:71,1
DA:72,1
DA:75,3
DA:76,1
DA:81,1
DA:82,0
DA:83,0
DA:85,0
DA:86,0
DA:89,0
DA:90,0
DA:94,0
DA:95,0
DA:97,0
DA:98,0
DA:118,1
DA:125,1
DA:127,5
DA:128,5
DA:130,1
DA:131,2
DA:132,1
DA:133,2
DA:134,1
DA:136,1
DA:138,1
DA:139,2
DA:140,1
DA:141,2
DA:142,1
DA:144,3
DA:145,1
DA:146,1
DA:147,2
DA:154,1
DA:156,3
DA:157,3
LF:66
LH:56
end_of_record
SF:lib/presentation/timer_screen/widgets/session_controls_widget.dart
DA:17,1
DA:29,1
DA:31,1
DA:32,1
DA:33,1
DA:34,1
DA:35,1
DA:36,1
DA:37,1
DA:38,1
DA:39,2
DA:40,1
DA:43,0
DA:44,0
DA:45,0
DA:51,1
DA:52,1
DA:53,1
DA:54,2
DA:55,1
DA:56,1
DA:58,1
DA:59,1
DA:63,1
DA:65,1
DA:66,1
DA:67,1
DA:69,1
DA:73,2
DA:74,1
DA:75,1
DA:77,1
DA:78,3
DA:92,2
DA:93,1
DA:94,1
DA:95,1
DA:96,1
DA:97,2
DA:98,1
DA:101,0
DA:102,0
DA:103,0
DA:109,1
DA:110,1
DA:111,1
DA:112,1
DA:116,1
DA:117,2
DA:118,1
DA:119,1
DA:120,2
DA:121,0
DA:122,3
DA:127,1
DA:128,1
DA:132,1
DA:134,2
DA:135,0
DA:136,3
LF:60
LH:52
end_of_record
SF:lib/presentation/timer_screen/widgets/session_info_widget.dart
DA:9,1
DA:16,1
DA:18,1
DA:19,1
DA:20,1
DA:21,1
DA:22,2
DA:23,3
DA:24,2
DA:27,2
DA:28,1
DA:30,2
DA:31,2
DA:32,3
DA:33,1
DA:35,2
DA:38,1
DA:40,1
DA:41,3
DA:42,1
LF:20
LH:20
end_of_record
SF:lib/presentation/timer_screen/widgets/task_input_widget.dart
DA:12,1
DA:19,1
DA:21,1
DA:22,1
DA:23,1
DA:24,2
DA:25,1
DA:26,1
DA:27,3
DA:29,1
DA:30,1
DA:31,1
DA:37,1
DA:38,1
DA:39,1
DA:41,2
DA:42,1
DA:44,1
DA:45,2
DA:46,1
DA:48,2
DA:52,2
DA:56,1
DA:57,1
DA:58,1
LF:25
LH:25
end_of_record
SF:lib/state/app/app_providers.dart
DA:5,3
DA:6,0
DA:11,0
LF:3
LH:1
end_of_record
SF:lib/state/app/data_providers.dart
DA:9,0
DA:10,0
DA:11,0
DA:15,0
DA:16,0
DA:19,3
DA:22,0
DA:25,0
DA:26,0
DA:29,0
DA:30,0
DA:31,0
DA:32,0
LF:13
LH:1
end_of_record
SF:lib/services/haptic_service.dart
DA:7,6
DA:8,4
DA:9,2
DA:14,0
DA:15,0
DA:16,0
DA:20,0
DA:21,0
DA:22,0
DA:26,0
DA:27,0
DA:28,0
DA:32,0
DA:33,0
DA:36,0
DA:38,0
DA:39,0
DA:41,0
DA:42,0
DA:44,0
DA:45,0
DA:47,0
DA:48,0
LF:23
LH:3
end_of_record
SF:lib/state/session/session_controller.dart
DA:17,2
DA:30,4
DA:31,4
DA:32,4
DA:49,2
DA:50,2
DA:51,2
DA:52,2
DA:53,4
DA:54,4
DA:55,4
DA:57,4
DA:62,4
DA:63,4
DA:64,4
DA:66,6
DA:67,2
DA:69,4
DA:72,1
DA:73,3
DA:74,1
DA:77,0
DA:81,4
DA:82,2
DA:83,4
DA:84,1
DA:85,1
DA:88,0
DA:89,0
DA:90,0
DA:93,0
DA:98,0
DA:103,0
DA:104,0
DA:105,0
DA:108,1
DA:109,2
DA:110,2
DA:111,0
DA:114,2
DA:118,3
DA:120,3
DA:122,2
DA:123,1
DA:126,1
DA:127,2
DA:128,2
DA:130,3
DA:131,2
DA:136,2
DA:137,0
DA:140,2
DA:141,1
DA:144,1
DA:145,2
DA:146,1
DA:149,1
DA:150,2
DA:151,2
DA:152,1
DA:155,1
DA:156,1
DA:157,2
DA:158,1
DA:161,1
DA:162,3
DA:163,3
DA:167,3
DA:168,1
DA:169,2
DA:170,1
DA:173,0
DA:174,0
DA:175,0
DA:176,0
DA:177,0
DA:180,0
DA:181,0
DA:182,0
DA:183,0
DA:186,0
DA:187,0
DA:188,0
DA:191,0
DA:192,0
DA:193,0
DA:194,0
DA:197,1
DA:198,2
DA:201,2
DA:202,1
DA:203,1
DA:206,1
DA:208,1
DA:209,2
DA:212,1
DA:215,1
DA:216,1
DA:217,1
DA:220,1
DA:221,2
DA:223,3
DA:224,6
DA:225,2
DA:229,2
DA:230,1
DA:233,1
DA:234,1
DA:235,2
DA:236,2
DA:237,2
DA:241,2
DA:242,0
DA:245,3
DA:246,3
DA:247,3
DA:249,3
DA:250,3
DA:254,1
DA:255,2
DA:260,1
DA:265,1
DA:267,2
DA:268,0
DA:269,0
DA:272,3
DA:274,2
DA:275,0
DA:276,0
DA:280,1
DA:281,1
DA:282,1
DA:283,1
DA:286,1
DA:287,1
DA:288,2
DA:289,0
DA:290,0
DA:291,0
DA:292,0
DA:293,0
DA:296,0
DA:300,2
DA:301,2
DA:302,2
DA:303,2
DA:304,3
DA:308,2
DA:317,2
DA:318,4
DA:320,1
DA:321,2
DA:323,0
DA:324,0
DA:328,2
DA:332,2
DA:336,1
DA:337,2
DA:338,1
DA:339,4
DA:341,2
DA:345,0
DA:349,0
DA:350,0
DA:351,0
DA:352,0
DA:353,0
DA:359,2
DA:360,2
DA:362,1
DA:367,1
DA:368,2
DA:369,2
DA:370,0
DA:371,0
DA:373,0
DA:375,0
DA:377,0
DA:379,0
DA:381,0
DA:383,0
DA:384,0
DA:385,0
DA:386,0
DA:387,0
DA:391,2
DA:392,6
DA:394,4
DA:396,0
DA:397,0
DA:399,0
DA:400,0
DA:403,0
DA:406,0
DA:408,0
DA:410,0
DA:414,4
DA:417,1
DA:418,1
DA:419,2
DA:420,1
DA:421,2
DA:422,2
DA:423,2
DA:425,2
DA:427,2
DA:429,3
DA:432,1
DA:433,3
DA:436,1
DA:438,1
DA:439,0
DA:440,2
DA:444,2
DA:446,2
DA:447,4
DA:448,3
DA:449,4
DA:450,2
LF:219
LH:152
end_of_record
SF:lib/state/session/session_tick_driver.dart
DA:12,0
DA:14,0
DA:15,0
DA:18,1
DA:20,1
DA:21,1
DA:24,1
DA:26,1
LF:8
LH:5
end_of_record
