SF:lib/data/db/app_database.g.dart
DA:11,7
DA:14,12
DA:16,6
DA:23,12
DA:25,6
DA:32,12
DA:34,6
DA:42,14
DA:44,7
DA:53,14
DA:55,7
DA:64,14
DA:66,7
DA:70,7
DA:78,12
DA:80,6
DA:89,12
DA:91,6
DA:101,12
DA:103,6
DA:107,6
DA:116,12
DA:118,6
DA:122,6
DA:131,14
DA:133,7
DA:143,12
DA:145,6
DA:151,6
DA:152,6
DA:153,6
DA:154,6
DA:155,6
DA:156,6
DA:157,6
DA:158,6
DA:159,6
DA:160,6
DA:161,6
DA:162,6
DA:163,6
DA:164,6
DA:166,7
DA:167,14
DA:168,7
DA:171,3
DA:176,3
DA:177,3
DA:178,3
DA:179,12
DA:181,0
DA:183,3
DA:184,3
DA:186,9
DA:189,0
DA:191,3
DA:192,3
DA:194,9
DA:197,3
DA:198,3
DA:200,9
DA:203,3
DA:204,3
DA:206,9
DA:209,3
DA:210,3
DA:212,6
DA:213,3
DA:218,3
DA:219,3
DA:221,6
DA:222,3
DA:227,3
DA:228,3
DA:230,6
DA:231,3
DA:236,3
DA:237,3
DA:239,6
DA:240,3
DA:245,3
DA:246,3
DA:248,9
DA:251,3
DA:252,0
DA:254,0
DA:257,3
DA:258,3
DA:260,9
DA:266,6
DA:267,6
DA:268,4
DA:270,0
DA:271,4
DA:272,12
DA:274,8
DA:276,12
DA:278,8
DA:280,12
DA:282,8
DA:284,12
DA:286,8
DA:288,12
DA:290,8
DA:292,12
DA:294,8
DA:296,12
DA:298,8
DA:300,12
DA:302,8
DA:304,12
DA:306,8
DA:308,12
DA:310,8
DA:312,12
DA:314,8
DA:316,12
DA:318,8
DA:323,3
DA:325,6
DA:342,4
DA:356,0
DA:358,0
DA:359,0
DA:360,0
DA:361,0
DA:362,0
DA:363,0
DA:365,0
DA:366,0
DA:368,0
DA:369,0
DA:370,0
DA:371,0
DA:372,0
DA:373,0
DA:374,0
DA:378,0
DA:379,0
DA:380,0
DA:381,0
DA:382,0
DA:383,0
DA:385,0
DA:386,0
DA:388,0
DA:389,0
DA:390,0
DA:391,0
DA:392,0
DA:393,0
DA:394,0
DA:395,0
DA:399,0
DA:403,0
DA:404,0
DA:405,0
DA:406,0
DA:407,0
DA:408,0
DA:409,0
DA:410,0
DA:411,0
DA:412,0
DA:413,0
DA:414,0
DA:415,0
DA:416,0
DA:419,0
DA:421,0
DA:422,0
DA:423,0
DA:424,0
DA:425,0
DA:426,0
DA:427,0
DA:428,0
DA:429,0
DA:430,0
DA:431,0
DA:432,0
DA:433,0
DA:434,0
DA:438,0
DA:451,0
DA:452,0
DA:453,0
DA:454,0
DA:455,0
DA:456,0
DA:457,0
DA:458,0
DA:459,0
DA:460,0
DA:461,0
DA:462,0
DA:463,0
DA:465,0
DA:466,0
DA:467,0
DA:468,0
DA:469,0
DA:470,0
DA:471,0
DA:472,0
DA:473,0
DA:474,0
DA:475,0
DA:476,0
DA:477,0
DA:478,0
DA:479,0
DA:480,0
DA:481,0
DA:482,0
DA:483,0
DA:484,0
DA:485,0
DA:486,0
DA:487,0
DA:488,0
DA:492,0
DA:494,0
DA:495,0
DA:496,0
DA:497,0
DA:498,0
DA:499,0
DA:500,0
DA:501,0
DA:502,0
DA:503,0
DA:504,0
DA:505,0
DA:506,0
DA:507,0
DA:508,0
DA:511,0
DA:512,0
DA:513,0
DA:514,0
DA:515,0
DA:516,0
DA:517,0
DA:518,0
DA:519,0
DA:520,0
DA:521,0
DA:522,0
DA:523,0
DA:524,0
DA:526,0
DA:529,0
DA:530,0
DA:531,0
DA:532,0
DA:533,0
DA:534,0
DA:535,0
DA:536,0
DA:537,0
DA:538,0
DA:539,0
DA:540,0
DA:541,0
DA:558,3
DA:573,0
DA:587,0
DA:588,0
DA:589,0
DA:604,0
DA:605,0
DA:606,0
DA:607,0
DA:608,0
DA:609,0
DA:610,0
DA:611,0
DA:612,0
DA:613,0
DA:614,0
DA:615,0
DA:616,0
DA:617,0
DA:621,0
DA:636,0
DA:637,0
DA:638,0
DA:639,0
DA:640,0
DA:641,0
DA:642,0
DA:643,0
DA:644,0
DA:645,0
DA:646,0
DA:647,0
DA:648,0
DA:649,0
DA:653,3
DA:655,3
DA:656,6
DA:657,12
DA:659,6
DA:660,12
DA:662,6
DA:663,12
DA:665,6
DA:666,12
DA:668,6
DA:669,12
DA:671,6
DA:672,12
DA:674,6
DA:675,12
DA:677,6
DA:678,12
DA:680,6
DA:681,12
DA:683,6
DA:684,12
DA:686,6
DA:687,0
DA:689,6
DA:690,12
DA:692,6
DA:693,0
DA:698,0
DA:700,0
DA:701,0
DA:702,0
DA:703,0
DA:704,0
DA:705,0
DA:706,0
DA:707,0
DA:708,0
DA:709,0
DA:710,0
DA:711,0
DA:712,0
DA:713,0
DA:714,0
DA:715,0
DA:724,7
DA:727,12
DA:729,6
DA:734,6
DA:742,14
DA:744,7
DA:751,14
DA:753,7
DA:762,12
DA:764,6
DA:773,14
DA:775,7
DA:779,7
DA:788,14
DA:790,7
DA:796,6
DA:797,6
DA:798,6
DA:799,6
DA:800,6
DA:801,6
DA:802,6
DA:803,6
DA:805,7
DA:806,14
DA:807,7
DA:810,4
DA:815,4
DA:816,4
DA:817,4
DA:818,0
DA:820,4
DA:821,4
DA:823,8
DA:824,4
DA:829,0
DA:831,4
DA:832,3
DA:834,9
DA:837,4
DA:838,4
DA:840,8
DA:841,4
DA:846,0
DA:848,4
DA:849,4
DA:851,12
DA:854,4
DA:855,1
DA:857,3
DA:863,6
DA:864,6
DA:865,4
DA:870,0
DA:871,4
DA:872,12
DA:874,8
DA:876,12
DA:878,8
DA:880,12
DA:882,8
DA:884,12
DA:886,8
DA:888,12
DA:890,8
DA:892,12
DA:894,8
DA:899,0
DA:901,0
DA:913,4
DA:921,0
DA:923,0
DA:924,0
DA:925,0
DA:926,0
DA:927,0
DA:929,0
DA:930,0
DA:931,0
DA:935,0
DA:936,0
DA:937,0
DA:938,0
DA:939,0
DA:941,0
DA:942,0
DA:943,0
DA:944,0
DA:948,0
DA:952,0
DA:953,0
DA:954,0
DA:955,0
DA:956,0
DA:957,0
DA:958,0
DA:959,0
DA:962,0
DA:964,0
DA:965,0
DA:966,0
DA:967,0
DA:968,0
DA:969,0
DA:970,0
DA:971,0
DA:975,0
DA:982,0
DA:983,0
DA:984,0
DA:985,0
DA:986,0
DA:987,0
DA:988,0
DA:990,0
DA:991,0
DA:992,0
DA:993,0
DA:994,0
DA:995,0
DA:996,0
DA:997,0
DA:998,0
DA:999,0
DA:1000,0
DA:1001,0
DA:1005,0
DA:1007,0
DA:1008,0
DA:1009,0
DA:1010,0
DA:1011,0
DA:1012,0
DA:1013,0
DA:1014,0
DA:1015,0
DA:1018,0
DA:1019,0
DA:1020,0
DA:1021,0
DA:1022,0
DA:1023,0
DA:1024,0
DA:1025,0
DA:1027,0
DA:1030,0
DA:1031,0
DA:1032,0
DA:1033,0
DA:1034,0
DA:1035,0
DA:1036,0
DA:1047,0
DA:1055,4
DA:1062,4
DA:1063,4
DA:1064,0
DA:1072,0
DA:1073,0
DA:1074,0
DA:1075,0
DA:1076,0
DA:1077,0
DA:1078,0
DA:1082,0
DA:1090,0
DA:1091,0
DA:1092,0
DA:1093,0
DA:1094,0
DA:1095,0
DA:1096,0
DA:1100,4
DA:1102,4
DA:1103,8
DA:1104,0
DA:1106,8
DA:1107,16
DA:1109,8
DA:1110,12
DA:1112,8
DA:1113,16
DA:1115,8
DA:1116,16
DA:1118,8
DA:1119,4
DA:1124,0
DA:1126,0
DA:1127,0
DA:1128,0
DA:1129,0
DA:1130,0
DA:1131,0
DA:1132,0
DA:1133,0
DA:1134,0
DA:1143,7
DA:1146,12
DA:1148,6
DA:1153,6
DA:1159,12
DA:1161,6
DA:1170,12
DA:1172,6
DA:1181,12
DA:1183,6
DA:1192,12
DA:1194,6
DA:1201,12
DA:1203,6
DA:1212,12
DA:1214,6
DA:1220,6
DA:1221,6
DA:1222,6
DA:1223,6
DA:1224,6
DA:1225,6
DA:1226,6
DA:1227,6
DA:1228,6
DA:1230,7
DA:1231,14
DA:1232,7
DA:1235,3
DA:1240,3
DA:1241,3
DA:1242,3
DA:1243,0
DA:1245,3
DA:1246,3
DA:1248,9
DA:1251,3
DA:1252,2
DA:1254,6
DA:1257,3
DA:1258,2
DA:1260,4
DA:1261,2
DA:1266,3
DA:1267,2
DA:1269,6
DA:1272,3
DA:1273,2
DA:1275,6
DA:1278,3
DA:1279,1
DA:1281,3
DA:1287,6
DA:1288,6
DA:1289,4
DA:1291,0
DA:1292,4
DA:1293,12
DA:1295,8
DA:1297,12
DA:1299,8
DA:1301,12
DA:1303,8
DA:1305,12
DA:1307,8
DA:1309,12
DA:1311,8
DA:1313,12
DA:1315,8
DA:1317,12
DA:1319,8
DA:1324,0
DA:1326,0
DA:1339,4
DA:1348,0
DA:1350,0
DA:1351,0
DA:1352,0
DA:1353,0
DA:1355,0
DA:1356,0
DA:1358,0
DA:1359,0
DA:1361,0
DA:1362,0
DA:1364,0
DA:1365,0
DA:1367,0
DA:1371,0
DA:1372,0
DA:1373,0
DA:1374,0
DA:1375,0
DA:1377,0
DA:1378,0
DA:1380,0
DA:1381,0
DA:1383,0
DA:1384,0
DA:1386,0
DA:1387,0
DA:1391,0
DA:1395,0
DA:1396,0
DA:1397,0
DA:1398,0
DA:1399,0
DA:1400,0
DA:1401,0
DA:1402,0
DA:1403,0
DA:1406,0
DA:1408,0
DA:1409,0
DA:1410,0
DA:1411,0
DA:1412,0
DA:1413,0
DA:1414,0
DA:1415,0
DA:1416,0
DA:1420,0
DA:1428,0
DA:1429,0
DA:1430,0
DA:1431,0
DA:1432,0
DA:1433,0
DA:1434,0
DA:1435,0
DA:1437,0
DA:1438,0
DA:1439,0
DA:1440,0
DA:1441,0
DA:1442,0
DA:1443,0
DA:1444,0
DA:1445,0
DA:1446,0
DA:1447,0
DA:1451,0
DA:1453,0
DA:1454,0
DA:1455,0
DA:1456,0
DA:1457,0
DA:1458,0
DA:1459,0
DA:1460,0
DA:1461,0
DA:1462,0
DA:1465,0
DA:1466,0
DA:1467,0
DA:1468,0
DA:1469,0
DA:1470,0
DA:1471,0
DA:1472,0
DA:1473,0
DA:1475,0
DA:1478,0
DA:1479,0
DA:1480,0
DA:1481,0
DA:1482,0
DA:1483,0
DA:1484,0
DA:1485,0
DA:1496,0
DA:1505,3
DA:1514,0
DA:1523,0
DA:1524,0
DA:1525,0
DA:1526,0
DA:1527,0
DA:1528,0
DA:1529,0
DA:1530,0
DA:1534,0
DA:1543,0
DA:1544,0
DA:1545,0
DA:1546,0
DA:1547,0
DA:1548,0
DA:1549,0
DA:1550,0
DA:1554,3
DA:1556,3
DA:1557,6
DA:1558,0
DA:1560,6
DA:1561,12
DA:1563,6
DA:1564,8
DA:1566,6
DA:1567,8
DA:1569,6
DA:1570,8
DA:1572,6
DA:1573,8
DA:1575,6
DA:1576,4
DA:1581,0
DA:1583,0
DA:1584,0
DA:1585,0
DA:1586,0
DA:1587,0
DA:1588,0
DA:1589,0
DA:1590,0
DA:1591,0
DA:1592,0
DA:1601,8
DA:1604,12
DA:1606,6
DA:1613,12
DA:1615,6
DA:1624,12
DA:1626,6
DA:1635,12
DA:1637,6
DA:1641,6
DA:1650,16
DA:1652,8
DA:1658,6
DA:1659,6
DA:1660,6
DA:1661,6
DA:1662,6
DA:1663,6
DA:1664,6
DA:1666,8
DA:1667,16
DA:1668,8
DA:1671,2
DA:1676,2
DA:1677,2
DA:1678,2
DA:1679,8
DA:1681,0
DA:1683,2
DA:1684,2
DA:1686,6
DA:1689,0
DA:1691,2
DA:1692,2
DA:1694,6
DA:1697,0
DA:1699,2
DA:1700,2
DA:1702,6
DA:1705,2
DA:1706,0
DA:1708,0
DA:1714,6
DA:1715,6
DA:1716,3
DA:1718,0
DA:1719,3
DA:1720,9
DA:1722,6
DA:1724,9
DA:1726,6
DA:1728,9
DA:1730,6
DA:1732,9
DA:1734,6
DA:1736,9
DA:1738,6
DA:1743,2
DA:1745,4
DA:1756,3
DA:1763,0
DA:1765,0
DA:1766,0
DA:1767,0
DA:1768,0
DA:1769,0
DA:1770,0
DA:1774,0
DA:1775,0
DA:1776,0
DA:1777,0
DA:1778,0
DA:1779,0
DA:1780,0
DA:1784,0
DA:1788,0
DA:1789,0
DA:1790,0
DA:1791,0
DA:1792,0
DA:1793,0
DA:1794,0
DA:1797,0
DA:1799,0
DA:1800,0
DA:1801,0
DA:1802,0
DA:1803,0
DA:1804,0
DA:1805,0
DA:1809,0
DA:1815,0
DA:1816,0
DA:1817,0
DA:1818,0
DA:1819,0
DA:1820,0
DA:1822,0
DA:1823,0
DA:1824,0
DA:1825,0
DA:1826,0
DA:1827,0
DA:1828,0
DA:1829,0
DA:1830,0
DA:1834,0
DA:1836,0
DA:1837,0
DA:1838,0
DA:1839,0
DA:1840,0
DA:1841,0
DA:1842,0
DA:1843,0
DA:1846,0
DA:1847,0
DA:1848,0
DA:1851,0
DA:1852,0
DA:1853,0
DA:1854,0
DA:1855,0
DA:1856,0
DA:1866,2
DA:1874,1
DA:1881,1
DA:1882,1
DA:1883,1
DA:1884,0
DA:1892,0
DA:1893,0
DA:1894,0
DA:1895,0
DA:1896,0
DA:1897,0
DA:1898,0
DA:1902,0
DA:1910,0
DA:1911,0
DA:1912,0
DA:1913,0
DA:1914,0
DA:1915,0
DA:1916,0
DA:1920,2
DA:1922,2
DA:1923,4
DA:1924,8
DA:1926,4
DA:1927,8
DA:1929,4
DA:1930,8
DA:1932,4
DA:1933,8
DA:1935,4
DA:1936,0
DA:1938,4
DA:1939,0
DA:1944,0
DA:1946,0
DA:1947,0
DA:1948,0
DA:1949,0
DA:1950,0
DA:1951,0
DA:1952,0
DA:1953,0
DA:1954,0
DA:1963,7
DA:1966,14
DA:1968,7
DA:1975,14
DA:1977,7
DA:1984,14
DA:1986,7
DA:1993,14
DA:1995,7
DA:2004,14
DA:2006,7
DA:2013,14
DA:2015,7
DA:2024,14
DA:2026,7
DA:2035,14
DA:2037,7
DA:2047,14
DA:2049,7
DA:2053,7
DA:2058,7
DA:2059,7
DA:2060,7
DA:2061,7
DA:2062,7
DA:2063,7
DA:2064,7
DA:2065,7
DA:2066,7
DA:2067,7
DA:2068,7
DA:2070,7
DA:2071,14
DA:2072,7
DA:2075,7
DA:2080,7
DA:2081,7
DA:2082,7
DA:2083,28
DA:2085,0
DA:2087,7
DA:2088,7
DA:2090,21
DA:2093,0
DA:2095,7
DA:2096,7
DA:2098,21
DA:2101,0
DA:2103,7
DA:2104,7
DA:2106,21
DA:2109,0
DA:2111,7
DA:2112,7
DA:2114,14
DA:2115,7
DA:2120,7
DA:2121,7
DA:2123,21
DA:2126,7
DA:2127,7
DA:2129,21
DA:2132,7
DA:2133,7
DA:2135,21
DA:2138,7
DA:2139,0
DA:2141,0
DA:2147,7
DA:2148,7
DA:2149,1
DA:2151,0
DA:2152,1
DA:2153,3
DA:2155,2
DA:2157,3
DA:2159,2
DA:2161,3
DA:2163,2
DA:2165,3
DA:2167,2
DA:2169,3
DA:2171,2
DA:2173,3
DA:2175,2
DA:2177,3
DA:2179,2
DA:2181,3
DA:2183,2
DA:2185,3
DA:2187,2
DA:2192,0
DA:2194,0
DA:2209,1
DA:2220,0
DA:2222,0
DA:2223,0
DA:2224,0
DA:2225,0
DA:2226,0
DA:2227,0
DA:2228,0
DA:2230,0
DA:2231,0
DA:2233,0
DA:2234,0
DA:2236,0
DA:2237,0
DA:2241,0
DA:2242,0
DA:2243,0
DA:2244,0
DA:2245,0
DA:2246,0
DA:2247,0
DA:2249,0
DA:2250,0
DA:2252,0
DA:2253,0
DA:2255,0
DA:2256,0
DA:2257,0
DA:2261,0
DA:2265,0
DA:2266,0
DA:2267,0
DA:2268,0
DA:2269,0
DA:2270,0
DA:2271,0
DA:2272,0
DA:2273,0
DA:2274,0
DA:2275,0
DA:2278,0
DA:2280,0
DA:2281,0
DA:2282,0
DA:2283,0
DA:2284,0
DA:2285,0
DA:2286,0
DA:2287,0
DA:2288,0
DA:2289,0
DA:2290,0
DA:2294,0
DA:2304,0
DA:2305,0
DA:2306,0
DA:2307,0
DA:2308,0
DA:2309,0
DA:2310,0
DA:2311,0
DA:2312,0
DA:2313,0
DA:2315,0
DA:2316,0
DA:2317,0
DA:2318,0
DA:2319,0
DA:2320,0
DA:2321,0
DA:2322,0
DA:2323,0
DA:2324,0
DA:2325,0
DA:2326,0
DA:2327,0
DA:2331,0
DA:2333,0
DA:2334,0
DA:2335,0
DA:2336,0
DA:2337,0
DA:2338,0
DA:2339,0
DA:2340,0
DA:2341,0
DA:2342,0
DA:2343,0
DA:2344,0
DA:2347,0
DA:2348,0
DA:2349,0
DA:2350,0
DA:2351,0
DA:2352,0
DA:2353,0
DA:2354,0
DA:2355,0
DA:2356,0
DA:2357,0
DA:2359,0
DA:2362,0
DA:2363,0
DA:2364,0
DA:2365,0
DA:2366,0
DA:2367,0
DA:2368,0
DA:2369,0
DA:2370,0
DA:2371,0
DA:2386,0
DA:2398,7
DA:2409,7
DA:2410,7
DA:2411,7
DA:2412,7
DA:2413,0
DA:2425,0
DA:2426,0
DA:2427,0
DA:2428,0
DA:2429,0
DA:2430,0
DA:2431,0
DA:2432,0
DA:2433,0
DA:2434,0
DA:2435,0
DA:2439,0
DA:2451,0
DA:2452,0
DA:2453,0
DA:2454,0
DA:2455,0
DA:2456,0
DA:2457,0
DA:2458,0
DA:2459,0
DA:2460,0
DA:2461,0
DA:2465,7
DA:2467,7
DA:2468,14
DA:2469,28
DA:2471,14
DA:2472,28
DA:2474,14
DA:2475,28
DA:2477,14
DA:2478,28
DA:2480,14
DA:2481,28
DA:2483,14
DA:2484,28
DA:2486,14
DA:2487,28
DA:2489,14
DA:2490,28
DA:2492,14
DA:2493,0
DA:2495,14
DA:2496,0
DA:2501,0
DA:2503,0
DA:2504,0
DA:2505,0
DA:2506,0
DA:2507,0
DA:2508,0
DA:2509,0
DA:2510,0
DA:2511,0
DA:2512,0
DA:2513,0
DA:2514,0
DA:2515,0
DA:2528,7
DA:2531,14
DA:2533,7
DA:2540,14
DA:2542,7
DA:2551,14
DA:2553,7
DA:2560,14
DA:2562,7
DA:2571,14
DA:2573,7
DA:2582,14
DA:2584,7
DA:2593,14
DA:2595,7
DA:2604,14
DA:2606,7
DA:2616,14
DA:2618,7
DA:2622,7
DA:2627,7
DA:2628,7
DA:2629,7
DA:2630,7
DA:2631,7
DA:2632,7
DA:2633,7
DA:2634,7
DA:2635,7
DA:2636,7
DA:2637,7
DA:2639,7
DA:2640,14
DA:2641,7
DA:2644,7
DA:2649,7
DA:2650,7
DA:2651,7
DA:2652,7
DA:2654,21
DA:2657,0
DA:2659,7
DA:2660,7
DA:2662,21
DA:2665,0
DA:2667,7
DA:2668,7
DA:2670,14
DA:2671,7
DA:2676,0
DA:2678,7
DA:2679,7
DA:2681,21
DA:2684,0
DA:2686,7
DA:2687,7
DA:2689,21
DA:2692,0
DA:2694,7
DA:2695,7
DA:2697,21
DA:2700,0
DA:2702,7
DA:2703,7
DA:2705,21
DA:2708,0
DA:2710,7
DA:2711,7
DA:2713,21
DA:2716,7
DA:2717,0
DA:2719,0
DA:2725,7
DA:2726,7
DA:2727,3
DA:2732,0
DA:2733,3
DA:2734,9
DA:2736,6
DA:2738,9
DA:2740,6
DA:2742,9
DA:2744,6
DA:2746,9
DA:2748,6
DA:2750,9
DA:2752,6
DA:2754,9
DA:2756,6
DA:2758,9
DA:2760,6
DA:2762,9
DA:2764,6
DA:2766,9
DA:2768,6
DA:2773,0
DA:2775,0
DA:2790,3
DA:2801,0
DA:2803,0
DA:2804,0
DA:2805,0
DA:2806,0
DA:2807,0
DA:2808,0
DA:2809,0
DA:2810,0
DA:2811,0
DA:2812,0
DA:2816,0
DA:2817,0
DA:2818,0
DA:2819,0
DA:2820,0
DA:2821,0
DA:2822,0
DA:2823,0
DA:2824,0
DA:2825,0
DA:2826,0
DA:2830,0
DA:2834,0
DA:2835,0
DA:2836,0
DA:2837,0
DA:2838,0
DA:2839,0
DA:2840,0
DA:2841,0
DA:2842,0
DA:2843,0
DA:2844,0
DA:2847,0
DA:2849,0
DA:2850,0
DA:2851,0
DA:2852,0
DA:2853,0
DA:2854,0
DA:2855,0
DA:2856,0
DA:2857,0
DA:2858,0
DA:2859,0
DA:2863,0
DA:2873,0
DA:2874,0
DA:2875,0
DA:2876,0
DA:2877,0
DA:2878,0
DA:2879,0
DA:2880,0
DA:2881,0
DA:2882,0
DA:2884,0
DA:2887,0
DA:2888,0
DA:2889,0
DA:2890,0
DA:2891,0
DA:2892,0
DA:2893,0
DA:2894,0
DA:2895,0
DA:2896,0
DA:2897,0
DA:2898,0
DA:2902,0
DA:2904,0
DA:2905,0
DA:2906,0
DA:2907,0
DA:2908,0
DA:2909,0
DA:2910,0
DA:2911,0
DA:2912,0
DA:2913,0
DA:2914,0
DA:2915,0
DA:2918,0
DA:2919,0
DA:2920,0
DA:2921,0
DA:2922,0
DA:2923,0
DA:2924,0
DA:2925,0
DA:2926,0
DA:2927,0
DA:2928,0
DA:2930,0
DA:2933,0
DA:2934,0
DA:2935,0
DA:2936,0
DA:2937,0
DA:2938,0
DA:2939,0
DA:2940,0
DA:2941,0
DA:2942,0
DA:2957,0
DA:2969,7
DA:2980,7
DA:2981,7
DA:2982,7
DA:2983,7
DA:2984,7
DA:2985,7
DA:2986,7
DA:2987,0
DA:2999,0
DA:3000,0
DA:3001,0
DA:3002,0
DA:3003,0
DA:3004,0
DA:3005,0
DA:3006,0
DA:3007,0
DA:3008,0
DA:3009,0
DA:3013,0
DA:3025,0
DA:3026,0
DA:3027,0
DA:3028,0
DA:3029,0
DA:3030,0
DA:3031,0
DA:3032,0
DA:3033,0
DA:3034,0
DA:3035,0
DA:3039,7
DA:3041,7
DA:3042,14
DA:3043,28
DA:3045,14
DA:3046,28
DA:3048,14
DA:3049,28
DA:3051,14
DA:3052,28
DA:3054,14
DA:3055,28
DA:3057,14
DA:3058,28
DA:3060,14
DA:3061,28
DA:3063,14
DA:3064,28
DA:3066,14
DA:3067,0
DA:3069,14
DA:3070,0
DA:3075,0
DA:3077,0
DA:3078,0
DA:3079,0
DA:3080,0
DA:3081,0
DA:3082,0
DA:3083,0
DA:3084,0
DA:3085,0
DA:3086,0
DA:3087,0
DA:3088,0
DA:3089,0
DA:3094,16
DA:3095,0
DA:3096,14
DA:3097,7
DA:3098,7
DA:3099,14
DA:3102,16
DA:3105,7
DA:3106,7
DA:3107,7
DA:3108,7
DA:3109,0
DA:3111,0
DA:3112,6
DA:3113,6
DA:3114,6
DA:3115,6
DA:3116,6
DA:3117,6
DA:3118,6
DA:3119,6
DA:3158,0
DA:3165,0
DA:3166,0
DA:3167,0
DA:3170,0
DA:3171,0
DA:3172,0
DA:3175,0
DA:3176,0
DA:3177,0
DA:3180,0
DA:3181,0
DA:3182,0
DA:3185,0
DA:3186,0
DA:3187,0
DA:3190,0
DA:3191,0
DA:3192,0
DA:3195,0
DA:3196,0
DA:3197,0
DA:3200,0
DA:3201,0
DA:3202,0
DA:3205,0
DA:3206,0
DA:3207,0
DA:3210,0
DA:3211,0
DA:3212,0
DA:3215,0
DA:3216,0
DA:3217,0
DA:3220,0
DA:3221,0
DA:3222,0
DA:3228,0
DA:3235,0
DA:3236,0
DA:3237,0
DA:3240,0
DA:3241,0
DA:3242,0
DA:3245,0
DA:3246,0
DA:3247,0
DA:3250,0
DA:3251,0
DA:3252,0
DA:3255,0
DA:3256,0
DA:3257,0
DA:3260,0
DA:3261,0
DA:3262,0
DA:3265,0
DA:3266,0
DA:3267,0
DA:3270,0
DA:3271,0
DA:3272,0
DA:3275,0
DA:3276,0
DA:3277,0
DA:3280,0
DA:3281,0
DA:3282,0
DA:3285,0
DA:3286,0
DA:3287,0
DA:3290,0
DA:3291,0
DA:3292,0
DA:3298,0
DA:3305,0
DA:3306,0
DA:3308,0
DA:3309,0
DA:3311,0
DA:3312,0
DA:3314,0
DA:3315,0
DA:3317,0
DA:3318,0
DA:3319,0
DA:3322,0
DA:3323,0
DA:3324,0
DA:3327,0
DA:3328,0
DA:3329,0
DA:3332,0
DA:3333,0
DA:3334,0
DA:3337,0
DA:3338,0
DA:3339,0
DA:3342,0
DA:3343,0
DA:3345,0
DA:3346,0
DA:3348,0
DA:3349,0
DA:3370,0
DA:3371,0
DA:3372,0
DA:3375,0
DA:3376,0
DA:3377,0
DA:3378,0
DA:3379,0
DA:3380,0
DA:3382,0
DA:3396,0
DA:3412,0
DA:3426,0
DA:3441,0
DA:3442,0
DA:3443,0
DA:3487,0
DA:3494,0
DA:3495,0
DA:3496,0
DA:3499,0
DA:3500,0
DA:3501,0
DA:3504,0
DA:3505,0
DA:3506,0
DA:3509,0
DA:3510,0
DA:3511,0
DA:3514,0
DA:3515,0
DA:3516,0
DA:3519,0
DA:3520,0
DA:3521,0
DA:3527,0
DA:3534,0
DA:3535,0
DA:3536,0
DA:3539,0
DA:3540,0
DA:3541,0
DA:3544,0
DA:3545,0
DA:3546,0
DA:3549,0
DA:3550,0
DA:3551,0
DA:3554,0
DA:3555,0
DA:3556,0
DA:3559,0
DA:3560,0
DA:3561,0
DA:3567,0
DA:3574,0
DA:3575,0
DA:3577,0
DA:3578,0
DA:3579,0
DA:3582,0
DA:3583,0
DA:3585,0
DA:3586,0
DA:3587,0
DA:3590,0
DA:3591,0
DA:3593,0
DA:3594,0
DA:3619,0
DA:3622,0
DA:3623,0
DA:3626,0
DA:3627,0
DA:3628,0
DA:3629,0
DA:3633,0
DA:3634,0
DA:3639,0
DA:3646,0
DA:3655,0
DA:3662,0
DA:3670,0
DA:3671,0
DA:3672,0
DA:3722,0
DA:3729,0
DA:3730,0
DA:3731,0
DA:3734,0
DA:3735,0
DA:3736,0
DA:3739,0
DA:3740,0
DA:3741,0
DA:3744,0
DA:3745,0
DA:3746,0
DA:3749,0
DA:3750,0
DA:3751,0
DA:3754,0
DA:3755,0
DA:3756,0
DA:3759,0
DA:3760,0
DA:3761,0
DA:3767,0
DA:3774,0
DA:3775,0
DA:3776,0
DA:3779,0
DA:3780,0
DA:3781,0
DA:3784,0
DA:3785,0
DA:3786,0
DA:3789,0
DA:3790,0
DA:3791,0
DA:3794,0
DA:3795,0
DA:3796,0
DA:3799,0
DA:3800,0
DA:3801,0
DA:3804,0
DA:3805,0
DA:3806,0
DA:3812,0
DA:3819,0
DA:3820,0
DA:3822,0
DA:3823,0
DA:3825,0
DA:3826,0
DA:3828,0
DA:3829,0
DA:3830,0
DA:3833,0
DA:3834,0
DA:3836,0
DA:3837,0
DA:3839,0
DA:3840,0
DA:3865,0
DA:3868,0
DA:3869,0
DA:3872,0
DA:3873,0
DA:3874,0
DA:3875,0
DA:3876,0
DA:3877,0
DA:3879,0
DA:3887,0
DA:3897,0
DA:3905,0
DA:3914,0
DA:3915,0
DA:3916,0
DA:3964,0
DA:3971,0
DA:3972,0
DA:3973,0
DA:3976,0
DA:3977,0
DA:3978,0
DA:3981,0
DA:3982,0
DA:3983,0
DA:3986,0
DA:3987,0
DA:3988,0
DA:3991,0
DA:3992,0
DA:3993,0
DA:3999,0
DA:4006,0
DA:4007,0
DA:4008,0
DA:4011,0
DA:4012,0
DA:4013,0
DA:4016,0
DA:4017,0
DA:4018,0
DA:4021,0
DA:4022,0
DA:4023,0
DA:4026,0
DA:4027,0
DA:4028,0
DA:4034,0
DA:4041,0
DA:4042,0
DA:4044,0
DA:4045,0
DA:4047,0
DA:4048,0
DA:4049,0
DA:4052,0
DA:4053,0
DA:4055,0
DA:4056,0
DA:4081,0
DA:4084,0
DA:4085,0
DA:4088,0
DA:4089,0
DA:4090,0
DA:4091,0
DA:4092,0
DA:4093,0
DA:4095,0
DA:4102,0
DA:4111,0
DA:4118,0
DA:4126,0
DA:4127,0
DA:4128,0
DA:4184,0
DA:4191,0
DA:4192,0
DA:4193,0
DA:4196,0
DA:4197,0
DA:4198,0
DA:4201,0
DA:4202,0
DA:4203,0
DA:4206,0
DA:4207,0
DA:4208,0
DA:4211,0
DA:4212,0
DA:4213,0
DA:4216,0
DA:4217,0
DA:4218,0
DA:4221,0
DA:4222,0
DA:4223,0
DA:4226,0
DA:4227,0
DA:4228,0
DA:4231,0
DA:4232,0
DA:4233,0
DA:4239,0
DA:4246,0
DA:4247,0
DA:4248,0
DA:4251,0
DA:4252,0
DA:4253,0
DA:4256,0
DA:4257,0
DA:4258,0
DA:4261,0
DA:4262,0
DA:4263,0
DA:4266,0
DA:4267,0
DA:4268,0
DA:4271,0
DA:4272,0
DA:4273,0
DA:4276,0
DA:4277,0
DA:4278,0
DA:4281,0
DA:4282,0
DA:4283,0
DA:4286,0
DA:4287,0
DA:4288,0
DA:4294,0
DA:4301,0
DA:4302,0
DA:4304,0
DA:4305,0
DA:4307,0
DA:4308,0
DA:4310,0
DA:4311,0
DA:4313,0
DA:4314,0
DA:4315,0
DA:4318,0
DA:4319,0
DA:4321,0
DA:4322,0
DA:4324,0
DA:4325,0
DA:4327,0
DA:4328,0
DA:4353,0
DA:4356,0
DA:4357,0
DA:4360,0
DA:4361,0
DA:4362,0
DA:4363,0
DA:4364,0
DA:4365,0
DA:4370,0
DA:4381,0
DA:4394,0
DA:4405,0
DA:4417,0
DA:4418,0
DA:4419,0
DA:4475,0
DA:4482,0
DA:4483,0
DA:4484,0
DA:4487,0
DA:4488,0
DA:4489,0
DA:4492,0
DA:4493,0
DA:4494,0
DA:4497,0
DA:4498,0
DA:4499,0
DA:4502,0
DA:4503,0
DA:4504,0
DA:4507,0
DA:4508,0
DA:4509,0
DA:4512,0
DA:4513,0
DA:4514,0
DA:4517,0
DA:4518,0
DA:4519,0
DA:4522,0
DA:4523,0
DA:4524,0
DA:4530,0
DA:4537,0
DA:4538,0
DA:4539,0
DA:4542,0
DA:4543,0
DA:4544,0
DA:4547,0
DA:4548,0
DA:4549,0
DA:4552,0
DA:4553,0
DA:4554,0
DA:4557,0
DA:4558,0
DA:4559,0
DA:4562,0
DA:4563,0
DA:4564,0
DA:4567,0
DA:4568,0
DA:4569,0
DA:4572,0
DA:4573,0
DA:4574,0
DA:4577,0
DA:4578,0
DA:4579,0
DA:4585,0
DA:4592,0
DA:4593,0
DA:4595,0
DA:4596,0
DA:4598,0
DA:4599,0
DA:4600,0
DA:4603,0
DA:4604,0
DA:4606,0
DA:4607,0
DA:4609,0
DA:4610,0
DA:4612,0
DA:4613,0
DA:4615,0
DA:4616,0
DA:4618,0
DA:4619,0
DA:4644,0
DA:4647,0
DA:4648,0
DA:4651,0
DA:4652,0
DA:4656,0
DA:4657,0
DA:4661,0
DA:4662,0
DA:4667,0
DA:4678,0
DA:4691,0
DA:4702,0
DA:4714,0
DA:4715,0
DA:4716,0
DA:4746,0
DA:4747,0
DA:4748,0
DA:4749,0
DA:4750,0
DA:4751,0
DA:4752,0
DA:4753,0
DA:4754,0
DA:4755,0
DA:4756,0
DA:4757,0
DA:4759,0
DA:4760,0
DA:4761,0
LF:2014
LH:622
end_of_record
SF:lib/data/db/app_database.dart
DA:12,0
DA:13,0
DA:14,0
DA:15,0
DA:16,0
DA:17,0
DA:18,0
DA:19,0
DA:20,0
DA:21,0
DA:22,0
DA:23,0
DA:24,0
DA:25,0
DA:26,0
DA:28,0
DA:29,0
DA:33,0
DA:34,0
DA:35,0
DA:36,0
DA:37,0
DA:38,0
DA:42,0
DA:43,0
DA:44,0
DA:45,0
DA:46,0
DA:47,0
DA:48,0
DA:52,0
DA:53,0
DA:54,0
DA:55,0
DA:56,0
DA:58,0
DA:59,0
DA:63,0
DA:64,0
DA:65,0
DA:66,0
DA:67,0
DA:68,0
DA:69,0
DA:70,0
DA:71,0
DA:73,0
DA:74,0
DA:78,0
DA:79,0
DA:80,0
DA:81,0
DA:82,0
DA:83,0
DA:84,0
DA:85,0
DA:86,0
DA:88,0
DA:89,0
DA:103,17
DA:106,7
DA:109,7
DA:110,7
DA:111,6
DA:113,6
DA:114,6
DA:115,6
DA:118,12
DA:121,0
DA:130,1
DA:132,1
DA:133,2
DA:134,2
DA:136,1
DA:137,4
DA:138,4
DA:139,4
DA:140,4
DA:142,1
DA:143,1
DA:146,1
DA:149,0
DA:154,0
DA:161,3
DA:162,9
DA:165,4
DA:166,16
DA:167,8
DA:168,4
DA:172,4
DA:175,1
DA:176,1
DA:177,1
DA:178,5
DA:181,1
DA:182,2
DA:183,1
DA:184,1
DA:185,5
DA:187,1
DA:188,1
DA:191,1
DA:192,4
DA:193,2
DA:194,1
DA:198,1
DA:201,1
DA:202,7
DA:205,3
DA:211,9
DA:212,3
DA:214,3
DA:216,3
DA:221,1
DA:222,1
DA:224,2
DA:225,2
DA:227,7
DA:228,1
DA:229,1
DA:230,1
DA:231,1
DA:232,2
DA:237,0
DA:238,0
DA:239,0
DA:240,0
DA:241,0
DA:243,0
DA:246,2
DA:253,6
DA:254,2
DA:255,2
DA:256,2
DA:257,2
DA:258,2
DA:259,2
DA:264,1
DA:265,4
DA:266,2
DA:267,1
DA:271,1
DA:274,2
DA:275,6
DA:278,5
DA:279,20
DA:280,10
DA:281,5
DA:285,5
DA:288,1
DA:289,1
DA:290,1
DA:291,1
DA:292,6
DA:293,1
DA:296,1
DA:297,1
DA:298,1
DA:299,5
DA:302,0
DA:303,0
DA:304,0
DA:305,0
DA:307,0
DA:308,0
DA:311,1
DA:312,2
DA:313,1
DA:314,6
DA:316,5
DA:317,1
DA:320,7
DA:323,7
DA:324,14
DA:325,14
DA:329,3
DA:330,6
DA:331,12
DA:332,15
DA:333,3
DA:336,7
DA:339,7
DA:340,14
DA:341,7
DA:342,7
DA:349,3
DA:350,6
DA:351,3
DA:352,3
DA:353,9
DA:354,6
DA:356,15
DA:357,3
DA:360,2
DA:361,8
DA:362,8
DA:363,2
DA:364,2
DA:367,2
DA:368,4
DA:369,2
DA:370,2
DA:371,6
DA:372,6
DA:373,6
DA:375,2
DA:376,2
DA:379,2
DA:381,7
DA:382,14
DA:383,14
DA:387,1
DA:388,2
DA:389,1
DA:390,0
DA:391,0
DA:395,21
DA:396,7
DA:401,7
DA:402,7
DA:404,7
DA:409,7
DA:410,7
DA:412,7
DA:417,7
DA:418,7
DA:420,7
DA:425,7
DA:426,7
DA:428,7
DA:433,7
DA:434,7
DA:436,7
DA:441,7
DA:442,7
DA:443,7
DA:445,7
DA:450,7
DA:451,7
DA:452,7
DA:454,7
DA:459,7
DA:460,7
DA:461,7
DA:463,7
DA:468,7
DA:469,7
DA:470,7
DA:472,7
DA:477,7
DA:478,7
DA:480,7
DA:485,7
DA:486,7
DA:488,7
DA:493,7
DA:494,7
DA:496,7
DA:501,7
DA:502,7
DA:504,7
DA:509,7
DA:510,7
DA:512,7
DA:517,7
DA:518,7
DA:523,21
DA:524,7
DA:532,7
DA:534,7
DA:542,7
DA:544,7
DA:552,7
DA:554,7
DA:562,7
LF:275
LH:199
end_of_record
SF:lib/core/monitoring/app_logger.dart
DA:4,7
DA:20,7
DA:22,7
DA:23,14
DA:24,14
DA:25,14
DA:26,21
DA:27,7
DA:28,7
DA:30,7
DA:36,1
DA:38,7
DA:39,14
DA:42,0
DA:49,0
DA:50,0
DA:61,0
DA:68,0
DA:69,0
DA:80,7
DA:82,21
LF:21
LH:15
end_of_record
SF:lib/presentation/onboarding_setup_flow_screen/widgets/weekly_goal_step_widget.dart
DA:7,1
DA:22,1
DA:23,1
DA:32,1
DA:34,2
DA:35,2
DA:36,1
DA:39,1
DA:41,2
DA:45,1
DA:47,1
DA:48,1
DA:50,1
DA:51,1
DA:57,2
DA:58,1
DA:60,1
DA:61,1
DA:67,2
DA:68,1
DA:69,2
DA:72,1
DA:73,1
DA:78,2
DA:79,2
DA:80,1
DA:81,1
DA:82,1
DA:83,2
DA:84,1
DA:85,2
DA:86,1
DA:87,2
DA:88,1
DA:94,1
DA:95,1
DA:97,2
DA:98,1
DA:100,1
DA:101,1
DA:103,1
DA:105,1
DA:106,1
DA:108,1
DA:109,1
DA:114,2
DA:115,1
DA:116,3
DA:117,1
DA:118,1
DA:123,2
DA:124,1
DA:125,2
DA:127,1
DA:128,1
DA:138,1
DA:139,4
DA:140,1
DA:141,0
DA:142,0
DA:143,0
DA:144,0
DA:145,0
DA:147,0
DA:149,1
DA:151,3
DA:152,1
DA:154,1
DA:156,1
DA:157,1
DA:161,1
DA:162,1
DA:163,1
DA:169,1
DA:170,1
DA:171,1
DA:173,1
DA:174,1
DA:175,1
DA:185,2
DA:186,1
DA:187,1
DA:189,1
DA:190,1
DA:192,1
DA:193,1
DA:198,1
DA:200,1
DA:201,1
DA:215,1
DA:216,1
DA:217,0
DA:218,0
DA:219,0
DA:220,0
DA:221,0
DA:222,0
DA:223,0
DA:226,0
DA:227,0
DA:228,0
DA:232,1
DA:234,3
DA:235,1
DA:236,1
DA:237,0
DA:239,1
DA:240,1
DA:241,1
DA:246,1
DA:247,1
DA:248,1
DA:254,1
DA:256,1
DA:257,1
DA:258,1
DA:259,1
DA:261,1
DA:262,1
DA:263,1
DA:265,1
DA:269,1
DA:273,2
DA:274,1
DA:275,1
DA:276,0
DA:277,0
DA:278,0
DA:279,0
DA:280,0
DA:281,0
DA:283,0
DA:284,0
DA:288,0
DA:289,0
DA:293,0
DA:296,0
DA:297,0
DA:303,0
DA:306,0
DA:307,0
DA:308,0
DA:309,0
DA:310,0
DA:311,0
DA:313,0
DA:315,0
DA:317,0
DA:319,0
DA:320,0
DA:329,1
DA:331,1
DA:332,1
DA:334,1
DA:335,1
DA:340,1
DA:342,1
DA:343,1
DA:353,1
DA:354,0
DA:355,0
DA:356,0
DA:357,0
DA:358,0
DA:370,0
DA:371,0
DA:372,0
DA:373,0
DA:374,0
DA:378,0
DA:379,0
DA:380,0
LF:172
LH:117
end_of_record
SF:lib/data/models/sound_models.dart
DA:7,1
DA:9,1
DA:11,1
DA:19,1
DA:21,1
DA:23,1
DA:25,1
DA:31,0
DA:38,0
DA:60,6
DA:64,3
DA:78,0
DA:87,2
DA:89,2
DA:90,2
DA:91,0
DA:94,2
DA:95,4
DA:97,2
DA:98,4
DA:99,2
DA:100,2
DA:103,4
DA:104,2
DA:112,1
DA:113,0
DA:114,1
DA:115,1
DA:116,4
DA:117,3
DA:118,1
DA:119,1
DA:123,3
DA:126,0
DA:130,2
DA:131,2
DA:132,16
DA:134,6
DA:135,2
DA:136,4
DA:137,2
DA:138,5
DA:140,2
DA:141,2
DA:143,4
DA:151,0
DA:157,0
DA:158,0
DA:159,0
DA:160,0
DA:161,0
DA:165,2
DA:166,2
DA:167,0
DA:169,2
DA:170,2
DA:171,8
DA:172,4
DA:173,2
DA:175,4
DA:176,0
DA:179,4
DA:180,4
DA:182,8
DA:186,2
DA:190,2
DA:191,4
DA:194,0
DA:195,0
DA:196,0
DA:197,0
DA:198,0
DA:199,0
DA:201,0
DA:202,0
DA:205,0
DA:206,0
DA:207,0
DA:208,0
DA:211,2
DA:212,2
DA:213,0
DA:215,2
DA:216,2
DA:217,5
DA:218,2
DA:219,2
DA:220,1
DA:221,3
LF:89
LH:62
end_of_record
SF:lib/data/repositories/reflections_repository.dart
DA:4,2
DA:8,2
DA:15,4
LF:3
LH:3
end_of_record
SF:lib/data/repositories/session_history_repository.dart
DA:4,4
DA:8,3
DA:14,6
LF:3
LH:3
end_of_record
SF:lib/data/repositories/sound_mix_repository.dart
DA:9,4
DA:22,3
DA:23,9
DA:27,6
DA:28,6
DA:30,1
DA:32,1
DA:33,2
DA:35,1
DA:36,1
DA:37,1
DA:40,2
DA:41,1
DA:44,1
DA:45,2
DA:54,6
DA:57,12
DA:59,1
DA:67,1
DA:72,1
DA:73,4
DA:74,3
DA:75,1
DA:76,1
DA:78,1
DA:86,1
DA:92,2
DA:93,1
DA:94,1
DA:95,1
DA:96,2
DA:97,1
DA:102,3
DA:104,3
LF:34
LH:34
end_of_record
SF:lib/data/repositories/tasks_repository.dart
DA:5,4
DA:9,3
DA:11,6
DA:13,3
DA:25,6
DA:26,3
DA:27,3
DA:28,3
DA:29,3
DA:30,3
DA:31,3
DA:32,3
DA:33,3
DA:34,3
DA:35,3
DA:36,3
DA:37,6
DA:42,3
DA:44,0
DA:46,3
DA:48,1
DA:49,2
DA:52,1
DA:53,1
DA:54,1
DA:55,2
DA:56,1
DA:57,0
DA:58,0
DA:65,1
DA:66,1
DA:67,1
DA:69,1
DA:71,0
DA:74,3
DA:75,1
DA:87,1
DA:88,4
LF:38
LH:34
end_of_record
SF:lib/presentation/timer_screen/timer_screen_initial_page.dart
DA:19,1
DA:21,1
DA:23,1
DA:38,1
DA:40,1
DA:41,2
DA:45,3
DA:46,2
DA:49,3
DA:50,1
DA:54,1
DA:55,3
DA:56,1
DA:59,0
DA:60,0
DA:62,0
DA:63,0
DA:64,0
DA:65,0
DA:66,0
DA:68,0
DA:69,0
DA:70,0
DA:71,0
DA:72,0
DA:73,0
DA:75,0
DA:76,0
DA:77,0
DA:83,1
DA:85,2
DA:86,2
DA:87,2
DA:88,2
DA:89,2
DA:90,1
DA:93,1
DA:95,1
DA:96,2
DA:97,0
DA:99,0
DA:100,0
DA:104,1
DA:105,3
DA:106,0
DA:107,0
DA:108,0
DA:112,1
DA:114,3
DA:115,4
DA:117,1
DA:118,2
DA:120,2
DA:122,1
DA:123,0
DA:124,0
DA:127,2
DA:128,2
DA:131,2
DA:132,2
DA:134,1
DA:135,1
DA:136,0
DA:137,0
DA:139,0
DA:140,0
DA:141,0
DA:143,0
DA:147,0
DA:148,0
DA:149,0
DA:153,1
DA:154,1
DA:155,1
DA:156,3
DA:158,1
DA:159,1
DA:160,2
DA:161,1
DA:163,2
DA:164,1
DA:165,1
DA:166,1
DA:167,1
DA:169,1
DA:170,2
DA:171,1
DA:173,1
DA:174,1
DA:175,2
DA:176,3
DA:177,2
DA:187,1
DA:188,1
DA:189,1
DA:190,1
DA:191,3
DA:192,1
DA:193,1
DA:194,1
DA:196,3
DA:197,1
DA:198,1
DA:199,1
DA:203,2
DA:204,1
DA:205,1
DA:206,1
DA:208,2
DA:209,1
DA:210,1
DA:211,1
DA:213,1
DA:214,0
DA:215,0
DA:217,1
DA:219,1
DA:220,1
DA:222,1
DA:223,1
DA:225,1
DA:233,2
DA:234,1
DA:235,1
DA:236,1
DA:237,1
DA:239,2
DA:240,2
DA:241,0
DA:242,0
DA:243,0
DA:244,0
DA:245,0
DA:249,1
DA:251,1
DA:252,1
DA:254,1
DA:259,1
DA:260,1
DA:261,1
DA:263,1
DA:264,1
DA:265,1
DA:266,1
DA:267,1
DA:271,2
DA:283,0
DA:291,0
DA:293,0
DA:294,0
DA:295,0
DA:296,0
DA:297,0
DA:301,0
DA:302,0
DA:303,0
DA:304,0
LF:157
LH:106
end_of_record
SF:lib/state/app/app_providers.dart
DA:5,9
DA:6,0
DA:11,11
LF:3
LH:2
end_of_record
SF:lib/state/app/data_providers.dart
DA:18,4
DA:19,1
DA:20,2
DA:24,4
DA:25,3
DA:28,3
DA:31,0
DA:34,0
DA:35,0
DA:38,7
DA:39,1
DA:40,2
DA:41,2
DA:45,0
DA:46,0
DA:49,0
DA:50,0
DA:51,0
DA:52,0
DA:56,8
DA:60,8
DA:61,2
DA:62,4
DA:63,4
DA:65,4
DA:66,4
DA:71,8
DA:72,2
DA:73,4
DA:74,4
DA:75,4
DA:76,4
DA:80,2
DA:81,1
DA:82,0
DA:85,3
DA:86,0
DA:89,2
DA:90,1
DA:92,0
DA:93,0
DA:96,3
DA:98,0
DA:99,0
DA:102,3
DA:106,0
DA:107,0
LF:47
LH:30
end_of_record
SF:lib/app/router/route_paths.dart
DA:2,0
LF:1
LH:0
end_of_record
SF:lib/widgets/custom_icon_widget.dart
DA:8,2
DA:15,2
DA:18,2
DA:9015,4
DA:9016,2
DA:9017,4
DA:9018,2
DA:9019,2
DA:9020,2
DA:9024,0
DA:9026,0
DA:9028,0
LF:12
LH:9
end_of_record
SF:lib/widgets/custom_image_widget.dart
DA:8,0
DA:9,0
DA:11,0
DA:13,0
DA:25,0
DA:72,0
DA:74,0
DA:75,0
DA:76,0
DA:79,0
DA:80,0
DA:81,0
DA:82,0
DA:87,0
DA:88,0
DA:89,0
DA:90,0
DA:91,0
DA:94,0
DA:99,0
DA:100,0
DA:101,0
DA:102,0
DA:103,0
DA:106,0
DA:110,0
DA:111,0
DA:112,0
DA:113,0
DA:114,0
DA:115,0
DA:116,0
DA:117,0
DA:118,0
DA:119,0
DA:120,0
DA:121,0
DA:122,0
DA:123,0
DA:124,0
DA:128,0
DA:131,0
DA:132,0
DA:133,0
DA:134,0
DA:135,0
DA:136,0
DA:137,0
DA:138,0
DA:140,0
DA:141,0
DA:142,0
DA:143,0
DA:144,0
DA:145,0
DA:146,0
DA:147,0
DA:150,0
DA:151,0
DA:152,0
DA:155,0
DA:156,0
DA:157,0
DA:158,0
DA:159,0
DA:160,0
DA:161,0
DA:162,0
DA:167,0
DA:168,0
DA:169,0
DA:170,0
DA:171,0
DA:172,0
DA:173,0
DA:177,0
LF:76
LH:0
end_of_record
SF:lib/theme/app_theme.dart
DA:5,0
DA:73,3
DA:75,1
DA:79,1
DA:83,1
DA:87,1
DA:88,1
DA:105,1
DA:111,1
DA:125,1
DA:131,1
DA:135,1
DA:140,1
DA:144,2
DA:146,1
DA:147,1
DA:154,1
DA:155,1
DA:157,1
DA:160,1
DA:161,1
DA:166,1
DA:167,1
DA:169,1
DA:172,1
DA:173,1
DA:177,1
DA:178,1
DA:180,1
DA:183,1
DA:184,1
DA:188,1
DA:189,1
DA:192,1
DA:193,1
DA:196,1
DA:197,1
DA:200,1
DA:201,1
DA:204,1
DA:205,1
DA:208,1
DA:212,1
DA:214,1
DA:215,1
DA:216,0
DA:219,1
DA:220,0
DA:221,0
DA:226,1
DA:227,1
DA:228,0
DA:231,1
DA:232,2
DA:234,1
DA:235,1
DA:236,0
DA:244,1
DA:247,1
DA:248,1
DA:256,1
DA:257,1
DA:258,1
DA:259,1
DA:261,1
DA:263,1
DA:265,1
DA:268,2
DA:275,1
DA:278,3
DA:280,1
DA:284,1
DA:288,1
DA:292,1
DA:293,1
DA:310,1
DA:316,1
DA:330,1
DA:336,1
DA:340,1
DA:345,1
DA:349,2
DA:351,1
DA:352,1
DA:358,1
DA:359,1
DA:361,1
DA:364,1
DA:365,1
DA:370,1
DA:371,1
DA:373,1
DA:376,1
DA:377,1
DA:381,1
DA:382,1
DA:384,1
DA:387,1
DA:388,1
DA:392,1
DA:393,1
DA:396,1
DA:397,1
DA:400,1
DA:401,1
DA:404,1
DA:405,1
DA:408,1
DA:409,1
DA:412,1
DA:416,1
DA:418,1
DA:419,1
DA:420,0
DA:423,1
DA:424,0
DA:425,0
DA:430,1
DA:431,1
DA:432,0
DA:435,1
DA:436,2
DA:438,1
DA:439,1
DA:440,0
DA:447,1
DA:450,1
DA:451,1
DA:459,1
DA:460,1
DA:461,1
DA:462,1
DA:464,1
DA:466,1
DA:467,1
DA:468,1
DA:471,2
DA:478,1
DA:482,0
DA:514,0
DA:520,0
DA:526,0
DA:530,0
DA:535,0
DA:536,0
DA:542,0
DA:543,0
DA:546,0
DA:549,0
DA:550,0
DA:555,0
DA:556,0
DA:558,0
DA:561,0
DA:562,0
DA:566,0
DA:569,0
DA:570,0
DA:571,0
DA:574,0
DA:575,0
DA:576,0
DA:581,0
DA:582,0
DA:587,0
DA:592,0
DA:597,0
DA:603,0
DA:606,0
DA:607,0
DA:610,0
DA:612,0
DA:618,0
DA:626,0
DA:632,0
DA:636,0
DA:643,1
DA:650,1
DA:651,1
DA:655,1
DA:657,1
DA:661,1
DA:663,1
DA:668,1
DA:673,1
DA:678,1
DA:683,1
DA:689,1
DA:695,1
DA:701,1
DA:707,1
DA:713,1
DA:719,1
DA:725,1
DA:731,1
LF:195
LH:146
end_of_record
SF:lib/data/models/catalog_item.dart
DA:4,0
DA:6,0
DA:8,0
DA:10,0
DA:16,0
DA:18,0
DA:20,0
DA:22,0
DA:30,0
LF:9
LH:0
end_of_record
SF:lib/data/models/statistics_models.dart
DA:5,2
DA:7,2
DA:9,2
DA:11,0
DA:19,2
DA:43,1
DA:55,3
DA:65,1
DA:79,3
DA:93,2
LF:10
LH:9
end_of_record
SF:lib/data/repositories/catalog_repository.dart
DA:5,0
DA:9,0
DA:10,0
DA:11,0
DA:12,0
DA:13,0
DA:14,0
DA:15,0
DA:16,0
DA:17,0
DA:18,0
DA:19,0
DA:20,0
DA:21,0
DA:22,0
DA:23,0
DA:24,0
DA:27,0
DA:31,0
DA:32,0
LF:20
LH:0
end_of_record
SF:lib/data/repositories/statistics_repository.dart
DA:6,2
DA:16,2
DA:17,4
DA:19,1
DA:20,1
DA:21,3
DA:22,2
DA:24,2
DA:26,2
DA:29,1
DA:30,1
DA:32,2
DA:33,1
DA:34,1
DA:35,1
DA:40,1
DA:45,1
DA:48,2
DA:49,1
DA:50,2
DA:51,2
DA:52,2
DA:53,1
DA:55,1
DA:56,1
DA:63,1
DA:64,2
DA:65,2
DA:66,1
DA:67,3
DA:71,1
DA:72,1
DA:73,2
DA:74,1
DA:75,1
DA:76,2
DA:79,1
DA:80,2
DA:81,3
DA:82,1
DA:83,0
DA:86,1
DA:92,2
DA:93,4
DA:94,4
DA:95,4
DA:96,2
DA:99,10
DA:100,2
DA:101,2
DA:103,8
DA:105,2
DA:106,8
DA:108,2
DA:110,2
DA:111,2
DA:112,6
DA:113,6
DA:115,2
DA:116,2
DA:117,2
DA:118,2
DA:124,2
DA:137,2
DA:141,4
DA:142,2
DA:144,4
DA:145,4
DA:146,2
DA:147,2
DA:148,4
DA:149,4
DA:150,8
DA:154,2
DA:155,4
DA:157,2
DA:159,2
DA:160,2
DA:162,2
DA:163,2
DA:165,2
DA:168,2
DA:169,4
DA:170,4
DA:172,2
DA:173,2
DA:174,8
DA:176,2
DA:178,8
DA:181,4
DA:182,4
DA:184,2
DA:185,2
DA:186,0
DA:189,2
DA:190,2
DA:191,2
DA:192,2
DA:193,2
DA:194,2
DA:195,2
DA:198,4
DA:200,2
DA:203,2
DA:205,2
DA:206,2
DA:207,2
DA:208,2
DA:209,2
DA:211,1
DA:212,1
DA:213,1
DA:214,3
DA:218,2
DA:220,2
DA:221,8
DA:222,2
DA:224,8
DA:226,1
DA:227,1
DA:228,1
DA:230,5
DA:232,1
DA:233,3
DA:234,2
DA:235,1
DA:236,1
DA:237,2
DA:238,1
DA:243,2
DA:245,2
DA:247,6
DA:248,1
DA:249,2
DA:250,1
DA:265,3
DA:269,2
DA:270,8
DA:271,8
DA:274,2
DA:275,4
DA:279,1
DA:280,1
DA:281,1
DA:282,1
DA:283,1
DA:284,1
DA:285,1
DA:290,1
DA:291,2
DA:292,2
DA:293,2
DA:294,3
DA:297,2
DA:298,2
DA:301,12
DA:302,2
DA:303,2
DA:304,2
DA:307,7
DA:308,1
DA:309,2
DA:310,2
DA:311,1
DA:312,1
DA:320,2
DA:321,18
DA:326,4
LF:168
LH:166
end_of_record
SF:lib/services/app_state_service.dart
DA:10,12
DA:11,8
DA:12,4
DA:16,0
DA:20,2
DA:24,2
DA:27,0
DA:30,0
DA:33,0
DA:36,0
DA:40,0
DA:42,0
DA:44,0
DA:46,1
DA:47,1
DA:48,2
DA:49,1
DA:51,1
DA:52,2
DA:53,2
DA:55,1
DA:57,2
DA:58,1
DA:59,1
DA:60,2
DA:61,2
DA:64,1
DA:66,0
DA:67,0
DA:68,0
DA:70,1
DA:74,0
DA:75,0
DA:76,0
DA:80,0
DA:81,0
DA:82,0
DA:83,0
DA:84,0
DA:88,0
DA:89,0
DA:90,0
DA:91,0
DA:92,0
DA:95,0
DA:96,0
DA:97,0
DA:98,0
DA:99,0
DA:102,0
DA:103,0
DA:104,0
DA:105,0
DA:106,0
DA:109,0
DA:110,0
DA:111,0
DA:112,0
DA:113,0
DA:116,0
DA:117,0
DA:118,0
DA:119,0
DA:120,0
DA:124,0
DA:128,0
DA:129,0
DA:130,0
DA:131,0
DA:134,0
DA:135,0
DA:136,0
DA:137,0
DA:138,0
DA:139,0
DA:140,0
DA:141,0
DA:142,0
DA:145,0
DA:146,0
DA:147,0
LF:81
LH:20
end_of_record
SF:lib/state/session/session_providers.dart
DA:11,4
DA:12,1
DA:15,4
DA:16,1
DA:19,4
DA:20,1
DA:23,4
DA:24,1
DA:25,2
DA:29,2
DA:30,2
DA:31,1
DA:32,2
DA:33,2
DA:34,2
DA:35,2
DA:36,2
DA:37,2
DA:38,2
DA:39,2
DA:40,2
LF:21
LH:21
end_of_record
SF:lib/state/session/session_state.dart
DA:17,2
DA:27,4
DA:28,4
DA:29,2
DA:30,2
DA:33,2
DA:34,2
DA:35,2
DA:36,8
DA:37,1
DA:39,4
DA:40,4
DA:47,4
DA:66,3
DA:103,3
DA:104,12
DA:106,3
DA:107,10
DA:109,1
DA:110,4
DA:112,2
DA:113,10
DA:115,3
DA:116,6
DA:117,6
DA:118,15
DA:121,3
DA:122,3
DA:123,3
DA:125,2
DA:127,1
DA:132,3
DA:150,3
DA:151,3
DA:152,3
DA:153,3
DA:154,3
DA:155,3
DA:157,3
DA:159,3
DA:160,3
DA:161,3
DA:162,3
DA:163,3
DA:164,3
DA:165,3
DA:167,3
DA:168,3
DA:169,3
DA:170,3
DA:172,3
DA:173,3
LF:52
LH:52
end_of_record
SF:lib/widgets/session_recovery_dialog.dart
DA:12,0
DA:20,0
DA:21,0
DA:22,0
DA:23,0
DA:26,0
DA:28,0
DA:30,0
DA:31,0
DA:33,0
DA:34,0
DA:35,0
DA:37,0
DA:38,0
DA:39,0
DA:40,0
DA:46,0
DA:48,0
DA:50,0
DA:53,0
DA:54,0
DA:61,0
DA:62,0
DA:64,0
DA:71,0
DA:72,0
DA:74,0
DA:82,0
DA:84,0
DA:85,0
DA:86,0
DA:87,0
DA:88,0
DA:90,0
DA:92,0
DA:93,0
DA:94,0
DA:95,0
DA:96,0
DA:97,0
DA:103,0
DA:105,0
DA:113,0
DA:116,0
DA:119,0
DA:120,0
DA:121,0
DA:122,0
DA:123,0
DA:129,0
DA:131,0
DA:142,0
DA:144,0
DA:146,0
DA:148,0
DA:150,0
DA:151,0
DA:152,0
DA:156,0
DA:157,0
DA:159,0
DA:161,0
DA:163,0
DA:171,0
DA:172,0
DA:174,0
DA:177,0
DA:178,0
DA:179,0
DA:181,0
DA:183,0
DA:185,0
DA:202,0
DA:207,0
DA:208,0
DA:210,0
DA:211,0
DA:212,0
DA:215,0
DA:216,0
DA:217,0
DA:218,0
DA:219,0
DA:220,0
DA:222,0
DA:223,0
DA:224,0
DA:225,0
LF:88
LH:0
end_of_record
SF:lib/presentation/timer_screen/widgets/circular_timer_widget.dart
DA:12,1
DA:21,1
DA:23,1
DA:24,2
DA:26,1
DA:29,1
DA:31,1
DA:32,1
DA:35,1
DA:36,1
DA:37,1
DA:38,1
DA:39,3
DA:46,1
DA:48,1
DA:49,1
DA:50,1
DA:51,1
DA:53,1
DA:54,1
DA:56,3
DA:58,2
DA:59,2
DA:64,2
DA:65,1
DA:66,3
DA:67,1
DA:68,2
DA:69,1
DA:71,1
DA:72,1
DA:75,3
DA:76,1
DA:81,1
DA:82,0
DA:83,0
DA:85,0
DA:86,0
DA:89,0
DA:90,0
DA:94,0
DA:95,0
DA:97,0
DA:98,0
DA:118,1
DA:125,1
DA:127,5
DA:128,5
DA:130,1
DA:131,2
DA:132,1
DA:133,2
DA:134,1
DA:136,1
DA:138,1
DA:139,2
DA:140,1
DA:141,2
DA:142,1
DA:144,3
DA:145,1
DA:146,1
DA:147,2
DA:154,1
DA:156,3
DA:157,3
LF:66
LH:56
end_of_record
SF:lib/presentation/timer_screen/widgets/session_controls_widget.dart
DA:17,1
DA:29,1
DA:31,1
DA:32,1
DA:33,1
DA:34,1
DA:35,1
DA:36,1
DA:37,1
DA:38,1
DA:39,2
DA:40,1
DA:43,0
DA:44,0
DA:45,0
DA:51,1
DA:52,1
DA:53,1
DA:54,2
DA:55,1
DA:56,1
DA:58,1
DA:59,1
DA:63,1
DA:65,1
DA:66,1
DA:67,1
DA:69,1
DA:73,2
DA:74,1
DA:75,1
DA:77,1
DA:78,3
DA:92,2
DA:93,1
DA:94,1
DA:95,1
DA:96,1
DA:97,2
DA:98,1
DA:101,0
DA:102,0
DA:103,0
DA:109,1
DA:110,1
DA:111,1
DA:112,1
DA:116,1
DA:117,2
DA:118,1
DA:119,1
DA:120,2
DA:121,0
DA:122,3
DA:127,1
DA:128,1
DA:132,1
DA:134,2
DA:135,0
DA:136,3
LF:60
LH:52
end_of_record
SF:lib/presentation/timer_screen/widgets/session_info_widget.dart
DA:9,1
DA:16,1
DA:18,1
DA:19,1
DA:20,1
DA:21,1
DA:22,2
DA:23,3
DA:24,2
DA:27,2
DA:28,1
DA:30,2
DA:31,2
DA:32,3
DA:33,1
DA:35,2
DA:38,1
DA:40,1
DA:41,3
DA:42,1
LF:20
LH:20
end_of_record
SF:lib/presentation/timer_screen/widgets/task_input_widget.dart
DA:12,1
DA:19,1
DA:21,1
DA:22,1
DA:23,1
DA:24,2
DA:25,1
DA:26,1
DA:27,3
DA:29,1
DA:30,1
DA:31,1
DA:37,1
DA:38,1
DA:39,1
DA:41,2
DA:42,1
DA:44,1
DA:45,2
DA:46,1
DA:48,2
DA:52,2
DA:56,1
DA:57,1
DA:58,1
LF:25
LH:25
end_of_record
SF:lib/services/audio/ambient_audio_engine.dart
DA:23,2
DA:30,4
DA:32,2
DA:36,2
DA:45,3
DA:51,2
DA:57,2
DA:58,4
DA:75,0
DA:76,0
DA:77,0
DA:79,0
DA:81,1
DA:82,1
DA:85,0
DA:91,0
DA:98,0
DA:100,0
DA:103,0
DA:111,0
DA:112,0
DA:119,0
DA:126,0
DA:130,0
DA:131,0
DA:132,0
DA:135,0
DA:136,0
DA:140,0
DA:145,0
DA:146,0
DA:147,0
DA:149,0
DA:152,0
DA:157,0
DA:159,0
DA:160,0
DA:161,0
DA:162,0
DA:168,0
DA:169,0
DA:171,0
DA:172,0
DA:175,1
DA:179,1
DA:183,1
DA:184,1
DA:185,1
DA:187,1
DA:188,2
DA:189,2
DA:192,1
DA:193,1
DA:194,0
DA:197,1
DA:198,1
DA:199,1
DA:200,0
DA:201,0
DA:202,0
DA:203,0
DA:204,0
DA:205,0
DA:206,0
DA:209,1
DA:210,0
DA:212,0
DA:214,0
DA:217,0
DA:218,0
DA:222,1
DA:225,0
DA:226,0
DA:227,0
DA:229,0
DA:232,0
DA:235,0
DA:236,0
DA:237,0
DA:241,0
DA:242,0
DA:243,0
DA:244,0
DA:245,0
DA:246,0
DA:247,0
DA:251,0
DA:252,0
DA:253,0
DA:255,0
DA:258,0
DA:261,0
DA:262,0
DA:263,0
DA:267,0
DA:268,0
DA:269,0
DA:274,2
DA:275,2
DA:276,2
DA:279,1
DA:282,3
DA:283,1
DA:284,0
DA:290,3
DA:291,1
DA:292,0
DA:294,1
DA:297,0
DA:299,0
DA:301,0
DA:302,0
DA:303,0
DA:304,0
DA:309,0
DA:310,0
DA:311,0
DA:316,0
DA:321,0
DA:322,0
DA:324,0
DA:327,0
DA:332,0
DA:333,0
DA:336,0
DA:344,0
DA:347,0
DA:348,0
DA:349,0
DA:352,0
DA:353,0
DA:355,0
DA:360,0
DA:361,0
DA:364,0
DA:368,0
DA:373,0
DA:375,0
DA:376,0
DA:377,0
DA:379,0
DA:380,0
DA:384,0
DA:389,0
DA:394,0
DA:395,0
DA:397,0
DA:398,0
DA:399,0
DA:400,0
DA:404,0
DA:405,0
DA:408,0
DA:416,0
DA:422,0
DA:423,0
DA:427,0
DA:431,0
DA:434,0
DA:435,0
DA:438,0
DA:439,0
DA:442,0
DA:443,0
DA:444,0
DA:446,0
DA:447,0
DA:448,0
DA:449,0
DA:452,0
DA:453,0
DA:454,0
DA:455,0
DA:457,0
DA:462,0
DA:464,0
DA:465,0
DA:466,0
DA:470,0
DA:471,0
DA:472,0
DA:473,0
DA:474,0
DA:475,0
DA:479,0
DA:480,0
DA:484,0
DA:487,0
DA:488,0
DA:489,0
DA:492,0
DA:493,0
DA:494,0
DA:497,0
DA:498,0
DA:499,0
DA:502,0
DA:505,0
DA:507,0
DA:509,0
DA:514,0
DA:515,0
DA:519,0
DA:520,0
DA:524,0
DA:525,0
DA:526,0
DA:528,0
DA:529,0
DA:530,0
DA:531,0
DA:535,0
DA:539,0
DA:540,0
DA:541,0
DA:544,0
DA:549,0
DA:550,0
DA:551,0
DA:553,0
DA:554,0
DA:555,0
DA:559,0
DA:560,0
DA:561,0
DA:562,0
DA:563,0
DA:565,0
DA:566,0
DA:567,0
DA:568,0
DA:569,0
DA:573,0
DA:575,0
DA:576,0
DA:577,0
DA:578,0
DA:582,0
DA:587,0
DA:592,0
DA:597,0
DA:598,0
DA:601,0
DA:608,0
DA:613,0
DA:615,0
DA:616,0
DA:622,0
DA:623,0
DA:624,0
DA:625,0
DA:628,0
DA:629,0
DA:636,0
DA:637,0
DA:638,0
DA:639,0
DA:640,0
DA:642,0
DA:648,0
DA:651,0
DA:652,0
DA:655,0
DA:656,0
DA:657,0
DA:659,0
DA:660,0
DA:662,0
DA:663,0
DA:666,0
DA:668,0
DA:669,0
DA:672,0
DA:673,0
DA:674,0
DA:680,0
DA:681,0
DA:682,0
DA:683,0
DA:684,0
DA:687,0
DA:689,0
DA:691,0
DA:694,0
DA:698,2
DA:699,2
DA:700,2
DA:701,4
DA:702,2
DA:707,0
DA:720,0
LF:291
LH:39
end_of_record
SF:lib/services/audio/sound_registry.dart
DA:4,2
DA:6,0
DA:8,6
DA:10,0
DA:12,4
DA:14,2
DA:15,4
DA:16,2
DA:19,4
DA:21,0
DA:24,0
DA:25,0
DA:28,6
LF:13
LH:8
end_of_record
SF:lib/services/audio/focus_audio_delegate.dart
DA:8,2
DA:10,1
DA:13,1
DA:16,1
LF:4
LH:4
end_of_record
SF:lib/services/haptic_service.dart
DA:7,6
DA:8,4
DA:9,2
DA:14,0
DA:15,0
DA:16,0
DA:20,0
DA:21,0
DA:22,0
DA:26,0
DA:27,0
DA:28,0
DA:32,0
DA:33,0
DA:36,0
DA:38,0
DA:39,0
DA:41,0
DA:42,0
DA:44,0
DA:45,0
DA:47,0
DA:48,0
LF:23
LH:3
end_of_record
SF:lib/services/home_widget_service.dart
DA:5,6
DA:6,4
DA:7,2
DA:11,2
DA:14,2
DA:15,0
DA:21,1
DA:27,1
DA:28,0
DA:29,0
DA:30,0
DA:31,0
DA:32,0
LF:13
LH:7
end_of_record
SF:lib/services/notification_service.dart
DA:9,6
DA:10,4
DA:11,2
DA:29,2
DA:41,4
DA:43,0
DA:44,0
DA:47,0
DA:48,0
DA:56,0
DA:64,0
DA:73,0
DA:75,0
DA:81,0
DA:86,0
DA:87,0
DA:88,0
DA:95,0
DA:101,0
DA:102,0
DA:103,0
DA:110,0
DA:112,0
DA:113,0
DA:114,0
DA:117,0
DA:119,0
DA:120,0
DA:121,0
DA:122,0
DA:126,0
DA:130,0
DA:132,0
DA:133,0
DA:134,0
DA:135,0
DA:139,0
DA:143,0
DA:145,0
DA:146,0
DA:147,0
DA:150,0
DA:151,0
DA:155,0
DA:161,0
DA:162,0
DA:163,0
DA:164,0
DA:165,0
DA:167,0
DA:168,0
DA:169,0
DA:170,0
DA:171,0
DA:175,0
DA:182,0
DA:183,0
DA:185,0
DA:186,0
DA:187,0
DA:195,0
DA:196,0
DA:198,0
DA:199,0
DA:200,0
DA:201,0
DA:202,0
DA:203,0
DA:208,0
DA:210,0
DA:211,0
DA:212,0
DA:215,0
DA:216,0
DA:217,0
DA:220,0
DA:226,0
DA:228,0
DA:229,0
DA:230,0
DA:234,0
DA:254,0
DA:267,0
DA:280,0
DA:281,0
DA:284,0
DA:286,0
DA:287,0
DA:288,0
DA:289,0
DA:292,0
DA:294,0
DA:295,0
DA:296,0
DA:297,0
DA:298,0
DA:303,0
DA:305,0
DA:306,0
DA:307,0
DA:308,0
DA:316,0
DA:317,0
DA:319,0
DA:320,0
LF:105
LH:5
end_of_record
SF:lib/state/sound/mixer_controller.dart
DA:13,0
DA:27,2
DA:36,4
DA:55,0
DA:56,2
DA:57,0
DA:58,3
DA:59,0
DA:61,0
DA:62,0
DA:63,0
DA:64,0
DA:65,0
DA:66,0
DA:68,2
DA:69,2
DA:70,2
DA:71,2
DA:72,2
DA:75,4
DA:76,2
DA:78,0
DA:85,1
DA:86,1
DA:90,3
DA:92,3
DA:94,1
DA:95,2
DA:98,1
DA:99,4
DA:102,0
DA:103,0
DA:107,0
DA:108,0
DA:109,0
DA:113,0
DA:115,0
DA:117,0
DA:119,0
DA:121,0
DA:123,0
DA:124,0
DA:127,0
DA:128,0
DA:129,0
DA:130,0
DA:135,0
DA:139,0
DA:140,0
DA:141,0
DA:142,0
DA:144,0
DA:145,0
DA:147,0
DA:149,0
DA:151,0
DA:152,0
DA:155,0
DA:158,0
DA:159,0
DA:160,0
DA:165,0
DA:171,0
DA:172,0
DA:173,0
DA:174,0
DA:176,0
DA:177,0
DA:181,0
DA:182,0
DA:183,0
DA:185,0
DA:186,0
DA:187,0
DA:193,0
DA:194,0
DA:195,0
DA:198,0
DA:199,0
DA:200,0
DA:202,0
DA:203,0
DA:210,0
DA:211,0
DA:213,0
DA:214,0
DA:216,0
DA:219,0
DA:220,0
DA:221,0
DA:222,0
DA:224,0
DA:227,0
DA:229,0
DA:230,0
DA:237,0
DA:238,0
DA:239,0
DA:241,0
DA:242,0
DA:244,0
DA:246,0
DA:247,0
DA:250,0
DA:254,1
DA:255,1
DA:256,1
DA:257,1
DA:259,2
DA:260,2
DA:261,1
DA:266,1
DA:267,1
DA:268,2
DA:269,1
DA:270,0
DA:271,0
DA:277,0
DA:278,0
DA:283,0
DA:284,0
DA:285,0
DA:286,0
DA:287,0
DA:288,0
DA:289,0
DA:290,0
DA:292,0
DA:294,0
DA:295,0
DA:296,0
DA:299,0
DA:303,0
DA:305,0
DA:306,0
DA:307,0
DA:309,0
DA:310,0
DA:314,0
DA:315,0
DA:318,0
DA:323,0
DA:325,0
DA:326,0
DA:329,0
DA:333,0
DA:334,0
DA:336,0
DA:337,0
DA:338,0
DA:343,0
DA:346,2
DA:348,6
DA:349,2
DA:352,2
DA:353,4
DA:355,1
DA:356,0
DA:357,0
DA:358,0
DA:359,0
DA:360,0
DA:363,1
DA:365,1
DA:367,1
DA:368,0
DA:373,1
DA:375,1
DA:377,0
DA:380,1
DA:383,1
DA:384,1
DA:385,1
DA:386,1
DA:387,1
DA:388,2
DA:389,6
DA:391,1
DA:393,2
DA:399,0
DA:400,0
DA:402,0
DA:403,0
DA:404,0
DA:408,0
DA:409,0
DA:410,0
DA:411,0
DA:412,0
DA:413,0
DA:417,0
DA:418,0
DA:419,0
DA:424,2
DA:425,6
DA:426,10
DA:427,2
DA:428,4
DA:429,2
DA:430,8
DA:436,0
LF:201
LH:58
end_of_record
SF:lib/state/session/session_controller.dart
DA:20,2
DA:39,4
DA:40,4
DA:41,4
DA:63,2
DA:64,2
DA:65,2
DA:66,2
DA:67,4
DA:68,4
DA:69,4
DA:71,4
DA:75,4
DA:76,4
DA:78,4
DA:79,4
DA:80,4
DA:81,4
DA:83,6
DA:84,2
DA:86,4
DA:89,1
DA:90,3
DA:91,1
DA:94,0
DA:98,4
DA:99,2
DA:100,4
DA:101,1
DA:102,1
DA:105,1
DA:106,3
DA:107,1
DA:110,0
DA:111,0
DA:112,0
DA:113,0
DA:116,0
DA:117,0
DA:118,0
DA:121,0
DA:126,0
DA:131,0
DA:132,0
DA:133,0
DA:136,1
DA:137,2
DA:138,2
DA:140,2
DA:141,2
DA:143,2
DA:144,0
DA:147,2
DA:151,3
DA:153,2
DA:154,0
DA:155,0
DA:160,3
DA:163,3
DA:165,2
DA:166,1
DA:169,1
DA:170,2
DA:171,2
DA:173,3
DA:174,2
DA:180,2
DA:181,0
DA:184,2
DA:185,3
DA:188,2
DA:189,1
DA:192,1
DA:193,2
DA:194,1
DA:197,1
DA:198,2
DA:199,1
DA:200,2
DA:202,2
DA:203,1
DA:206,1
DA:207,1
DA:208,2
DA:209,1
DA:212,1
DA:213,3
DA:214,3
DA:217,2
DA:219,1
DA:220,2
DA:224,3
DA:225,1
DA:226,2
DA:227,1
DA:230,0
DA:231,0
DA:232,0
DA:233,0
DA:234,0
DA:236,0
DA:237,0
DA:240,0
DA:241,0
DA:242,0
DA:243,0
DA:246,1
DA:247,3
DA:248,1
DA:251,1
DA:252,3
DA:253,3
DA:254,1
DA:257,0
DA:258,0
DA:259,0
DA:260,0
DA:263,1
DA:264,2
DA:267,2
DA:268,1
DA:269,1
DA:272,1
DA:274,1
DA:275,2
DA:278,1
DA:281,1
DA:282,2
DA:283,3
DA:285,0
DA:286,0
DA:291,1
DA:292,1
DA:295,1
DA:296,2
DA:298,3
DA:299,3
DA:300,3
DA:301,2
DA:303,2
DA:307,2
DA:308,1
DA:311,1
DA:312,3
DA:313,2
DA:315,1
DA:316,2
DA:318,0
DA:319,0
DA:322,1
DA:324,2
DA:325,1
DA:326,3
DA:327,1
DA:329,0
DA:334,0
DA:339,0
DA:340,0
DA:341,0
DA:343,0
DA:344,0
DA:349,0
DA:350,0
DA:351,0
DA:353,0
DA:354,0
DA:355,0
DA:359,0
DA:363,0
DA:364,0
DA:365,0
DA:368,1
DA:369,1
DA:370,2
DA:371,2
DA:372,2
DA:374,2
DA:378,2
DA:379,0
DA:382,3
DA:383,1
DA:384,2
DA:386,1
DA:387,2
DA:391,3
DA:392,3
DA:394,3
DA:395,3
DA:399,1
DA:400,2
DA:406,1
DA:411,1
DA:413,2
DA:414,0
DA:415,0
DA:418,2
DA:419,1
DA:422,1
DA:424,2
DA:425,0
DA:426,0
DA:430,1
DA:431,1
DA:432,1
DA:433,1
DA:436,1
DA:437,1
DA:438,2
DA:439,0
DA:440,0
DA:441,0
DA:442,0
DA:443,0
DA:446,0
DA:450,2
DA:451,2
DA:452,2
DA:453,2
DA:454,3
DA:458,2
DA:467,2
DA:468,4
DA:470,1
DA:471,2
DA:473,0
DA:474,0
DA:478,2
DA:482,2
DA:486,1
DA:487,2
DA:488,1
DA:489,4
DA:491,2
DA:495,0
DA:499,0
DA:500,0
DA:501,0
DA:502,0
DA:503,0
DA:509,2
DA:510,2
DA:512,1
DA:517,1
DA:518,2
DA:519,2
DA:520,0
DA:521,0
DA:523,0
DA:525,0
DA:527,0
DA:529,0
DA:531,0
DA:533,0
DA:534,0
DA:535,0
DA:536,0
DA:537,0
DA:538,0
DA:540,0
DA:542,0
DA:543,0
DA:545,0
DA:547,0
DA:551,2
DA:552,6
DA:554,4
DA:556,0
DA:557,0
DA:559,0
DA:560,0
DA:563,0
DA:566,0
DA:568,0
DA:570,0
DA:574,4
DA:577,1
DA:578,1
DA:579,2
DA:580,1
DA:581,2
DA:582,2
DA:583,2
DA:585,2
DA:587,2
DA:589,3
DA:592,1
DA:593,3
DA:596,1
DA:598,1
DA:599,0
DA:600,2
DA:604,0
DA:605,0
DA:609,2
DA:611,2
DA:612,4
DA:613,3
DA:614,4
DA:615,2
LF:299
LH:198
end_of_record
SF:lib/state/session/session_tick_driver.dart
DA:12,0
DA:14,0
DA:15,0
DA:18,1
DA:20,1
DA:21,1
DA:24,1
DA:26,1
LF:8
LH:5
end_of_record
SF:lib/services/timer_service.dart
DA:15,3
DA:16,2
DA:17,1
DA:43,0
DA:46,2
DA:47,0
DA:48,0
DA:49,2
DA:50,2
DA:51,0
DA:52,0
DA:53,0
DA:54,0
DA:56,1
DA:57,2
DA:58,2
DA:59,5
DA:62,1
DA:63,5
DA:65,1
DA:66,1
DA:67,1
DA:69,0
DA:71,0
DA:76,0
DA:77,0
DA:78,0
DA:80,0
DA:81,0
DA:86,0
DA:87,0
DA:88,0
DA:90,0
DA:91,0
DA:95,0
DA:96,0
DA:97,0
DA:98,0
DA:99,0
DA:100,0
DA:101,0
DA:102,0
DA:105,0
DA:106,0
DA:107,0
DA:108,0
DA:109,0
DA:110,0
DA:111,0
DA:114,0
DA:115,0
DA:116,0
DA:117,0
DA:119,0
DA:120,0
DA:122,0
DA:123,0
DA:128,0
DA:129,0
DA:130,0
DA:133,0
DA:134,0
DA:135,0
DA:136,0
DA:137,0
DA:138,0
DA:139,0
DA:140,0
DA:141,0
DA:142,0
DA:143,0
DA:146,0
DA:149,0
DA:150,0
DA:151,0
DA:152,0
DA:153,0
DA:154,0
DA:155,0
DA:156,0
DA:157,0
DA:158,0
DA:159,0
DA:163,0
DA:166,0
DA:167,0
DA:168,0
DA:171,0
DA:172,0
DA:173,0
DA:174,0
DA:175,0
DA:176,0
DA:177,0
DA:178,0
DA:180,0
DA:182,0
DA:185,0
DA:186,0
DA:187,0
DA:188,0
DA:189,0
DA:190,0
DA:191,0
DA:192,0
DA:196,0
DA:198,0
DA:202,0
DA:203,0
DA:204,0
DA:205,0
DA:206,0
DA:208,0
DA:211,0
DA:212,0
DA:213,0
DA:214,0
DA:216,0
DA:217,0
DA:220,0
DA:222,0
DA:223,0
DA:224,0
DA:227,0
DA:229,0
DA:230,0
DA:231,0
DA:235,0
DA:236,0
DA:237,0
DA:238,0
DA:239,0
DA:242,0
DA:243,0
DA:244,0
DA:245,0
DA:247,0
DA:250,0
DA:252,0
DA:253,0
DA:254,0
DA:256,0
DA:257,0
DA:259,0
DA:263,0
DA:264,0
DA:268,0
DA:270,0
DA:271,0
DA:272,0
DA:277,0
DA:278,0
DA:279,0
DA:280,0
DA:281,0
DA:283,0
DA:284,0
DA:285,0
DA:288,0
DA:290,0
DA:291,0
DA:292,0
DA:293,0
DA:294,0
DA:297,0
DA:300,0
DA:301,0
DA:302,0
DA:303,0
DA:304,0
DA:305,0
DA:306,0
DA:307,0
DA:308,0
DA:309,0
DA:310,0
DA:311,0
DA:312,0
DA:313,0
DA:314,0
DA:315,0
DA:321,0
DA:322,0
DA:326,0
DA:327,0
DA:328,0
DA:329,0
DA:330,0
DA:331,0
DA:333,0
DA:336,0
DA:337,0
DA:338,0
DA:356,0
LF:194
LH:15
end_of_record
SF:lib/main.dart
DA:15,0
DA:16,0
DA:17,0
DA:18,0
DA:19,0
DA:21,0
DA:23,0
DA:25,0
DA:26,0
DA:31,0
DA:38,0
DA:40,0
DA:43,0
DA:46,0
DA:49,0
DA:54,0
DA:55,0
DA:56,0
DA:57,0
DA:58,0
DA:59,0
DA:68,1
DA:70,1
DA:72,1
DA:73,1
LF:25
LH:4
end_of_record
SF:lib/app/app.dart
DA:7,1
DA:9,1
DA:11,1
DA:13,1
DA:15,1
DA:16,1
DA:17,0
DA:18,1
DA:20,1
DA:24,1
DA:26,1
LF:11
LH:10
end_of_record
SF:lib/app/router/app_router.dart
DA:18,0
DA:20,3
DA:23,1
DA:24,2
DA:28,2
DA:33,1
DA:34,1
DA:36,1
DA:38,1
DA:40,0
DA:42,1
DA:43,0
DA:44,0
DA:46,1
DA:47,1
DA:48,1
DA:49,1
DA:51,0
DA:55,1
DA:56,1
DA:57,1
DA:59,0
DA:63,1
DA:64,1
DA:65,1
DA:67,0
DA:71,1
DA:72,1
DA:73,1
DA:75,0
DA:81,1
DA:83,0
DA:85,1
DA:87,0
DA:88,0
DA:89,0
DA:90,0
DA:91,0
DA:92,0
DA:93,0
DA:99,1
DA:101,0
DA:102,0
DA:103,0
DA:104,0
DA:105,0
DA:106,0
DA:112,1
DA:114,0
DA:117,1
DA:119,0
LF:51
LH:27
end_of_record
SF:lib/app/bootstrap/app_bootstrap.dart
DA:12,0
DA:16,0
DA:18,0
DA:19,0
DA:21,0
DA:22,0
DA:23,0
DA:25,0
DA:34,0
DA:35,0
DA:36,0
DA:37,0
DA:39,0
DA:40,0
DA:41,0
DA:44,0
DA:47,0
DA:48,0
DA:54,0
DA:55,0
DA:65,0
DA:66,0
DA:67,0
DA:73,0
DA:74,0
LF:25
LH:0
end_of_record
SF:lib/firebase_options.dart
DA:18,0
DA:20,0
DA:25,0
DA:26,0
DA:28,0
DA:30,0
DA:31,0
DA:35,0
DA:36,0
DA:40,0
DA:41,0
DA:46,0
LF:12
LH:0
end_of_record
SF:lib/app/router/app_shell.dart
DA:6,0
DA:10,0
DA:11,0
DA:13,0
DA:17,0
DA:19,0
DA:20,0
DA:21,0
DA:22,0
DA:23,0
LF:10
LH:0
end_of_record
SF:lib/features/debug/debug_diagnostics_screen.dart
DA:6,1
DA:8,0
DA:10,0
DA:11,0
DA:13,0
DA:14,0
DA:15,0
DA:17,0
DA:18,0
DA:20,0
DA:21,0
DA:22,0
DA:23,0
DA:25,0
DA:27,0
DA:29,0
DA:31,0
DA:33,0
DA:35,0
DA:37,0
DA:39,0
DA:41,0
DA:50,0
DA:55,0
DA:57,0
DA:60,0
DA:61,0
LF:27
LH:1
end_of_record
SF:lib/presentation/break_screen/break_screen.dart
DA:15,1
DA:26,0
DA:27,0
DA:42,0
DA:44,0
DA:45,0
DA:49,0
DA:52,0
DA:53,0
DA:56,0
DA:58,0
DA:59,0
DA:60,0
DA:61,0
DA:63,0
DA:64,0
DA:65,0
DA:66,0
DA:67,0
DA:69,0
DA:70,0
DA:71,0
DA:74,0
DA:75,0
DA:76,0
DA:77,0
DA:78,0
DA:81,0
DA:82,0
DA:83,0
DA:85,0
DA:86,0
DA:92,0
DA:93,0
DA:94,0
DA:95,0
DA:98,0
DA:99,0
DA:100,0
DA:101,0
DA:102,0
DA:105,0
DA:107,0
DA:108,0
DA:109,0
DA:112,0
DA:114,0
DA:122,0
DA:123,0
DA:124,0
DA:125,0
DA:127,0
DA:128,0
DA:129,0
DA:130,0
DA:131,0
DA:133,0
DA:135,0
DA:136,0
DA:138,0
DA:139,0
DA:140,0
DA:141,0
DA:148,0
DA:149,0
DA:152,0
DA:161,0
DA:166,0
DA:167,0
DA:168,0
DA:170,0
DA:171,0
DA:172,0
DA:183,0
DA:184,0
DA:186,0
DA:187,0
DA:188,0
DA:189,0
DA:190,0
DA:192,0
DA:193,0
DA:199,0
DA:200,0
DA:201,0
DA:203,0
DA:204,0
DA:205,0
DA:208,0
DA:210,0
DA:215,0
DA:219,0
LF:92
LH:1
end_of_record
SF:lib/presentation/custom_sound_mixer_screen/custom_sound_mixer_screen.dart
DA:15,1
DA:17,1
DA:19,1
DA:29,1
DA:31,1
DA:32,4
DA:33,2
DA:37,2
DA:38,1
DA:42,3
DA:43,3
DA:47,1
DA:49,3
DA:50,2
DA:51,1
DA:54,0
DA:55,0
DA:56,0
DA:57,0
DA:58,0
DA:60,0
DA:61,0
DA:62,0
DA:63,0
DA:66,0
DA:67,0
DA:69,0
DA:75,0
DA:76,0
DA:78,0
DA:84,0
DA:85,0
DA:88,0
DA:92,0
DA:94,0
DA:100,0
DA:101,0
DA:110,0
DA:111,0
DA:112,0
DA:113,0
DA:114,0
DA:115,0
DA:116,0
DA:118,0
DA:125,0
DA:126,0
DA:127,0
DA:128,0
DA:129,0
DA:130,0
DA:131,0
DA:132,0
DA:133,0
DA:134,0
DA:135,0
DA:136,0
DA:139,0
DA:140,0
DA:141,0
DA:142,0
DA:144,0
DA:147,0
DA:148,0
DA:153,0
DA:155,0
DA:171,0
DA:172,0
DA:173,0
DA:174,0
DA:175,0
DA:177,0
DA:178,0
DA:179,0
DA:180,0
DA:183,0
DA:184,0
DA:186,0
DA:192,0
DA:193,0
DA:196,0
DA:200,0
DA:203,0
DA:204,0
DA:213,0
DA:214,0
DA:215,0
DA:216,0
DA:217,0
DA:218,0
DA:219,0
DA:221,0
DA:228,0
DA:229,0
DA:230,0
DA:231,0
DA:232,0
DA:233,0
DA:234,0
DA:235,0
DA:236,0
DA:237,0
DA:239,0
DA:242,0
DA:243,0
DA:248,0
DA:250,0
DA:266,1
DA:268,1
DA:270,0
DA:272,0
DA:274,0
DA:276,0
DA:278,0
DA:285,1
DA:287,2
DA:288,2
DA:290,3
DA:292,1
DA:294,1
DA:297,1
DA:303,0
DA:305,1
DA:307,1
DA:308,1
DA:310,1
DA:316,1
DA:318,1
DA:328,1
DA:329,1
DA:330,0
DA:331,1
DA:332,1
DA:333,3
DA:335,1
DA:336,1
DA:337,1
DA:338,3
DA:339,1
DA:341,1
DA:342,2
DA:343,1
DA:344,1
DA:345,1
DA:346,1
DA:347,2
DA:348,1
DA:349,1
DA:351,1
DA:352,0
DA:353,0
DA:354,0
DA:355,0
DA:356,0
DA:357,0
DA:359,0
DA:362,0
DA:363,0
DA:364,0
DA:365,0
DA:366,0
DA:369,0
DA:370,0
DA:371,0
DA:372,0
DA:373,0
DA:374,0
DA:376,0
DA:380,0
DA:381,0
DA:382,0
DA:383,0
DA:384,0
DA:390,2
DA:391,1
DA:392,0
DA:393,0
DA:395,0
DA:397,0
DA:398,0
DA:399,0
DA:400,0
DA:401,0
DA:403,0
DA:404,0
DA:407,0
DA:408,0
DA:415,0
DA:416,0
DA:419,0
DA:426,0
DA:428,0
DA:435,0
DA:437,0
DA:447,2
DA:448,2
DA:449,0
DA:451,0
DA:457,0
DA:458,0
DA:459,0
DA:460,0
DA:461,0
DA:463,0
DA:464,0
DA:466,0
DA:467,0
DA:469,0
DA:470,0
DA:471,0
DA:472,0
DA:473,0
DA:474,0
DA:475,0
DA:477,0
DA:480,0
DA:481,0
DA:482,0
DA:483,0
DA:484,0
DA:485,0
DA:491,2
DA:495,3
DA:496,1
DA:497,1
DA:500,1
DA:501,1
DA:503,1
LF:228
LH:61
end_of_record
SF:lib/presentation/onboarding_setup_flow_screen/onboarding_setup_flow_screen.dart
DA:20,1
DA:22,0
DA:24,0
DA:44,0
DA:46,0
DA:47,0
DA:51,0
DA:52,0
DA:53,0
DA:55,0
DA:56,0
DA:59,0
DA:60,0
DA:63,0
DA:65,0
DA:66,0
DA:69,0
DA:70,0
DA:74,0
DA:75,0
DA:76,0
DA:77,0
DA:79,0
DA:80,0
DA:81,0
DA:86,0
DA:87,0
DA:88,0
DA:89,0
DA:90,0
DA:94,0
DA:95,0
DA:96,0
DA:97,0
DA:98,0
DA:99,0
DA:100,0
DA:101,0
DA:102,0
DA:104,0
DA:107,0
DA:108,0
DA:109,0
DA:110,0
DA:111,0
DA:112,0
DA:113,0
DA:114,0
DA:115,0
DA:116,0
DA:117,0
DA:121,0
DA:122,0
DA:128,0
DA:130,0
DA:132,0
DA:133,0
DA:134,0
DA:135,0
DA:136,0
DA:138,0
DA:139,0
DA:140,0
DA:141,0
DA:142,0
DA:143,0
DA:145,0
DA:146,0
DA:147,0
DA:148,0
DA:149,0
DA:150,0
DA:151,0
DA:152,0
DA:153,0
DA:155,0
DA:165,0
DA:166,0
DA:167,0
DA:168,0
DA:172,0
DA:175,0
DA:176,0
DA:177,0
DA:178,0
DA:179,0
DA:180,0
DA:183,0
DA:185,0
DA:186,0
DA:197,0
DA:198,0
DA:199,0
DA:200,0
DA:201,0
DA:202,0
DA:204,0
DA:205,0
DA:206,0
DA:207,0
DA:209,0
DA:210,0
DA:211,0
DA:212,0
DA:214,0
DA:215,0
DA:216,0
DA:217,0
DA:218,0
DA:219,0
DA:220,0
DA:221,0
DA:223,0
DA:224,0
DA:225,0
DA:226,0
DA:227,0
DA:228,0
DA:235,0
DA:236,0
DA:237,0
DA:238,0
DA:239,0
DA:240,0
DA:242,0
DA:243,0
DA:246,0
DA:247,0
DA:248,0
DA:249,0
DA:254,0
DA:260,0
DA:261,0
DA:263,0
DA:264,0
LF:135
LH:1
end_of_record
SF:lib/presentation/onboarding_welcome_screen/onboarding_welcome_screen.dart
DA:11,1
DA:13,1
DA:15,1
DA:23,1
DA:25,1
DA:26,2
DA:30,2
DA:31,1
DA:34,2
DA:37,1
DA:39,2
DA:40,1
DA:43,0
DA:44,0
DA:47,1
DA:49,1
DA:51,1
DA:52,1
DA:53,1
DA:54,1
DA:55,1
DA:56,1
DA:57,2
DA:58,1
DA:59,2
DA:60,1
DA:62,1
DA:63,2
DA:65,2
DA:67,2
DA:68,2
DA:69,2
LF:32
LH:30
end_of_record
SF:lib/presentation/post_session_reflection_screen/post_session_reflection_screen.dart
DA:16,1
DA:18,1
DA:20,1
DA:40,0
DA:41,0
DA:42,0
DA:43,0
DA:44,0
DA:45,0
DA:47,1
DA:49,1
DA:50,2
DA:54,2
DA:57,3
DA:58,2
DA:60,2
DA:64,2
DA:65,1
DA:69,2
DA:70,2
DA:71,2
DA:72,2
DA:75,1
DA:77,2
DA:78,2
DA:79,2
DA:80,2
DA:81,2
DA:82,2
DA:83,1
DA:86,0
DA:87,0
DA:88,0
DA:90,0
DA:91,0
DA:92,0
DA:93,0
DA:94,0
DA:95,0
DA:96,0
DA:97,0
DA:100,0
DA:103,0
DA:104,0
DA:105,0
DA:108,0
DA:109,0
DA:110,0
DA:111,0
DA:112,0
DA:113,0
DA:114,0
DA:115,0
DA:116,0
DA:117,0
DA:118,0
DA:120,0
DA:128,0
DA:129,0
DA:130,0
DA:131,0
DA:132,0
DA:138,0
DA:139,0
DA:142,0
DA:143,0
DA:144,0
DA:145,0
DA:147,0
DA:148,0
DA:150,0
DA:151,0
DA:152,0
DA:154,0
DA:155,0
DA:157,0
DA:163,0
DA:164,0
DA:166,0
DA:173,0
DA:174,0
DA:175,0
DA:176,0
DA:177,0
DA:178,0
DA:179,0
DA:181,0
DA:188,0
DA:189,0
DA:190,0
DA:191,0
DA:192,0
DA:195,0
DA:196,0
DA:200,0
DA:202,0
DA:218,0
DA:219,0
DA:221,0
DA:222,0
DA:223,0
DA:225,0
DA:231,0
DA:232,0
DA:233,0
DA:235,0
DA:236,0
DA:241,0
DA:243,0
DA:244,0
DA:245,0
DA:247,0
DA:249,0
DA:252,0
DA:253,0
DA:255,0
DA:261,0
DA:262,0
DA:264,0
DA:272,0
DA:273,0
DA:275,0
DA:278,0
DA:279,0
DA:280,0
DA:284,0
DA:285,0
DA:287,0
DA:289,0
DA:291,0
DA:299,0
DA:300,0
DA:301,0
DA:302,0
DA:303,0
DA:306,0
DA:307,0
DA:308,0
DA:310,0
DA:311,0
DA:312,0
DA:316,0
DA:318,0
DA:323,0
DA:324,0
DA:325,0
DA:328,0
DA:329,0
DA:330,0
DA:332,0
DA:333,0
DA:334,0
DA:338,0
DA:340,0
DA:353,0
DA:354,0
DA:355,0
DA:356,0
DA:359,1
DA:361,4
DA:362,2
DA:363,1
DA:365,0
DA:367,0
DA:368,0
DA:369,0
DA:372,1
DA:373,1
DA:374,1
DA:375,1
DA:376,1
DA:378,1
DA:379,1
DA:382,2
DA:383,1
DA:384,1
DA:385,1
DA:386,1
DA:387,1
DA:388,1
DA:389,1
DA:391,1
DA:393,1
DA:395,1
DA:396,1
DA:397,1
DA:398,1
DA:400,1
DA:406,2
DA:407,1
DA:409,1
DA:419,2
DA:422,1
DA:424,1
DA:430,2
DA:431,1
DA:432,1
DA:435,0
DA:437,0
DA:442,2
DA:443,1
DA:444,1
DA:446,2
DA:447,1
DA:448,1
DA:449,1
DA:450,3
DA:451,0
DA:452,0
DA:453,0
DA:454,0
DA:456,0
DA:457,0
DA:461,1
DA:465,2
DA:468,1
DA:470,1
DA:476,1
DA:478,1
DA:484,2
DA:485,1
DA:488,1
DA:490,1
DA:494,1
DA:496,1
DA:499,1
DA:502,2
DA:505,1
DA:507,1
DA:513,2
DA:514,1
DA:515,1
DA:517,1
DA:519,1
DA:520,1
DA:522,1
DA:527,1
DA:530,1
DA:536,1
DA:537,1
DA:545,2
DA:552,1
DA:553,1
DA:554,1
DA:555,1
DA:557,1
DA:558,1
DA:559,1
DA:560,1
DA:561,1
DA:562,1
DA:567,1
DA:569,1
DA:577,2
DA:578,1
DA:580,1
DA:581,2
DA:582,1
DA:585,1
DA:586,1
DA:593,1
DA:595,1
DA:613,1
DA:614,0
DA:615,0
DA:616,0
DA:617,0
DA:618,0
DA:619,0
DA:621,0
DA:622,0
DA:623,0
DA:624,0
DA:626,0
DA:633,0
DA:635,0
LF:276
LH:117
end_of_record
SF:lib/presentation/session_completion_screen/session_completion_screen.dart
DA:15,1
DA:24,0
DA:26,0
DA:40,0
DA:42,0
DA:43,0
DA:47,0
DA:50,0
DA:51,0
DA:54,0
DA:57,0
DA:60,0
DA:62,0
DA:63,0
DA:64,0
DA:66,0
DA:67,0
DA:68,0
DA:69,0
DA:73,0
DA:74,0
DA:75,0
DA:76,0
DA:79,0
DA:80,0
DA:82,0
DA:83,0
DA:84,0
DA:89,0
DA:90,0
DA:91,0
DA:92,0
DA:94,0
DA:95,0
DA:96,0
DA:97,0
DA:102,0
DA:103,0
DA:104,0
DA:105,0
DA:108,0
DA:110,0
DA:111,0
DA:112,0
DA:115,0
DA:117,0
DA:120,0
DA:121,0
DA:122,0
DA:124,0
DA:125,0
DA:126,0
DA:127,0
DA:128,0
DA:130,0
DA:132,0
DA:137,0
DA:141,0
DA:143,0
DA:144,0
DA:145,0
DA:156,0
DA:157,0
DA:159,0
DA:160,0
DA:161,0
DA:162,0
DA:164,0
DA:165,0
DA:166,0
DA:167,0
DA:174,0
DA:175,0
DA:176,0
DA:178,0
LF:75
LH:1
end_of_record
SF:lib/presentation/settings_screen/settings_screen.dart
DA:22,1
DA:24,0
DA:25,0
DA:72,0
DA:74,0
DA:75,0
DA:78,0
DA:80,0
DA:81,0
DA:82,0
DA:84,0
DA:87,0
DA:88,0
DA:89,0
DA:90,0
DA:91,0
DA:92,0
DA:93,0
DA:94,0
DA:95,0
DA:96,0
DA:97,0
DA:98,0
DA:99,0
DA:100,0
DA:101,0
DA:102,0
DA:103,0
DA:104,0
DA:105,0
DA:106,0
DA:107,0
DA:108,0
DA:112,0
DA:113,0
DA:114,0
DA:115,0
DA:116,0
DA:117,0
DA:119,0
DA:120,0
DA:121,0
DA:122,0
DA:123,0
DA:124,0
DA:127,0
DA:130,0
DA:131,0
DA:132,0
DA:140,0
DA:141,0
DA:142,0
DA:143,0
DA:144,0
DA:145,0
DA:146,0
DA:147,0
DA:149,0
DA:151,0
DA:152,0
DA:153,0
DA:156,0
DA:157,0
DA:164,0
DA:165,0
DA:169,0
DA:170,0
DA:171,0
DA:172,0
DA:173,0
DA:174,0
DA:175,0
DA:176,0
DA:177,0
DA:178,0
DA:179,0
DA:180,0
DA:181,0
DA:182,0
DA:183,0
DA:184,0
DA:185,0
DA:186,0
DA:187,0
DA:188,0
DA:189,0
DA:190,0
DA:191,0
DA:193,0
DA:194,0
DA:200,0
DA:208,0
DA:209,0
DA:213,0
DA:214,0
DA:215,0
DA:216,0
DA:217,0
DA:218,0
DA:219,0
DA:221,0
DA:222,0
DA:223,0
DA:224,0
DA:226,0
DA:227,0
DA:228,0
DA:229,0
DA:231,0
DA:233,0
DA:237,0
DA:238,0
DA:239,0
DA:240,0
DA:241,0
DA:245,0
DA:246,0
DA:247,0
DA:248,0
DA:250,0
DA:252,0
DA:258,0
DA:259,0
DA:261,0
DA:262,0
DA:263,0
DA:264,0
DA:278,0
DA:279,0
DA:281,0
DA:282,0
DA:283,0
DA:284,0
DA:285,0
DA:290,0
DA:295,0
DA:298,0
DA:299,0
DA:300,0
DA:305,0
DA:310,0
DA:311,0
DA:315,0
DA:316,0
DA:317,0
DA:318,0
DA:319,0
DA:321,0
DA:322,0
DA:323,0
DA:324,0
DA:326,0
DA:330,0
DA:331,0
DA:332,0
DA:333,0
DA:334,0
DA:336,0
DA:340,0
DA:341,0
DA:342,0
DA:353,0
DA:355,0
DA:356,0
DA:357,0
DA:358,0
DA:359,0
DA:363,0
DA:365,0
DA:366,0
DA:367,0
DA:368,0
DA:370,0
DA:371,0
DA:378,0
DA:386,0
DA:388,0
DA:390,0
DA:391,0
DA:392,0
DA:393,0
DA:395,0
DA:396,0
DA:398,0
DA:400,0
DA:403,0
DA:405,0
DA:407,0
DA:414,0
DA:416,0
DA:424,0
DA:425,0
DA:435,0
DA:436,0
DA:442,0
DA:443,0
DA:444,0
DA:446,0
DA:448,0
DA:450,0
DA:451,0
DA:453,0
DA:459,0
DA:460,0
DA:462,0
DA:463,0
DA:464,0
DA:465,0
DA:466,0
DA:467,0
DA:468,0
DA:469,0
DA:470,0
DA:471,0
DA:473,0
DA:475,0
DA:476,0
DA:478,0
DA:479,0
DA:482,0
DA:483,0
DA:484,0
DA:490,0
DA:493,0
DA:504,0
DA:512,0
DA:514,0
DA:515,0
DA:516,0
DA:518,0
DA:519,0
DA:520,0
DA:523,0
DA:524,0
DA:529,0
DA:531,0
DA:532,0
DA:533,0
DA:534,0
DA:535,0
DA:536,0
DA:537,0
DA:539,0
DA:541,0
DA:542,0
DA:543,0
DA:544,0
DA:545,0
DA:546,0
DA:547,0
DA:549,0
DA:552,0
DA:553,0
DA:554,0
DA:557,0
DA:559,0
DA:562,0
DA:563,0
DA:564,0
DA:567,0
DA:569,0
DA:572,0
DA:573,0
DA:574,0
DA:578,0
DA:581,0
DA:582,0
DA:583,0
DA:584,0
DA:585,0
DA:586,0
DA:587,0
DA:588,0
DA:589,0
DA:590,0
DA:591,0
DA:592,0
DA:594,0
DA:595,0
DA:597,0
DA:598,0
DA:599,0
DA:601,0
DA:603,0
DA:604,0
DA:606,0
DA:608,0
DA:609,0
DA:611,0
DA:612,0
DA:613,0
DA:614,0
DA:616,0
DA:617,0
DA:626,0
DA:628,0
DA:630,0
DA:631,0
DA:633,0
DA:634,0
DA:635,0
DA:636,0
DA:638,0
DA:639,0
DA:648,0
DA:650,0
DA:654,0
DA:655,0
DA:656,0
DA:657,0
DA:658,0
DA:659,0
DA:660,0
DA:662,0
DA:664,0
DA:666,0
DA:667,0
DA:668,0
DA:669,0
DA:672,0
DA:675,0
DA:676,0
DA:687,0
DA:688,0
DA:689,0
DA:692,0
DA:693,0
DA:695,0
DA:701,0
DA:703,0
DA:712,0
DA:724,0
DA:727,0
DA:730,0
DA:731,0
DA:732,0
DA:733,0
DA:734,0
DA:735,0
DA:736,0
DA:737,0
DA:738,0
DA:739,0
DA:741,0
DA:742,0
DA:743,0
DA:744,0
DA:747,0
DA:750,0
DA:751,0
DA:752,0
DA:756,0
DA:757,0
DA:758,0
DA:760,0
DA:761,0
DA:762,0
DA:764,0
DA:765,0
DA:766,0
DA:767,0
DA:772,0
DA:775,0
DA:778,0
DA:779,0
DA:780,0
DA:781,0
DA:784,0
DA:785,0
DA:786,0
DA:788,0
DA:789,0
DA:790,0
DA:792,0
DA:793,0
DA:794,0
DA:795,0
DA:800,0
DA:803,0
DA:804,0
DA:805,0
DA:807,0
DA:808,0
DA:809,0
DA:811,0
DA:812,0
DA:813,0
DA:814,0
DA:819,0
DA:822,0
DA:823,0
DA:824,0
DA:826,0
DA:827,0
DA:828,0
DA:830,0
DA:831,0
DA:832,0
DA:833,0
DA:838,0
DA:843,0
DA:844,0
DA:845,0
DA:847,0
DA:848,0
DA:849,0
DA:851,0
DA:852,0
DA:853,0
DA:854,0
DA:859,0
DA:861,0
DA:862,0
DA:864,0
DA:865,0
DA:866,0
DA:871,0
DA:874,0
DA:876,0
DA:879,0
DA:880,0
DA:881,0
DA:883,0
DA:886,0
DA:888,0
DA:889,0
DA:892,0
DA:893,0
DA:894,0
DA:895,0
DA:897,0
DA:902,0
LF:432
LH:1
end_of_record
SF:lib/presentation/statistics_screen/statistics_screen.dart
DA:18,1
DA:20,1
DA:21,1
DA:27,1
DA:28,1
DA:29,1
DA:31,1
DA:38,0
DA:39,0
DA:40,0
DA:41,0
DA:42,0
DA:43,0
DA:46,0
DA:47,0
DA:48,0
DA:49,0
DA:50,0
DA:51,0
DA:52,0
DA:60,0
DA:61,0
DA:62,0
DA:66,0
DA:67,0
DA:68,0
DA:69,0
DA:70,0
DA:72,0
DA:73,0
DA:75,0
DA:77,0
DA:78,0
DA:80,0
DA:81,0
DA:82,0
DA:83,0
DA:87,0
DA:88,0
DA:89,0
DA:91,0
DA:92,0
DA:93,0
DA:99,0
DA:100,0
DA:102,0
DA:103,0
DA:115,0
DA:116,0
DA:117,0
DA:118,0
DA:121,1
DA:123,1
DA:124,3
DA:125,5
DA:126,3
DA:127,3
DA:129,1
DA:130,1
DA:131,1
DA:132,1
DA:133,3
DA:134,1
DA:135,1
DA:136,0
DA:137,1
DA:138,1
DA:139,0
DA:140,0
DA:141,1
DA:142,1
DA:143,0
DA:145,0
DA:146,0
DA:147,1
DA:148,1
DA:149,0
DA:151,0
DA:152,0
DA:153,1
DA:155,2
DA:156,2
DA:160,1
DA:161,1
DA:162,2
DA:163,1
DA:165,1
DA:166,1
DA:167,1
DA:170,1
DA:171,1
DA:172,2
DA:173,1
DA:175,4
DA:176,1
DA:177,1
DA:178,1
DA:180,1
DA:183,2
DA:184,1
DA:185,3
DA:186,2
DA:188,2
DA:189,1
DA:191,1
DA:192,1
DA:193,0
DA:194,0
DA:195,0
DA:200,2
DA:201,1
DA:203,2
DA:204,1
DA:208,2
DA:209,1
DA:210,2
DA:211,1
DA:213,2
DA:214,1
DA:218,2
DA:219,1
DA:220,2
DA:221,1
DA:223,3
DA:224,1
DA:226,1
DA:228,1
DA:230,1
DA:231,0
DA:232,0
DA:235,2
DA:236,1
DA:239,2
DA:240,1
DA:242,2
DA:243,1
DA:247,2
DA:248,1
DA:251,2
DA:271,1
DA:272,1
DA:274,1
DA:275,1
DA:276,4
DA:278,1
DA:280,1
DA:281,2
DA:282,2
DA:286,1
DA:288,1
DA:290,0
DA:292,0
DA:297,1
DA:298,1
DA:300,1
DA:301,1
DA:303,3
DA:307,1
DA:310,1
DA:312,2
DA:322,0
DA:326,0
DA:328,0
DA:329,0
DA:330,0
LF:165
LH:100
end_of_record
SF:lib/presentation/tasks_screen/tasks_screen.dart
DA:21,1
DA:23,1
DA:24,1
DA:33,0
DA:34,0
DA:35,0
DA:38,0
DA:39,0
DA:40,0
DA:44,0
DA:46,0
DA:47,0
DA:48,0
DA:50,0
DA:51,0
DA:52,0
DA:54,0
DA:55,0
DA:56,0
DA:57,0
DA:58,0
DA:59,0
DA:60,0
DA:61,0
DA:62,0
DA:64,0
DA:65,0
DA:67,0
DA:68,0
DA:69,0
DA:72,0
DA:79,0
DA:80,0
DA:81,0
DA:82,0
DA:83,0
DA:84,0
DA:85,0
DA:86,0
DA:88,0
DA:92,0
DA:98,0
DA:99,0
DA:100,0
DA:101,0
DA:102,0
DA:103,0
DA:104,0
DA:105,0
DA:106,0
DA:107,0
DA:108,0
DA:109,0
DA:110,0
DA:111,0
DA:113,0
DA:116,0
DA:117,0
DA:118,0
DA:119,0
DA:120,0
DA:121,0
DA:122,0
DA:127,0
DA:128,0
DA:129,0
DA:130,0
DA:131,0
DA:132,0
DA:133,0
DA:134,0
DA:135,0
DA:136,0
DA:137,0
DA:138,0
DA:139,0
DA:140,0
DA:141,0
DA:142,0
DA:147,0
DA:148,0
DA:149,0
DA:150,0
DA:151,0
DA:154,1
DA:156,3
DA:158,1
DA:159,1
DA:161,0
DA:162,0
DA:163,1
DA:164,2
DA:165,2
DA:166,1
DA:168,1
DA:170,1
DA:171,1
DA:173,1
DA:174,1
DA:175,4
DA:176,1
DA:178,1
DA:179,1
DA:181,1
DA:185,1
DA:188,2
DA:189,1
DA:190,4
DA:191,1
DA:200,2
DA:201,1
DA:203,1
DA:204,0
DA:206,0
DA:207,0
DA:209,0
DA:211,0
DA:212,0
DA:213,0
DA:215,0
DA:216,0
DA:217,0
DA:218,0
DA:219,0
DA:220,0
DA:222,0
DA:223,0
DA:224,0
DA:225,0
DA:226,0
DA:227,0
DA:228,0
DA:229,0
DA:233,0
DA:234,0
DA:235,0
DA:236,0
DA:237,0
DA:238,0
DA:239,0
DA:241,0
DA:247,0
DA:248,0
DA:253,0
DA:256,0
DA:257,0
DA:261,0
DA:262,0
DA:263,0
DA:273,0
DA:274,0
DA:275,0
DA:276,0
DA:278,0
DA:280,0
DA:281,0
DA:282,0
DA:283,0
DA:284,0
DA:285,0
DA:293,0
DA:301,1
DA:305,1
DA:306,0
DA:307,0
DA:308,0
DA:310,1
DA:313,1
DA:316,1
DA:317,1
DA:318,1
LF:171
LH:36
end_of_record
SF:lib/widgets/custom_bottom_bar.dart
DA:9,0
DA:15,0
DA:16,0
DA:17,0
DA:19,0
DA:22,0
DA:24,0
DA:25,0
DA:27,0
DA:28,0
DA:29,0
DA:30,0
DA:31,0
DA:33,0
DA:34,0
DA:40,0
DA:42,0
DA:44,0
DA:45,0
DA:46,0
DA:53,0
DA:60,0
DA:67,0
DA:81,0
DA:88,0
DA:89,0
DA:91,0
DA:92,0
DA:94,0
DA:95,0
DA:97,0
DA:98,0
DA:99,0
DA:101,0
DA:106,0
DA:109,0
DA:110,0
DA:112,0
DA:114,0
DA:120,0
DA:122,0
DA:127,0
DA:130,0
DA:135,0
DA:137,0
LF:45
LH:0
end_of_record
SF:lib/data/models/task_entity.dart
DA:4,0
DA:28,0
DA:29,0
DA:30,0
DA:31,0
DA:32,0
DA:33,0
DA:34,0
DA:35,0
DA:36,0
DA:37,0
DA:38,0
DA:39,0
DA:45,0
LF:14
LH:0
end_of_record
SF:lib/widgets/custom_error_widget.dart
DA:14,0
DA:16,0
DA:18,0
DA:19,0
DA:21,0
DA:22,0
DA:23,0
DA:25,0
DA:28,0
DA:29,0
DA:35,0
DA:44,0
DA:55,0
DA:56,0
DA:57,0
DA:59,0
DA:61,0
DA:70,0
DA:71,0
DA:77,0
DA:78,0
LF:21
LH:0
end_of_record
SF:lib/presentation/break_screen/widgets/break_background_widget.dart
DA:6,0
DA:8,0
DA:9,0
DA:17,0
DA:19,0
DA:20,0
DA:23,0
DA:24,0
DA:25,0
DA:29,0
DA:31,0
DA:32,0
DA:35,0
DA:37,0
DA:40,0
DA:41,0
DA:42,0
DA:43,0
DA:44,0
DA:45,0
DA:48,0
DA:49,0
DA:52,0
DA:61,0
LF:24
LH:0
end_of_record
SF:lib/presentation/break_screen/widgets/break_suggestions_widget.dart
DA:8,0
DA:10,0
DA:11,0
DA:19,0
DA:21,0
DA:22,0
DA:26,0
DA:29,0
DA:30,0
DA:31,0
DA:35,0
DA:37,0
DA:38,0
DA:41,0
DA:42,0
DA:43,0
DA:50,0
DA:53,0
DA:55,0
DA:60,0
DA:61,0
DA:62,0
DA:64,0
DA:65,0
DA:67,0
DA:68,0
DA:69,0
DA:71,0
DA:72,0
DA:73,0
DA:74,0
DA:82,0
DA:84,0
DA:86,0
DA:88,0
DA:94,0
DA:96,0
DA:97,0
DA:98,0
DA:101,0
DA:104,0
LF:41
LH:0
end_of_record
SF:lib/presentation/break_screen/widgets/break_timer_widget.dart
DA:11,0
DA:18,0
DA:19,0
DA:20,0
DA:21,0
DA:24,0
DA:25,0
DA:26,0
DA:29,0
DA:31,0
DA:35,0
DA:38,0
DA:41,0
DA:43,0
DA:44,0
DA:47,0
DA:48,0
DA:49,0
DA:51,0
DA:57,0
DA:59,0
DA:60,0
DA:61,0
DA:62,0
DA:63,0
DA:70,0
DA:75,0
DA:76,0
DA:77,0
DA:79,0
DA:80,0
DA:81,0
DA:103,0
DA:111,0
DA:113,0
DA:114,0
DA:116,0
DA:117,0
DA:118,0
DA:119,0
DA:120,0
DA:121,0
DA:123,0
DA:124,0
DA:125,0
DA:126,0
DA:127,0
DA:129,0
DA:130,0
DA:131,0
DA:132,0
DA:133,0
DA:139,0
DA:141,0
LF:54
LH:0
end_of_record
SF:lib/presentation/custom_sound_mixer_screen/widgets/saved_mix_card_widget.dart
DA:13,0
DA:23,0
DA:25,0
DA:26,0
DA:27,0
DA:28,0
DA:30,0
DA:32,0
DA:33,0
DA:34,0
DA:35,0
DA:37,0
DA:38,0
DA:39,0
DA:40,0
DA:45,0
DA:46,0
DA:47,0
DA:48,0
DA:49,0
DA:52,0
DA:53,0
DA:54,0
DA:56,0
DA:58,0
DA:60,0
DA:66,0
DA:67,0
DA:68,0
DA:70,0
DA:71,0
DA:72,0
DA:73,0
DA:80,0
DA:81,0
DA:82,0
DA:83,0
DA:93,0
DA:94,0
DA:99,0
DA:100,0
DA:101,0
DA:103,0
DA:105,0
DA:113,0
DA:114,0
DA:115,0
DA:123,0
DA:125,0
DA:132,0
DA:133,0
DA:134,0
DA:141,0
DA:142,0
DA:143,0
LF:55
LH:0
end_of_record
SF:lib/presentation/custom_sound_mixer_screen/widgets/sound_card_widget.dart
DA:18,1
DA:32,1
DA:33,1
DA:41,1
DA:43,1
DA:44,2
DA:48,2
DA:49,1
DA:52,2
DA:55,0
DA:57,0
DA:58,0
DA:59,0
DA:60,0
DA:62,0
DA:67,1
DA:69,2
DA:70,1
DA:73,1
DA:75,1
DA:76,1
DA:77,1
DA:78,1
DA:80,2
DA:81,1
DA:83,1
DA:84,1
DA:85,2
DA:86,0
DA:90,1
DA:91,1
DA:92,2
DA:95,0
DA:97,2
DA:98,2
DA:99,0
DA:105,1
DA:106,3
DA:107,1
DA:108,1
DA:109,1
DA:110,1
DA:111,1
DA:114,1
DA:115,2
DA:116,0
DA:118,1
DA:120,1
DA:121,2
DA:122,2
DA:128,2
DA:129,1
DA:130,1
DA:131,2
DA:132,1
DA:139,1
DA:140,2
DA:143,1
DA:144,2
DA:145,2
DA:149,1
DA:155,2
DA:156,0
DA:157,0
DA:158,0
DA:159,0
DA:164,0
DA:165,0
DA:166,0
DA:171,0
DA:174,0
DA:180,0
DA:181,0
DA:184,0
DA:188,0
DA:195,0
DA:196,0
DA:197,0
DA:198,0
DA:200,0
DA:203,0
DA:204,0
DA:205,0
DA:206,0
DA:207,0
DA:208,0
DA:210,0
DA:211,0
DA:212,0
DA:215,0
LF:90
LH:52
end_of_record
SF:lib/presentation/onboarding_setup_flow_screen/widgets/atmosphere_step_widget.dart
DA:9,0
DA:18,1
DA:20,3
DA:22,1
DA:24,1
DA:25,1
DA:27,1
DA:28,1
DA:34,2
DA:35,1
DA:37,1
DA:38,1
DA:44,2
DA:45,1
DA:47,1
DA:48,1
DA:53,2
DA:54,1
DA:55,1
DA:56,0
DA:58,0
DA:60,2
DA:62,1
DA:63,2
DA:64,2
DA:65,1
DA:67,3
DA:68,0
DA:72,1
DA:81,1
DA:91,1
DA:93,1
DA:94,1
DA:95,1
DA:97,3
DA:98,1
DA:99,1
DA:100,1
DA:102,1
DA:103,1
DA:104,1
DA:107,1
DA:108,1
DA:109,1
DA:115,1
DA:116,1
DA:117,1
DA:118,1
DA:119,1
DA:120,1
DA:121,1
DA:122,1
DA:124,1
DA:126,1
DA:127,1
DA:128,2
DA:133,2
DA:134,1
DA:135,1
DA:137,1
DA:138,1
DA:139,2
DA:140,1
DA:141,1
DA:146,1
DA:147,2
DA:148,1
DA:149,1
DA:157,1
DA:158,1
DA:159,1
DA:160,1
LF:72
LH:68
end_of_record
SF:lib/presentation/onboarding_setup_flow_screen/widgets/break_duration_step_widget.dart
DA:10,0
DA:16,0
DA:18,0
DA:27,0
DA:29,0
DA:30,0
DA:31,0
DA:34,0
DA:36,0
DA:38,0
DA:39,0
DA:41,0
DA:42,0
DA:48,0
DA:49,0
DA:51,0
DA:52,0
DA:58,0
DA:59,0
DA:61,0
DA:62,0
DA:67,0
DA:68,0
DA:69,0
DA:70,0
DA:71,0
DA:72,0
DA:77,0
DA:83,0
DA:84,0
DA:85,0
DA:86,0
DA:87,0
DA:88,0
DA:89,0
DA:91,0
DA:93,0
DA:95,0
DA:96,0
DA:98,0
DA:100,0
DA:101,0
DA:105,0
DA:106,0
DA:107,0
DA:113,0
DA:114,0
DA:115,0
DA:117,0
DA:118,0
DA:119,0
DA:129,0
DA:130,0
DA:131,0
DA:133,0
DA:134,0
DA:135,0
DA:136,0
DA:138,0
DA:139,0
DA:144,0
DA:145,0
DA:146,0
DA:151,0
DA:154,0
DA:155,0
DA:157,0
DA:159,0
DA:160,0
DA:169,0
DA:171,0
DA:172,0
DA:186,0
DA:187,0
DA:188,0
DA:189,0
DA:190,0
DA:191,0
DA:192,0
DA:193,0
DA:194,0
DA:197,0
DA:198,0
DA:199,0
DA:203,0
DA:205,0
DA:206,0
DA:207,0
DA:208,0
DA:210,0
DA:211,0
DA:212,0
DA:217,0
DA:218,0
DA:219,0
DA:225,0
DA:227,0
DA:228,0
DA:229,0
DA:230,0
DA:232,0
DA:233,0
DA:234,0
DA:236,0
DA:240,0
DA:244,0
DA:245,0
DA:246,0
DA:247,0
DA:248,0
DA:249,0
DA:250,0
DA:251,0
DA:252,0
DA:254,0
DA:255,0
DA:259,0
DA:260,0
DA:264,0
DA:266,0
DA:267,0
DA:274,0
DA:275,0
DA:276,0
DA:277,0
DA:278,0
DA:279,0
DA:284,0
DA:285,0
DA:286,0
DA:287,0
DA:292,0
DA:293,0
DA:295,0
DA:296,0
DA:299,0
DA:301,0
DA:302,0
DA:308,0
DA:310,0
DA:311,0
DA:319,0
DA:320,0
DA:321,0
DA:322,0
DA:323,0
DA:324,0
LF:147
LH:0
end_of_record
SF:lib/presentation/onboarding_setup_flow_screen/widgets/focus_duration_step_widget.dart
DA:10,0
DA:16,0
DA:18,0
DA:27,0
DA:29,0
DA:30,0
DA:31,0
DA:34,0
DA:36,0
DA:38,0
DA:39,0
DA:41,0
DA:42,0
DA:48,0
DA:49,0
DA:51,0
DA:52,0
DA:58,0
DA:59,0
DA:61,0
DA:62,0
DA:67,0
DA:68,0
DA:69,0
DA:70,0
DA:71,0
DA:72,0
DA:73,0
DA:74,0
DA:79,0
DA:85,0
DA:86,0
DA:87,0
DA:88,0
DA:89,0
DA:90,0
DA:91,0
DA:93,0
DA:95,0
DA:97,0
DA:98,0
DA:100,0
DA:102,0
DA:103,0
DA:107,0
DA:108,0
DA:109,0
DA:115,0
DA:116,0
DA:117,0
DA:119,0
DA:120,0
DA:121,0
DA:131,0
DA:132,0
DA:133,0
DA:135,0
DA:136,0
DA:137,0
DA:138,0
DA:140,0
DA:141,0
DA:146,0
DA:147,0
DA:148,0
DA:153,0
DA:156,0
DA:157,0
DA:159,0
DA:161,0
DA:162,0
DA:171,0
DA:173,0
DA:174,0
DA:188,0
DA:189,0
DA:190,0
DA:191,0
DA:192,0
DA:193,0
DA:194,0
DA:195,0
DA:196,0
DA:199,0
DA:200,0
DA:201,0
DA:205,0
DA:207,0
DA:208,0
DA:209,0
DA:210,0
DA:212,0
DA:213,0
DA:214,0
DA:219,0
DA:220,0
DA:221,0
DA:227,0
DA:229,0
DA:230,0
DA:231,0
DA:232,0
DA:234,0
DA:235,0
DA:236,0
DA:238,0
DA:242,0
DA:246,0
DA:247,0
DA:248,0
DA:249,0
DA:250,0
DA:251,0
DA:252,0
DA:253,0
DA:254,0
DA:256,0
DA:257,0
DA:261,0
DA:262,0
DA:266,0
DA:268,0
DA:269,0
DA:276,0
DA:277,0
DA:278,0
DA:279,0
DA:280,0
DA:286,0
DA:287,0
DA:288,0
DA:289,0
DA:294,0
DA:295,0
DA:297,0
DA:298,0
DA:301,0
DA:303,0
DA:304,0
DA:310,0
DA:312,0
DA:313,0
DA:321,0
DA:322,0
DA:323,0
DA:324,0
DA:325,0
DA:326,0
LF:148
LH:0
end_of_record
SF:lib/presentation/onboarding_setup_flow_screen/widgets/ready_step_widget.dart
DA:11,0
DA:19,0
DA:21,0
DA:23,0
DA:25,0
DA:32,0
DA:34,0
DA:36,0
DA:37,0
DA:39,0
DA:40,0
DA:46,0
DA:47,0
DA:49,0
DA:50,0
DA:56,0
DA:57,0
DA:59,0
DA:60,0
DA:66,0
DA:68,0
DA:70,0
DA:71,0
DA:73,0
DA:74,0
DA:75,0
DA:76,0
DA:82,0
DA:83,0
DA:84,0
DA:87,0
DA:90,0
DA:91,0
DA:94,0
DA:97,0
DA:98,0
DA:99,0
DA:101,0
DA:104,0
DA:105,0
DA:108,0
DA:114,0
DA:115,0
DA:116,0
DA:117,0
DA:118,0
DA:119,0
DA:120,0
DA:121,0
DA:125,0
DA:126,0
DA:128,0
DA:129,0
DA:130,0
DA:132,0
DA:133,0
DA:147,0
DA:153,0
DA:154,0
DA:155,0
DA:156,0
DA:157,0
DA:158,0
DA:160,0
DA:161,0
DA:167,0
DA:169,0
DA:170,0
LF:68
LH:0
end_of_record
SF:lib/presentation/onboarding_setup_flow_screen/widgets/step_progress_indicator_widget.dart
DA:8,0
DA:14,0
DA:16,0
DA:18,0
DA:19,0
DA:21,0
DA:22,0
DA:23,0
DA:26,0
DA:33,0
DA:34,0
DA:35,0
DA:36,0
DA:38,0
DA:39,0
DA:40,0
DA:46,0
DA:47,0
DA:48,0
LF:19
LH:0
end_of_record
SF:lib/presentation/onboarding_welcome_screen/widgets/botanical_illustration_widget.dart
DA:5,1
DA:7,1
DA:9,1
DA:18,1
DA:20,1
DA:21,2
DA:24,1
DA:25,3
DA:26,2
DA:30,1
DA:32,2
DA:33,1
DA:36,1
DA:38,1
DA:39,1
DA:40,1
DA:41,3
DA:43,1
DA:44,1
DA:45,1
DA:46,1
DA:48,1
DA:49,1
DA:50,1
DA:51,1
DA:58,1
DA:60,1
DA:62,1
DA:64,1
DA:65,1
DA:66,1
DA:81,1
DA:82,1
DA:90,2
DA:91,1
DA:93,3
DA:94,2
DA:95,3
DA:96,2
DA:98,2
DA:100,1
DA:101,1
DA:103,3
DA:104,2
DA:105,1
DA:106,1
DA:107,1
DA:109,1
DA:110,1
DA:111,1
DA:112,1
DA:113,1
DA:114,1
DA:115,2
DA:116,1
LF:55
LH:55
end_of_record
SF:lib/presentation/onboarding_welcome_screen/widgets/get_started_button_widget.dart
DA:8,1
DA:10,1
DA:11,1
DA:19,1
DA:21,1
DA:22,2
DA:26,3
DA:27,2
DA:31,1
DA:33,2
DA:34,1
DA:37,1
DA:39,1
DA:40,1
DA:41,1
DA:42,3
DA:44,1
DA:45,0
DA:46,0
DA:47,0
DA:48,0
DA:50,0
DA:51,1
DA:53,1
DA:54,1
DA:56,1
DA:57,1
DA:58,1
DA:59,1
DA:66,1
DA:67,1
DA:69,1
DA:70,1
LF:33
LH:28
end_of_record
SF:lib/presentation/onboarding_welcome_screen/widgets/welcome_text_widget.dart
DA:6,1
DA:8,1
DA:10,1
DA:11,1
DA:12,1
DA:15,1
DA:16,1
DA:22,2
DA:23,1
DA:26,1
DA:27,1
DA:33,2
DA:34,1
DA:36,1
DA:37,1
DA:38,2
DA:39,1
DA:40,2
DA:41,1
DA:48,1
DA:49,1
DA:51,1
DA:53,1
DA:54,1
DA:55,1
DA:59,1
DA:61,1
DA:62,1
LF:28
LH:28
end_of_record
SF:lib/presentation/post_session_reflection_screen/widgets/mood_chip_widget.dart
DA:10,1
DA:18,1
DA:19,1
DA:27,1
DA:29,1
DA:30,2
DA:34,3
DA:35,2
DA:37,2
DA:40,0
DA:42,0
DA:43,0
DA:44,0
DA:45,0
DA:47,0
DA:52,1
DA:54,2
DA:55,1
DA:58,1
DA:60,1
DA:61,1
DA:62,1
DA:63,2
DA:64,1
DA:67,1
DA:68,2
DA:69,0
DA:71,1
DA:72,1
DA:73,2
DA:78,2
DA:79,0
DA:80,0
DA:81,0
DA:86,1
DA:88,1
DA:90,1
DA:91,3
DA:93,1
DA:94,2
DA:95,1
DA:97,2
DA:100,2
LF:43
LH:33
end_of_record
SF:lib/presentation/post_session_reflection_screen/widgets/reflection_prompt_widget.dart
DA:10,1
DA:17,1
DA:18,1
DA:27,1
DA:29,1
DA:30,2
DA:34,2
DA:35,1
DA:40,1
DA:42,2
DA:43,1
DA:46,0
DA:47,0
DA:48,0
DA:49,0
DA:51,0
DA:55,1
DA:57,1
DA:58,2
DA:59,1
DA:61,1
DA:63,1
DA:64,1
DA:65,1
DA:66,1
DA:68,1
DA:69,3
DA:70,1
DA:71,1
DA:72,1
DA:73,1
DA:74,2
DA:75,1
DA:82,1
DA:83,1
DA:95,1
DA:96,1
DA:97,1
DA:98,4
DA:99,1
DA:100,2
DA:102,1
DA:107,1
DA:108,2
DA:109,1
DA:115,1
DA:116,1
LF:47
LH:42
end_of_record
SF:lib/presentation/session_completion_screen/widgets/completion_action_buttons_widget.dart
DA:10,0
DA:16,0
DA:18,0
DA:20,0
DA:22,0
DA:24,0
DA:26,0
DA:27,0
DA:28,0
DA:29,0
DA:31,0
DA:34,0
DA:36,0
DA:37,0
DA:40,0
DA:42,0
DA:50,0
DA:52,0
DA:54,0
DA:55,0
DA:56,0
DA:57,0
DA:59,0
DA:63,0
DA:64,0
DA:70,0
DA:71,0
DA:74,0
DA:76,0
LF:29
LH:0
end_of_record
SF:lib/presentation/session_completion_screen/widgets/completion_message_widget.dart
DA:9,0
DA:15,0
DA:17,0
DA:26,0
DA:28,0
DA:29,0
DA:33,0
DA:36,0
DA:37,0
DA:40,0
DA:41,0
DA:44,0
DA:46,0
DA:47,0
DA:50,0
DA:51,0
DA:53,0
DA:59,0
DA:61,0
DA:69,0
DA:70,0
DA:71,0
DA:72,0
DA:73,0
DA:75,0
DA:77,0
DA:80,0
DA:81,0
DA:88,0
DA:89,0
DA:90,0
DA:92,0
DA:99,0
DA:100,0
DA:101,0
DA:102,0
LF:36
LH:0
end_of_record
SF:lib/presentation/session_completion_screen/widgets/session_dots_widget.dart
DA:8,0
DA:14,0
DA:15,0
DA:23,0
DA:25,0
DA:26,0
DA:30,0
DA:33,0
DA:34,0
DA:35,0
DA:39,0
DA:41,0
DA:42,0
DA:45,0
DA:47,0
DA:49,0
DA:50,0
DA:51,0
DA:53,0
DA:54,0
DA:56,0
DA:57,0
DA:58,0
DA:60,0
DA:66,0
DA:67,0
DA:71,0
DA:74,0
LF:28
LH:0
end_of_record
SF:lib/presentation/settings_screen/widgets/audio_preferences_section_widget.dart
DA:16,0
DA:27,0
DA:29,0
DA:30,0
DA:31,0
DA:32,0
DA:33,0
DA:34,0
DA:35,0
DA:36,0
DA:37,0
DA:39,0
DA:42,0
DA:43,0
DA:44,0
DA:46,0
DA:50,0
DA:54,0
DA:56,0
DA:57,0
DA:58,0
DA:60,0
DA:61,0
DA:62,0
DA:63,0
DA:64,0
DA:65,0
DA:66,0
DA:68,0
DA:69,0
DA:70,0
DA:75,0
DA:76,0
DA:77,0
DA:79,0
DA:80,0
DA:82,0
DA:89,0
DA:90,0
DA:91,0
DA:92,0
DA:93,0
DA:94,0
DA:100,0
DA:101,0
DA:103,0
DA:104,0
DA:105,0
DA:114,0
DA:116,0
DA:117,0
DA:118,0
DA:120,0
DA:121,0
DA:122,0
DA:123,0
DA:124,0
DA:126,0
DA:127,0
DA:128,0
DA:133,0
DA:134,0
DA:135,0
DA:137,0
DA:138,0
DA:140,0
DA:141,0
DA:143,0
DA:148,0
DA:149,0
DA:153,0
DA:154,0
DA:159,0
DA:160,0
DA:161,0
DA:162,0
DA:163,0
DA:164,0
LF:78
LH:0
end_of_record
SF:lib/presentation/settings_screen/widgets/settings_section_header_widget.dart
DA:6,0
DA:8,0
DA:10,0
DA:11,0
DA:12,0
DA:13,0
DA:14,0
LF:7
LH:0
end_of_record
SF:lib/presentation/settings_screen/widgets/timer_duration_section_widget.dart
DA:15,0
DA:25,0
DA:27,0
DA:28,0
DA:29,0
DA:30,0
DA:31,0
DA:36,0
DA:37,0
DA:40,0
DA:45,0
DA:46,0
DA:49,0
DA:54,0
DA:55,0
DA:63,0
DA:72,0
DA:73,0
DA:74,0
DA:76,0
DA:77,0
DA:78,0
DA:79,0
DA:80,0
DA:81,0
DA:83,0
DA:86,0
DA:87,0
DA:88,0
DA:90,0
DA:94,0
DA:95,0
DA:96,0
DA:97,0
DA:101,0
DA:102,0
DA:104,0
DA:112,0
DA:114,0
DA:115,0
DA:116,0
LF:41
LH:0
end_of_record
SF:lib/presentation/settings_screen/widgets/vibration_settings_section_widget.dart
DA:13,0
DA:21,0
DA:23,0
DA:24,0
DA:25,0
DA:26,0
DA:27,0
DA:28,0
DA:29,0
DA:30,0
DA:31,0
DA:33,0
DA:36,0
DA:37,0
DA:38,0
DA:40,0
DA:41,0
DA:43,0
DA:46,0
DA:48,0
DA:54,0
DA:58,0
DA:60,0
DA:61,0
DA:62,0
DA:64,0
DA:65,0
DA:66,0
DA:67,0
DA:68,0
DA:70,0
DA:71,0
DA:72,0
DA:77,0
DA:78,0
DA:79,0
DA:81,0
DA:82,0
DA:84,0
DA:85,0
DA:87,0
DA:93,0
DA:95,0
DA:96,0
DA:98,0
DA:107,0
DA:108,0
DA:109,0
DA:110,0
LF:49
LH:0
end_of_record
SF:lib/presentation/statistics_screen/widgets/achievement_badges_widget.dart
DA:11,1
DA:13,1
DA:15,1
DA:23,1
DA:25,1
DA:26,2
DA:30,2
DA:31,1
DA:34,2
DA:37,1
DA:39,2
DA:40,1
DA:43,1
DA:45,1
DA:46,1
DA:49,1
DA:51,1
DA:52,1
DA:55,3
DA:56,1
DA:57,3
DA:58,1
DA:59,2
DA:61,1
DA:62,1
DA:63,1
DA:64,3
DA:65,1
DA:67,1
DA:68,0
DA:69,1
DA:70,1
DA:72,1
DA:73,0
DA:76,1
DA:77,1
DA:78,1
DA:79,1
DA:82,0
DA:87,2
DA:88,1
DA:89,1
DA:92,1
DA:93,1
DA:94,1
DA:95,3
DA:98,2
DA:99,0
DA:102,1
DA:107,1
DA:108,1
DA:109,3
DA:111,2
DA:112,0
DA:115,1
LF:55
LH:50
end_of_record
SF:lib/presentation/statistics_screen/widgets/bar_chart_widget.dart
DA:9,1
DA:11,1
DA:12,1
DA:18,1
DA:20,1
DA:21,3
DA:23,4
DA:25,2
DA:27,1
DA:29,1
DA:30,2
DA:31,1
DA:32,1
DA:33,1
DA:34,1
DA:35,1
DA:36,1
DA:42,1
DA:44,1
DA:45,1
DA:47,1
DA:48,1
DA:49,3
DA:52,0
DA:53,0
DA:54,0
DA:55,0
DA:56,0
DA:63,0
DA:64,0
DA:65,0
DA:69,1
DA:71,1
DA:72,1
DA:74,1
DA:75,1
DA:76,5
DA:79,1
DA:81,1
DA:82,4
DA:83,1
DA:84,1
DA:85,2
DA:93,1
DA:94,1
DA:97,1
DA:98,2
DA:99,1
DA:100,2
DA:101,1
DA:102,1
DA:103,2
DA:116,1
DA:119,1
DA:120,2
DA:122,1
DA:123,5
DA:124,2
DA:125,1
DA:127,1
DA:128,1
DA:129,5
DA:131,0
DA:132,2
DA:133,1
LF:65
LH:56
end_of_record
SF:lib/presentation/statistics_screen/widgets/empty_state_widget.dart
DA:8,1
DA:10,1
DA:12,1
DA:13,1
DA:14,1
DA:15,2
DA:16,1
DA:18,1
DA:19,1
DA:21,3
DA:24,2
DA:25,1
DA:27,3
DA:29,2
DA:32,2
DA:33,1
DA:35,3
DA:36,2
DA:40,2
DA:41,1
DA:42,0
DA:43,0
LF:22
LH:20
end_of_record
SF:lib/presentation/statistics_screen/widgets/line_chart_widget.dart
DA:9,1
DA:11,1
DA:12,1
DA:16,1
DA:18,1
DA:19,3
DA:21,4
DA:23,2
DA:25,1
DA:27,1
DA:28,5
DA:29,1
DA:30,1
DA:31,1
DA:32,1
DA:33,1
DA:34,1
DA:40,1
DA:42,1
DA:43,1
DA:46,1
DA:47,1
DA:48,3
DA:51,0
DA:52,0
DA:53,0
DA:54,0
DA:55,0
DA:57,0
DA:58,0
DA:59,0
DA:60,0
DA:65,0
DA:69,1
DA:70,1
DA:71,1
DA:74,1
DA:75,1
DA:76,5
DA:79,1
DA:81,1
DA:82,4
DA:83,1
DA:84,1
DA:85,2
DA:92,1
DA:93,1
DA:96,1
DA:97,2
DA:98,1
DA:99,2
DA:100,1
DA:101,1
DA:102,2
DA:115,1
DA:118,1
DA:119,2
DA:121,1
DA:122,1
DA:123,1
DA:124,1
DA:125,3
DA:126,2
DA:127,1
DA:128,5
DA:132,2
DA:135,1
DA:137,1
DA:138,1
DA:140,2
DA:142,1
DA:145,1
DA:147,3
LF:73
LH:63
end_of_record
SF:lib/presentation/statistics_screen/widgets/reflections_section_widget.dart
DA:6,1
DA:10,1
DA:12,1
DA:14,1
DA:16,1
DA:17,1
DA:19,3
DA:23,2
DA:24,1
DA:26,2
DA:27,1
DA:28,1
DA:29,1
DA:30,1
DA:31,1
DA:32,1
DA:38,1
DA:40,1
DA:41,1
DA:42,3
DA:43,3
DA:47,2
DA:48,1
DA:50,3
DA:54,2
DA:55,3
DA:56,0
DA:58,0
DA:61,1
DA:62,1
DA:63,1
DA:64,2
DA:65,1
DA:66,2
DA:67,1
DA:68,6
DA:72,1
LF:37
LH:35
end_of_record
SF:lib/presentation/statistics_screen/widgets/segment_control_widget.dart
DA:8,1
DA:14,1
DA:16,1
DA:17,1
DA:19,1
DA:20,1
DA:21,1
DA:22,2
DA:23,1
DA:24,2
DA:26,1
DA:27,3
DA:28,2
DA:29,1
DA:30,1
DA:31,0
DA:32,1
DA:35,1
DA:37,2
DA:39,1
DA:42,1
DA:43,1
DA:44,3
DA:46,2
DA:47,2
DA:49,1
LF:26
LH:25
end_of_record
SF:lib/presentation/statistics_screen/widgets/summary_cards_widget.dart
DA:12,1
DA:19,1
DA:20,1
DA:21,1
DA:22,2
DA:25,1
DA:27,1
DA:28,1
DA:29,1
DA:30,1
DA:31,1
DA:33,2
DA:36,2
DA:39,2
DA:40,1
DA:41,1
DA:43,2
DA:49,2
DA:50,1
DA:51,1
DA:53,2
DA:71,1
DA:79,1
DA:81,1
DA:82,1
DA:83,3
DA:84,1
DA:85,1
DA:86,1
DA:87,1
DA:88,1
DA:89,1
DA:95,1
DA:97,1
DA:98,3
DA:99,2
DA:100,1
DA:101,1
DA:102,3
DA:104,1
DA:105,1
DA:110,1
DA:111,1
DA:112,3
DA:113,2
LF:45
LH:45
end_of_record
SF:lib/presentation/statistics_screen/widgets/weekly_goal_widget.dart
DA:11,1
DA:19,1
DA:21,1
DA:22,4
DA:23,3
DA:25,1
DA:26,2
DA:27,1
DA:28,1
DA:29,1
DA:30,1
DA:31,1
DA:32,1
DA:38,1
DA:39,1
DA:40,1
DA:41,1
DA:42,1
DA:43,1
DA:45,3
DA:46,1
DA:47,1
DA:50,1
DA:51,1
DA:52,1
DA:53,1
DA:54,2
DA:55,1
DA:58,1
DA:59,2
DA:60,1
DA:61,1
DA:69,2
DA:70,1
DA:71,1
DA:73,1
DA:74,1
DA:75,1
DA:76,1
DA:78,3
DA:83,1
DA:84,1
DA:85,2
DA:87,1
DA:93,2
DA:94,1
DA:95,3
DA:96,3
DA:97,2
DA:101,2
DA:102,1
DA:103,1
DA:105,1
DA:106,3
DA:107,2
DA:112,1
DA:113,0
DA:114,0
DA:116,0
DA:117,0
DA:126,1
DA:127,3
DA:128,3
DA:130,2
LF:64
LH:60
end_of_record
SF:lib/state/tasks/task_providers.dart
DA:5,3
DA:7,0
DA:8,0
DA:9,0
LF:4
LH:1
end_of_record
SF:lib/presentation/tasks_screen/widgets/add_task_sheet_widget.dart
DA:10,0
DA:16,0
DA:17,0
DA:35,0
DA:37,0
DA:38,0
DA:39,0
DA:41,0
DA:42,0
DA:44,0
DA:45,0
DA:46,0
DA:47,0
DA:50,0
DA:52,0
DA:53,0
DA:54,0
DA:57,0
DA:58,0
DA:59,0
DA:60,0
DA:61,0
DA:62,0
DA:64,0
DA:65,0
DA:66,0
DA:67,0
DA:68,0
DA:69,0
DA:71,0
DA:74,0
DA:78,0
DA:79,0
DA:80,0
DA:81,0
DA:82,0
DA:84,0
DA:85,0
DA:87,0
DA:89,0
DA:90,0
DA:91,0
DA:93,0
DA:95,0
DA:96,0
DA:97,0
DA:98,0
DA:99,0
DA:100,0
DA:103,0
DA:104,0
DA:105,0
DA:106,0
DA:111,0
DA:112,0
DA:114,0
DA:115,0
DA:116,0
DA:118,0
DA:119,0
DA:121,0
DA:123,0
DA:124,0
DA:125,0
DA:127,0
DA:129,0
DA:130,0
DA:131,0
DA:132,0
DA:133,0
DA:134,0
DA:135,0
DA:140,0
DA:143,0
DA:145,0
DA:146,0
DA:149,0
DA:151,0
DA:152,0
DA:154,0
DA:157,0
DA:158,0
DA:159,0
DA:160,0
DA:166,0
DA:168,0
DA:170,0
DA:171,0
DA:172,0
DA:173,0
DA:176,0
DA:177,0
DA:178,0
DA:181,0
DA:182,0
DA:183,0
DA:187,0
DA:188,0
DA:190,0
DA:196,0
DA:198,0
DA:199,0
DA:202,0
DA:207,0
DA:209,0
DA:211,0
DA:219,0
DA:220,0
DA:223,0
DA:224,0
DA:227,0
DA:228,0
DA:229,0
DA:230,0
DA:234,0
DA:235,0
DA:241,0
DA:242,0
DA:249,0
DA:254,0
DA:256,0
DA:257,0
DA:259,0
DA:264,0
DA:266,0
DA:268,0
DA:276,0
DA:277,0
DA:280,0
DA:281,0
DA:284,0
DA:285,0
DA:286,0
DA:287,0
DA:294,0
DA:296,0
DA:298,0
DA:304,0
DA:305,0
DA:310,0
DA:312,0
DA:314,0
DA:315,0
DA:316,0
DA:317,0
DA:318,0
DA:320,0
DA:323,0
DA:324,0
DA:325,0
DA:329,0
DA:332,0
DA:334,0
DA:338,0
DA:339,0
DA:341,0
DA:342,0
DA:343,0
DA:353,0
DA:354,0
DA:355,0
DA:357,0
DA:360,0
DA:361,0
DA:362,0
DA:366,0
DA:369,0
DA:371,0
DA:378,0
DA:379,0
DA:384,0
DA:386,0
DA:388,0
DA:389,0
DA:390,0
DA:393,0
DA:395,0
DA:401,0
DA:402,0
DA:403,0
DA:408,0
DA:409,0
DA:413,0
DA:415,0
DA:416,0
DA:418,0
DA:424,0
DA:425,0
DA:426,0
DA:427,0
DA:428,0
DA:430,0
DA:431,0
DA:432,0
DA:439,0
DA:440,0
DA:443,0
DA:445,0
DA:451,0
DA:452,0
DA:453,0
DA:458,0
DA:459,0
DA:466,0
DA:468,0
DA:469,0
DA:470,0
DA:473,0
DA:475,0
DA:476,0
DA:477,0
DA:478,0
DA:484,0
DA:487,0
DA:495,0
LF:215
LH:0
end_of_record
SF:lib/presentation/tasks_screen/widgets/task_item_widget.dart
DA:15,0
DA:25,0
DA:26,0
DA:41,0
DA:43,0
DA:44,0
DA:48,0
DA:49,0
DA:51,0
DA:52,0
DA:56,0
DA:58,0
DA:59,0
DA:62,0
DA:63,0
DA:64,0
DA:65,0
DA:67,0
DA:69,0
DA:72,0
DA:74,0
DA:75,0
DA:76,0
DA:77,0
DA:78,0
DA:79,0
DA:80,0
DA:81,0
DA:82,0
DA:83,0
DA:85,0
DA:86,0
DA:87,0
DA:88,0
DA:91,0
DA:92,0
DA:93,0
DA:94,0
DA:95,0
DA:96,0
DA:98,0
DA:99,0
DA:102,0
DA:103,0
DA:105,0
DA:106,0
DA:107,0
DA:108,0
DA:109,0
DA:110,0
DA:121,0
DA:122,0
DA:123,0
DA:124,0
DA:125,0
DA:126,0
DA:130,0
DA:138,0
DA:139,0
DA:140,0
DA:141,0
DA:142,0
DA:144,0
DA:146,0
DA:148,0
DA:150,0
DA:151,0
DA:154,0
DA:155,0
DA:156,0
DA:157,0
DA:163,0
DA:164,0
DA:166,0
DA:168,0
DA:169,0
DA:170,0
DA:174,0
DA:177,0
DA:180,0
DA:185,0
DA:186,0
DA:196,0
DA:198,0
DA:199,0
DA:201,0
DA:202,0
DA:203,0
DA:204,0
DA:218,0
DA:219,0
DA:220,0
DA:221,0
DA:222,0
DA:223,0
DA:224,0
DA:233,0
DA:234,0
DA:235,0
DA:236,0
DA:238,0
DA:241,0
DA:243,0
DA:244,0
DA:246,0
DA:250,0
DA:252,0
DA:254,0
DA:256,0
DA:263,0
DA:264,0
DA:265,0
DA:266,0
DA:280,0
DA:281,0
DA:282,0
DA:283,0
DA:284,0
DA:293,0
DA:294,0
DA:295,0
DA:296,0
DA:297,0
DA:309,0
DA:318,0
DA:320,0
DA:321,0
DA:324,0
DA:330,0
DA:333,0
DA:351,0
DA:352,0
LF:132
LH:0
end_of_record
SF:lib/presentation/tasks_screen/widgets/tasks_empty_state_widget.dart
DA:8,1
DA:14,1
DA:16,1
DA:17,1
DA:18,2
DA:19,1
DA:21,1
DA:22,2
DA:23,2
DA:24,1
DA:26,1
DA:33,2
DA:34,1
DA:36,1
DA:44,2
DA:45,1
DA:46,1
DA:47,1
DA:52,1
DA:54,1
DA:55,1
DA:56,1
DA:57,1
DA:63,1
DA:65,1
LF:25
LH:25
end_of_record
